================================================================
  Vivado(TM) HLS - High-Level Synthesis from C, C++ and SystemC
  Version: 2013.3
  Build date: Wed Oct 16 18:12:55 PM 2013
  Copyright (C) 2013 Xilinx Inc. All rights reserved.
================================================================
@I [LIC-101] Checked out feature [HLS]
@I [HLS-10] Running '/home/raghu/work/tools/xilinx/Vivado_HLS/2013.3/bin/unwrapped/lnx64.o/vivado_hls'
            for user 'raghu' on host 'raghu-office' (Linux_x86_64 version 3.11.0-17-generic) on Tue May 27 16:49:12 PDT 2014
            in directory '/home/raghu/work/projects/matrixMultiply/hls'
@I [HLS-10] Opening project '/home/raghu/work/projects/matrixMultiply/hls/mmult'.
@I [HLS-10] Opening solution '/home/raghu/work/projects/matrixMultiply/hls/mmult/solution1'.
@I [SYN-201] Setting up clock 'default' with a period of 10ns.
@I [HLS-10] Setting target device to 'xc7z045ffg900-1'
@I [HLS-10] Analyzing design file 'mmult/mmult_top.cpp' ... 
@I [HLS-10] Validating synthesis directives ...
@I [HLS-10] Checking synthesizability ...
@W [SYNCHK-23] mmult/mmult_top.cpp:46: variable-indexed range selection may cause suboptimal QoR.
@I [SYNCHK-10] 0 error(s), 1 warning(s).
@I [HLS-10] Starting code transformations ...
@I [XFORM-501] Unrolling loop 'Loop-1.2' (mmult/mmult_top.cpp:51) in function 'mmult_top' completely.
@W [XFORM-505] Pipeline directive for loop 'Loop-1.2' (mmult/mmult_top.cpp:51) in function 'mmult_top' has been removed because the loop is unrolled completely.
@W [XFORM-104] Completely partitioning array 'arow' (mmult/mmult_top.cpp:29) accessed through non-constant indices on dimension 1 (mmult/mmult_top.cpp:46), which may result in long runtime and suboptimal QoR due to large multiplexers. Please consider wrapping the array access into a function or using a register file core instead.
@I [XFORM-101] Partitioning array 'arow' (mmult/mmult_top.cpp:29) in dimension 1 completely.
@W [XFORM-104] Completely partitioning array 'brow' (mmult/mmult_top.cpp:29) accessed through non-constant indices on dimension 1 (mmult/mmult_top.cpp:47), which may result in long runtime and suboptimal QoR due to large multiplexers. Please consider wrapping the array access into a function or using a register file core instead.
@I [XFORM-101] Partitioning array 'brow' (mmult/mmult_top.cpp:29) in dimension 1 completely.
@W [XFORM-104] Completely partitioning array 'crow' (mmult/mmult_top.cpp:29) accessed through non-constant indices on dimension 1 (mmult/mmult_top.cpp:62:130), which may result in long runtime and suboptimal QoR due to large multiplexers. Please consider wrapping the array access into a function or using a register file core instead.
@I [XFORM-101] Partitioning array 'crow' (mmult/mmult_top.cpp:29) in dimension 1 completely.
@I [HLS-111] Elapsed time: 7.49 seconds; current memory usage: 73.2 MB.
@I [HLS-10] Starting hardware synthesis ...
@I [HLS-10] Synthesizing 'mmult_top' ...
@I [HLS-10] ----------------------------------------------------------------
@I [HLS-10] -- Scheduling module 'mmult_top' 
@I [HLS-10] ----------------------------------------------------------------
@I [SCHED-11] Starting scheduling ...
@I [SCHED-11] Finished scheduling.
@I [HLS-111] Elapsed time: 5.18 seconds; current memory usage: 82.2 MB.
@I [HLS-10] ----------------------------------------------------------------
@I [HLS-10] -- Exploring micro-architecture for module 'mmult_top' 
@I [HLS-10] ----------------------------------------------------------------
@I [BIND-100] Starting micro-architecture generation ...
@I [BIND-101] Performing variable lifetime analysis.
@I [BIND-101] Exploring resource sharing.
@I [BIND-101] Binding ...
@I [BIND-100] Finished micro-architecture generation.
@I [HLS-111] Elapsed time: 0.34 seconds; current memory usage: 85.3 MB.
@I [HLS-10] ----------------------------------------------------------------
@I [HLS-10] -- Generating RTL for module 'mmult_top' 
@I [HLS-10] ----------------------------------------------------------------
@I [RTGEN-500] Setting interface mode on port 'mmult_top/a' to 'ap_bus'.
@I [RTGEN-500] Setting interface mode on port 'mmult_top/b' to 'ap_bus'.
@I [RTGEN-500] Setting interface mode on port 'mmult_top/c' to 'ap_bus'.
@I [RTGEN-500] Setting interface mode on function 'mmult_top' to 'ap_ctrl_hs'.
@W [RTGEN-101] Setting dangling out port 'mmult_top/a_dataout' to 0.
@W [RTGEN-101] Setting dangling out port 'mmult_top/b_dataout' to 0.
@I [RTGEN-100] Generating core module 'mmult_top_mul_32s_32s_32_6': 64 instance(s).
@I [RTGEN-100] Finished creating RTL model for 'mmult_top'.
@I [HLS-111] Elapsed time: 0.74 seconds; current memory usage: 88.5 MB.
@I [RTMG-282] Generating pipelined core: 'mmult_top_mul_32s_32s_32_6_MulnS_0'
@I [HLS-10] Finished generating all RTL models.
@I [WSYSC-301] Generating RTL SystemC for 'mmult_top'.
@I [WVHDL-304] Generating RTL VHDL for 'mmult_top'.
@I [WVLOG-307] Generating RTL Verilog for 'mmult_top'.
@I [IMPL-8] Exporting RTL as an IP in IP-XACT.

****** Vivado v2013.3 (64-bit)
  **** SW Build 329390 on Wed Oct 16 18:26:55 MDT 2013
  **** IP Build 192953 on Wed Oct 16 08:44:02 MDT 2013
    ** Copyright 1986-1999, 2001-2013 Xilinx, Inc. All Rights Reserved.

INFO: [Common 17-78] Attempting to get a license: Implementation
INFO: [Common 17-81] Feature available: Implementation
INFO: [Device 21-36] Loading parts and site information from /home/raghu/work/tools/xilinx/Vivado/2013.3/data/parts/arch.xml
Parsing RTL primitives file [/home/raghu/work/tools/xilinx/Vivado/2013.3/data/parts/xilinx/rtl/prims/rtl_prims.xml]
Finished parsing RTL primitives file [/home/raghu/work/tools/xilinx/Vivado/2013.3/data/parts/xilinx/rtl/prims/rtl_prims.xml]
source run_ippack.tcl -notrace
INFO: [Common 17-206] Exiting Vivado at Tue May 27 16:50:21 2014...
@I [HLS-112] Total elapsed time: 91.939 seconds; peak memory usage: 88.5 MB.
@I [LIC-101] Checked in feature [HLS]
