

================================================================
== Vivado HLS Report for 'mmult_top'
================================================================
* Date:           Wed May 28 19:04:55 2014

* Version:        2013.3 (build date: Wed Oct 16 18:12:55 PM 2013)
* Project:        mmult
* Solution:       solution1
* Product family: zynq zynq_fpv6 
* Target device:  xc7z045ffg900-1


================================================================
== Performance Estimates
================================================================
+ Timing (ns): 
    * Summary: 
    +---------+-------+----------+------------+
    |  Clock  | Target| Estimated| Uncertainty|
    +---------+-------+----------+------------+
    |default  |  10.00|      8.75|        1.25|
    +---------+-------+----------+------------+

+ Latency (clock cycles): 
    * Summary: 
    +--------+--------+--------+--------+---------+
    |     Latency     |     Interval    | Pipeline|
    |   min  |   max  |   min  |   max  |   Type  |
    +--------+--------+--------+--------+---------+
    |  578817|  578817|  578818|  578818|   none  |
    +--------+--------+--------+--------+---------+

    + Detail: 
        * Instance: 
        N/A

        * Loop: 
        +---------------------+--------+--------+----------+-----------+-----------+------+----------+
        |                     |     Latency     | Iteration|  Initiation Interval  | Trip |          |
        |      Loop Name      |   min  |   max  |  Latency |  achieved |   target  | Count| Pipelined|
        +---------------------+--------+--------+----------+-----------+-----------+------+----------+
        |- Loop 1             |  578816|  578816|      9044|          -|          -|    64|    no    |
        | + Loop 1.1          |     192|     192|        24|          -|          -|     8|    no    |
        |  ++ Loop 1.1.1      |      16|      16|         2|          -|          -|     8|    no    |
        | + Loop 1.2          |    8704|    8704|       136|          -|          -|    64|    no    |
        |  ++ Loop 1.2.1      |     128|     128|        16|          -|          -|     8|    no    |
        |   +++ Loop 1.2.1.1  |       8|       8|         1|          -|          -|     8|    no    |
        | + Loop 1.3          |     144|     144|        18|          -|          -|     8|    no    |
        |  ++ Loop 1.3.1      |      16|      16|         2|          -|          -|     8|    no    |
        +---------------------+--------+--------+----------+-----------+-----------+------+----------+



================================================================
== Utilization Estimates
================================================================
* Summary: 
+-----------------+---------+-------+--------+--------+
|       Name      | BRAM_18K| DSP48E|   FF   |   LUT  |
+-----------------+---------+-------+--------+--------+
|Expression       |        -|      -|       0|    2227|
|FIFO             |        -|      -|       -|       -|
|Instance         |        -|    256|    2880|    1344|
|Memory           |        -|      -|       -|       -|
|Multiplexer      |        -|      -|       -|    9918|
|Register         |        -|      -|   17688|       -|
|ShiftMemory      |        -|      -|       -|       -|
+-----------------+---------+-------+--------+--------+
|Total            |        0|    256|   20568|   13489|
+-----------------+---------+-------+--------+--------+
|Available        |     1090|    900|  437200|  218600|
+-----------------+---------+-------+--------+--------+
|Utilization (%)  |        0|     28|       4|       6|
+-----------------+---------+-------+--------+--------+

+ Detail: 
    * Instance: 
    +--------------------------------+----------------------------+---------+-------+----+----+
    |            Instance            |           Module           | BRAM_18K| DSP48E| FF | LUT|
    +--------------------------------+----------------------------+---------+-------+----+----+
    |mmult_top_mul_32s_32s_32_6_U1   |mmult_top_mul_32s_32s_32_6  |        0|      4|  45|  21|
    |mmult_top_mul_32s_32s_32_6_U2   |mmult_top_mul_32s_32s_32_6  |        0|      4|  45|  21|
    |mmult_top_mul_32s_32s_32_6_U3   |mmult_top_mul_32s_32s_32_6  |        0|      4|  45|  21|
    |mmult_top_mul_32s_32s_32_6_U4   |mmult_top_mul_32s_32s_32_6  |        0|      4|  45|  21|
    |mmult_top_mul_32s_32s_32_6_U5   |mmult_top_mul_32s_32s_32_6  |        0|      4|  45|  21|
    |mmult_top_mul_32s_32s_32_6_U6   |mmult_top_mul_32s_32s_32_6  |        0|      4|  45|  21|
    |mmult_top_mul_32s_32s_32_6_U7   |mmult_top_mul_32s_32s_32_6  |        0|      4|  45|  21|
    |mmult_top_mul_32s_32s_32_6_U8   |mmult_top_mul_32s_32s_32_6  |        0|      4|  45|  21|
    |mmult_top_mul_32s_32s_32_6_U9   |mmult_top_mul_32s_32s_32_6  |        0|      4|  45|  21|
    |mmult_top_mul_32s_32s_32_6_U10  |mmult_top_mul_32s_32s_32_6  |        0|      4|  45|  21|
    |mmult_top_mul_32s_32s_32_6_U11  |mmult_top_mul_32s_32s_32_6  |        0|      4|  45|  21|
    |mmult_top_mul_32s_32s_32_6_U12  |mmult_top_mul_32s_32s_32_6  |        0|      4|  45|  21|
    |mmult_top_mul_32s_32s_32_6_U13  |mmult_top_mul_32s_32s_32_6  |        0|      4|  45|  21|
    |mmult_top_mul_32s_32s_32_6_U14  |mmult_top_mul_32s_32s_32_6  |        0|      4|  45|  21|
    |mmult_top_mul_32s_32s_32_6_U15  |mmult_top_mul_32s_32s_32_6  |        0|      4|  45|  21|
    |mmult_top_mul_32s_32s_32_6_U16  |mmult_top_mul_32s_32s_32_6  |        0|      4|  45|  21|
    |mmult_top_mul_32s_32s_32_6_U17  |mmult_top_mul_32s_32s_32_6  |        0|      4|  45|  21|
    |mmult_top_mul_32s_32s_32_6_U18  |mmult_top_mul_32s_32s_32_6  |        0|      4|  45|  21|
    |mmult_top_mul_32s_32s_32_6_U19  |mmult_top_mul_32s_32s_32_6  |        0|      4|  45|  21|
    |mmult_top_mul_32s_32s_32_6_U20  |mmult_top_mul_32s_32s_32_6  |        0|      4|  45|  21|
    |mmult_top_mul_32s_32s_32_6_U21  |mmult_top_mul_32s_32s_32_6  |        0|      4|  45|  21|
    |mmult_top_mul_32s_32s_32_6_U22  |mmult_top_mul_32s_32s_32_6  |        0|      4|  45|  21|
    |mmult_top_mul_32s_32s_32_6_U23  |mmult_top_mul_32s_32s_32_6  |        0|      4|  45|  21|
    |mmult_top_mul_32s_32s_32_6_U24  |mmult_top_mul_32s_32s_32_6  |        0|      4|  45|  21|
    |mmult_top_mul_32s_32s_32_6_U25  |mmult_top_mul_32s_32s_32_6  |        0|      4|  45|  21|
    |mmult_top_mul_32s_32s_32_6_U26  |mmult_top_mul_32s_32s_32_6  |        0|      4|  45|  21|
    |mmult_top_mul_32s_32s_32_6_U27  |mmult_top_mul_32s_32s_32_6  |        0|      4|  45|  21|
    |mmult_top_mul_32s_32s_32_6_U28  |mmult_top_mul_32s_32s_32_6  |        0|      4|  45|  21|
    |mmult_top_mul_32s_32s_32_6_U29  |mmult_top_mul_32s_32s_32_6  |        0|      4|  45|  21|
    |mmult_top_mul_32s_32s_32_6_U30  |mmult_top_mul_32s_32s_32_6  |        0|      4|  45|  21|
    |mmult_top_mul_32s_32s_32_6_U31  |mmult_top_mul_32s_32s_32_6  |        0|      4|  45|  21|
    |mmult_top_mul_32s_32s_32_6_U32  |mmult_top_mul_32s_32s_32_6  |        0|      4|  45|  21|
    |mmult_top_mul_32s_32s_32_6_U33  |mmult_top_mul_32s_32s_32_6  |        0|      4|  45|  21|
    |mmult_top_mul_32s_32s_32_6_U34  |mmult_top_mul_32s_32s_32_6  |        0|      4|  45|  21|
    |mmult_top_mul_32s_32s_32_6_U35  |mmult_top_mul_32s_32s_32_6  |        0|      4|  45|  21|
    |mmult_top_mul_32s_32s_32_6_U36  |mmult_top_mul_32s_32s_32_6  |        0|      4|  45|  21|
    |mmult_top_mul_32s_32s_32_6_U37  |mmult_top_mul_32s_32s_32_6  |        0|      4|  45|  21|
    |mmult_top_mul_32s_32s_32_6_U38  |mmult_top_mul_32s_32s_32_6  |        0|      4|  45|  21|
    |mmult_top_mul_32s_32s_32_6_U39  |mmult_top_mul_32s_32s_32_6  |        0|      4|  45|  21|
    |mmult_top_mul_32s_32s_32_6_U40  |mmult_top_mul_32s_32s_32_6  |        0|      4|  45|  21|
    |mmult_top_mul_32s_32s_32_6_U41  |mmult_top_mul_32s_32s_32_6  |        0|      4|  45|  21|
    |mmult_top_mul_32s_32s_32_6_U42  |mmult_top_mul_32s_32s_32_6  |        0|      4|  45|  21|
    |mmult_top_mul_32s_32s_32_6_U43  |mmult_top_mul_32s_32s_32_6  |        0|      4|  45|  21|
    |mmult_top_mul_32s_32s_32_6_U44  |mmult_top_mul_32s_32s_32_6  |        0|      4|  45|  21|
    |mmult_top_mul_32s_32s_32_6_U45  |mmult_top_mul_32s_32s_32_6  |        0|      4|  45|  21|
    |mmult_top_mul_32s_32s_32_6_U46  |mmult_top_mul_32s_32s_32_6  |        0|      4|  45|  21|
    |mmult_top_mul_32s_32s_32_6_U47  |mmult_top_mul_32s_32s_32_6  |        0|      4|  45|  21|
    |mmult_top_mul_32s_32s_32_6_U48  |mmult_top_mul_32s_32s_32_6  |        0|      4|  45|  21|
    |mmult_top_mul_32s_32s_32_6_U49  |mmult_top_mul_32s_32s_32_6  |        0|      4|  45|  21|
    |mmult_top_mul_32s_32s_32_6_U50  |mmult_top_mul_32s_32s_32_6  |        0|      4|  45|  21|
    |mmult_top_mul_32s_32s_32_6_U51  |mmult_top_mul_32s_32s_32_6  |        0|      4|  45|  21|
    |mmult_top_mul_32s_32s_32_6_U52  |mmult_top_mul_32s_32s_32_6  |        0|      4|  45|  21|
    |mmult_top_mul_32s_32s_32_6_U53  |mmult_top_mul_32s_32s_32_6  |        0|      4|  45|  21|
    |mmult_top_mul_32s_32s_32_6_U54  |mmult_top_mul_32s_32s_32_6  |        0|      4|  45|  21|
    |mmult_top_mul_32s_32s_32_6_U55  |mmult_top_mul_32s_32s_32_6  |        0|      4|  45|  21|
    |mmult_top_mul_32s_32s_32_6_U56  |mmult_top_mul_32s_32s_32_6  |        0|      4|  45|  21|
    |mmult_top_mul_32s_32s_32_6_U57  |mmult_top_mul_32s_32s_32_6  |        0|      4|  45|  21|
    |mmult_top_mul_32s_32s_32_6_U58  |mmult_top_mul_32s_32s_32_6  |        0|      4|  45|  21|
    |mmult_top_mul_32s_32s_32_6_U59  |mmult_top_mul_32s_32s_32_6  |        0|      4|  45|  21|
    |mmult_top_mul_32s_32s_32_6_U60  |mmult_top_mul_32s_32s_32_6  |        0|      4|  45|  21|
    |mmult_top_mul_32s_32s_32_6_U61  |mmult_top_mul_32s_32s_32_6  |        0|      4|  45|  21|
    |mmult_top_mul_32s_32s_32_6_U62  |mmult_top_mul_32s_32s_32_6  |        0|      4|  45|  21|
    |mmult_top_mul_32s_32s_32_6_U63  |mmult_top_mul_32s_32s_32_6  |        0|      4|  45|  21|
    |mmult_top_mul_32s_32s_32_6_U64  |mmult_top_mul_32s_32s_32_6  |        0|      4|  45|  21|
    +--------------------------------+----------------------------+---------+-------+----+----+
    |Total                           |                            |        0|    256|2880|1344|
    +--------------------------------+----------------------------+---------+-------+----+----+

    * Memory: 
    N/A

    * FIFO: 
    N/A

    * Shift register: 
    N/A

    * Expression: 
    +------------------------------+----------+-------+---+----+------------+------------+
    |         Variable Name        | Operation| DSP48E| FF| LUT| Bitwidth P0| Bitwidth P1|
    +------------------------------+----------+-------+---+----+------------+------------+
    |crow_0_fu_18639_p2            |     +    |      0|  0|  32|          32|          32|
    |crow_10_31_fu_18699_p2        |     +    |      0|  0|  32|          32|          32|
    |crow_11_32_fu_18705_p2        |     +    |      0|  0|  32|          32|          32|
    |crow_12_33_fu_18711_p2        |     +    |      0|  0|  32|          32|          32|
    |crow_13_34_fu_18717_p2        |     +    |      0|  0|  32|          32|          32|
    |crow_14_35_fu_18723_p2        |     +    |      0|  0|  32|          32|          32|
    |crow_15_36_fu_18729_p2        |     +    |      0|  0|  32|          32|          32|
    |crow_16_37_fu_18735_p2        |     +    |      0|  0|  32|          32|          32|
    |crow_17_38_fu_18741_p2        |     +    |      0|  0|  32|          32|          32|
    |crow_18_39_fu_18747_p2        |     +    |      0|  0|  32|          32|          32|
    |crow_19_40_fu_18753_p2        |     +    |      0|  0|  32|          32|          32|
    |crow_1_22_fu_18645_p2         |     +    |      0|  0|  32|          32|          32|
    |crow_20_41_fu_18759_p2        |     +    |      0|  0|  32|          32|          32|
    |crow_21_42_fu_18765_p2        |     +    |      0|  0|  32|          32|          32|
    |crow_22_43_fu_18771_p2        |     +    |      0|  0|  32|          32|          32|
    |crow_23_44_fu_18777_p2        |     +    |      0|  0|  32|          32|          32|
    |crow_24_45_fu_18783_p2        |     +    |      0|  0|  32|          32|          32|
    |crow_25_46_fu_18789_p2        |     +    |      0|  0|  32|          32|          32|
    |crow_26_47_fu_18795_p2        |     +    |      0|  0|  32|          32|          32|
    |crow_27_48_fu_18801_p2        |     +    |      0|  0|  32|          32|          32|
    |crow_28_49_fu_18807_p2        |     +    |      0|  0|  32|          32|          32|
    |crow_29_50_fu_18813_p2        |     +    |      0|  0|  32|          32|          32|
    |crow_2_23_fu_18651_p2         |     +    |      0|  0|  32|          32|          32|
    |crow_30_51_fu_18819_p2        |     +    |      0|  0|  32|          32|          32|
    |crow_31_52_fu_18825_p2        |     +    |      0|  0|  32|          32|          32|
    |crow_32_53_fu_18831_p2        |     +    |      0|  0|  32|          32|          32|
    |crow_33_54_fu_18837_p2        |     +    |      0|  0|  32|          32|          32|
    |crow_34_55_fu_18843_p2        |     +    |      0|  0|  32|          32|          32|
    |crow_35_56_fu_18849_p2        |     +    |      0|  0|  32|          32|          32|
    |crow_36_57_fu_18855_p2        |     +    |      0|  0|  32|          32|          32|
    |crow_37_58_fu_18861_p2        |     +    |      0|  0|  32|          32|          32|
    |crow_38_59_fu_18867_p2        |     +    |      0|  0|  32|          32|          32|
    |crow_39_60_fu_18873_p2        |     +    |      0|  0|  32|          32|          32|
    |crow_3_24_fu_18657_p2         |     +    |      0|  0|  32|          32|          32|
    |crow_40_61_fu_18879_p2        |     +    |      0|  0|  32|          32|          32|
    |crow_41_62_fu_18885_p2        |     +    |      0|  0|  32|          32|          32|
    |crow_42_63_fu_18891_p2        |     +    |      0|  0|  32|          32|          32|
    |crow_43_64_fu_18897_p2        |     +    |      0|  0|  32|          32|          32|
    |crow_44_65_fu_18903_p2        |     +    |      0|  0|  32|          32|          32|
    |crow_45_66_fu_18909_p2        |     +    |      0|  0|  32|          32|          32|
    |crow_46_67_fu_18915_p2        |     +    |      0|  0|  32|          32|          32|
    |crow_47_68_fu_18921_p2        |     +    |      0|  0|  32|          32|          32|
    |crow_48_69_fu_18927_p2        |     +    |      0|  0|  32|          32|          32|
    |crow_49_70_fu_18933_p2        |     +    |      0|  0|  32|          32|          32|
    |crow_4_25_fu_18663_p2         |     +    |      0|  0|  32|          32|          32|
    |crow_50_71_fu_18939_p2        |     +    |      0|  0|  32|          32|          32|
    |crow_51_72_fu_18945_p2        |     +    |      0|  0|  32|          32|          32|
    |crow_52_73_fu_18951_p2        |     +    |      0|  0|  32|          32|          32|
    |crow_53_74_fu_18957_p2        |     +    |      0|  0|  32|          32|          32|
    |crow_54_75_fu_18963_p2        |     +    |      0|  0|  32|          32|          32|
    |crow_55_76_fu_18969_p2        |     +    |      0|  0|  32|          32|          32|
    |crow_56_77_fu_18975_p2        |     +    |      0|  0|  32|          32|          32|
    |crow_57_78_fu_18981_p2        |     +    |      0|  0|  32|          32|          32|
    |crow_58_79_fu_18987_p2        |     +    |      0|  0|  32|          32|          32|
    |crow_59_80_fu_18993_p2        |     +    |      0|  0|  32|          32|          32|
    |crow_5_26_fu_18669_p2         |     +    |      0|  0|  32|          32|          32|
    |crow_60_81_fu_18999_p2        |     +    |      0|  0|  32|          32|          32|
    |crow_61_82_fu_19005_p2        |     +    |      0|  0|  32|          32|          32|
    |crow_62_83_fu_19011_p2        |     +    |      0|  0|  32|          32|          32|
    |crow_63_fu_19017_p2           |     +    |      0|  0|  32|          32|          32|
    |crow_6_27_fu_18675_p2         |     +    |      0|  0|  32|          32|          32|
    |crow_7_28_fu_18681_p2         |     +    |      0|  0|  32|          32|          32|
    |crow_8_29_fu_18687_p2         |     +    |      0|  0|  32|          32|          32|
    |crow_9_30_fu_18693_p2         |     +    |      0|  0|  32|          32|          32|
    |curIdx_1_fu_19039_p2          |     +    |      0|  0|   9|           9|           9|
    |curIdx_2_fu_17653_p2          |     +    |      0|  0|   9|           9|           9|
    |curIdx_fu_17189_p2            |     +    |      0|  0|   9|           9|           9|
    |indvars_iv_next6_fu_18057_p2  |     +    |      0|  0|   7|           7|           4|
    |indvars_iv_next_fu_19086_p2   |     +    |      0|  0|   7|           7|           4|
    |j_3_fu_17183_p2               |     +    |      0|  0|   4|           4|           1|
    |j_4_fu_19033_p2               |     +    |      0|  0|   4|           4|           1|
    |j_5_fu_17647_p2               |     +    |      0|  0|   4|           4|           1|
    |k_6_fu_17194_p2               |     +    |      0|  0|   7|           7|           4|
    |k_7_fu_19044_p2               |     +    |      0|  0|   7|           7|           4|
    |k_8_fu_17658_p2               |     +    |      0|  0|   7|           7|           4|
    |rowIdxB_1_fu_17619_p2         |     +    |      0|  0|   7|           7|           1|
    |rowIdx_1_fu_16963_p2          |     +    |      0|  0|   7|           7|           1|
    |t2_1_fu_17223_p2              |     +    |      0|  0|   4|           4|           1|
    |t2_2_fu_19056_p2              |     +    |      0|  0|   4|           4|           1|
    |t2_3_fu_17680_p2              |     +    |      0|  0|   4|           4|           1|
    |tmp_10_fu_19070_p2            |     +    |      0|  0|   7|           7|           1|
    |tmp_11_fu_18051_p2            |     +    |      0|  0|   7|           7|           1|
    |tmp_9_fu_17607_p2             |     +    |      0|  0|   7|           7|           1|
    |ap_sig_bdd_3535               |    and   |      0|  0|   2|           1|           1|
    |ap_sig_bdd_574                |    and   |      0|  0|   2|           1|           1|
    |ap_sig_bdd_580                |    and   |      0|  0|   2|           1|           1|
    |exitcond1_fu_16957_p2         |   icmp   |      0|  0|   8|           7|           8|
    |exitcond2_fu_17177_p2         |   icmp   |      0|  0|   5|           4|           5|
    |exitcond3_fu_19027_p2         |   icmp   |      0|  0|   5|           4|           5|
    |exitcond5_fu_17217_p2         |   icmp   |      0|  0|   5|           4|           5|
    |exitcond7_fu_17674_p2         |   icmp   |      0|  0|   7|           7|           7|
    |exitcond8_fu_17641_p2         |   icmp   |      0|  0|   5|           4|           5|
    |exitcond9_fu_17613_p2         |   icmp   |      0|  0|   8|           7|           8|
    |exitcond_fu_19050_p2          |   icmp   |      0|  0|   7|           7|           7|
    |ap_sig_bdd_242                |    or    |      0|  0|   2|           1|           1|
    +------------------------------+----------+-------+---+----+------------+------------+
    |Total                         |          |      0|  0|2227|        2217|        2160|
    +------------------------------+----------+-------+---+----+------------+------------+

    * Multiplexer: 
    +---------------------------+-----+-----------+-----+-----------+
    |            Name           | LUT | Input Size| Bits| Total Bits|
    +---------------------------+-----+-----------+-----+-----------+
    |arow_load_0_phi_reg_16556  |  672|         64|   32|       2048|
    |c_address                  |   32|          3|   32|         96|
    |crow_0_1_reg_2226          |   32|          2|   32|         64|
    |crow_0_2_reg_3016          |   32|          2|   32|         64|
    |crow_0_3_reg_15523         |   32|          2|   32|         64|
    |crow_0_4_reg_16477         |   32|          2|   32|         64|
    |crow_10_1_reg_2116         |   32|          2|   32|         64|
    |crow_10_2_reg_2896         |   32|          2|   32|         64|
    |crow_10_3_reg_13543        |   32|          2|   32|         64|
    |crow_10_4_reg_16357        |   32|          2|   32|         64|
    |crow_11_1_reg_2105         |   32|          2|   32|         64|
    |crow_11_2_reg_2884         |   32|          2|   32|         64|
    |crow_11_3_reg_13345        |   32|          2|   32|         64|
    |crow_11_4_reg_16345        |   32|          2|   32|         64|
    |crow_12_1_reg_2094         |   32|          2|   32|         64|
    |crow_12_2_reg_2872         |   32|          2|   32|         64|
    |crow_12_3_reg_13147        |   32|          2|   32|         64|
    |crow_12_4_reg_16333        |   32|          2|   32|         64|
    |crow_13_1_reg_2083         |   32|          2|   32|         64|
    |crow_13_2_reg_2860         |   32|          2|   32|         64|
    |crow_13_3_reg_12949        |   32|          2|   32|         64|
    |crow_13_4_reg_16321        |   32|          2|   32|         64|
    |crow_14_1_reg_2072         |   32|          2|   32|         64|
    |crow_14_2_reg_2848         |   32|          2|   32|         64|
    |crow_14_3_reg_12751        |   32|          2|   32|         64|
    |crow_14_4_reg_16309        |   32|          2|   32|         64|
    |crow_15_1_reg_2061         |   32|          2|   32|         64|
    |crow_15_2_reg_2836         |   32|          2|   32|         64|
    |crow_15_3_reg_12553        |   32|          2|   32|         64|
    |crow_15_4_reg_16297        |   32|          2|   32|         64|
    |crow_16_1_reg_2050         |   32|          2|   32|         64|
    |crow_16_2_reg_2824         |   32|          2|   32|         64|
    |crow_16_3_reg_12355        |   32|          2|   32|         64|
    |crow_16_4_reg_16285        |   32|          2|   32|         64|
    |crow_17_1_reg_2039         |   32|          2|   32|         64|
    |crow_17_2_reg_2812         |   32|          2|   32|         64|
    |crow_17_3_reg_12157        |   32|          2|   32|         64|
    |crow_17_4_reg_16273        |   32|          2|   32|         64|
    |crow_18_1_reg_2028         |   32|          2|   32|         64|
    |crow_18_2_reg_2800         |   32|          2|   32|         64|
    |crow_18_3_reg_11959        |   32|          2|   32|         64|
    |crow_18_4_reg_16261        |   32|          2|   32|         64|
    |crow_19_1_reg_2017         |   32|          2|   32|         64|
    |crow_19_2_reg_2788         |   32|          2|   32|         64|
    |crow_19_3_reg_11761        |   32|          2|   32|         64|
    |crow_19_4_reg_16249        |   32|          2|   32|         64|
    |crow_1_1_reg_2215          |   32|          2|   32|         64|
    |crow_1_2_reg_3004          |   32|          2|   32|         64|
    |crow_1_3_reg_15325         |   32|          2|   32|         64|
    |crow_1_4_reg_16465         |   32|          2|   32|         64|
    |crow_20_1_reg_2006         |   32|          2|   32|         64|
    |crow_20_2_reg_2776         |   32|          2|   32|         64|
    |crow_20_3_reg_11563        |   32|          2|   32|         64|
    |crow_20_4_reg_16237        |   32|          2|   32|         64|
    |crow_21_1_reg_1995         |   32|          2|   32|         64|
    |crow_21_2_reg_2764         |   32|          2|   32|         64|
    |crow_21_3_reg_11365        |   32|          2|   32|         64|
    |crow_21_4_reg_16225        |   32|          2|   32|         64|
    |crow_22_1_reg_1984         |   32|          2|   32|         64|
    |crow_22_2_reg_2752         |   32|          2|   32|         64|
    |crow_22_3_reg_11167        |   32|          2|   32|         64|
    |crow_22_4_reg_16213        |   32|          2|   32|         64|
    |crow_23_1_reg_1973         |   32|          2|   32|         64|
    |crow_23_2_reg_2740         |   32|          2|   32|         64|
    |crow_23_3_reg_10969        |   32|          2|   32|         64|
    |crow_23_4_reg_16201        |   32|          2|   32|         64|
    |crow_24_1_reg_1962         |   32|          2|   32|         64|
    |crow_24_2_reg_2728         |   32|          2|   32|         64|
    |crow_24_3_reg_10771        |   32|          2|   32|         64|
    |crow_24_4_reg_16189        |   32|          2|   32|         64|
    |crow_25_1_reg_1951         |   32|          2|   32|         64|
    |crow_25_2_reg_2716         |   32|          2|   32|         64|
    |crow_25_3_reg_10573        |   32|          2|   32|         64|
    |crow_25_4_reg_16177        |   32|          2|   32|         64|
    |crow_26_1_reg_1940         |   32|          2|   32|         64|
    |crow_26_2_reg_2704         |   32|          2|   32|         64|
    |crow_26_3_reg_10375        |   32|          2|   32|         64|
    |crow_26_4_reg_16165        |   32|          2|   32|         64|
    |crow_27_1_reg_1929         |   32|          2|   32|         64|
    |crow_27_2_reg_2692         |   32|          2|   32|         64|
    |crow_27_3_reg_10177        |   32|          2|   32|         64|
    |crow_27_4_reg_16153        |   32|          2|   32|         64|
    |crow_28_1_reg_1918         |   32|          2|   32|         64|
    |crow_28_2_reg_2680         |   32|          2|   32|         64|
    |crow_28_3_reg_9979         |   32|          2|   32|         64|
    |crow_28_4_reg_16141        |   32|          2|   32|         64|
    |crow_29_1_reg_1907         |   32|          2|   32|         64|
    |crow_29_2_reg_2668         |   32|          2|   32|         64|
    |crow_29_3_reg_9781         |   32|          2|   32|         64|
    |crow_29_4_reg_16129        |   32|          2|   32|         64|
    |crow_2_1_reg_2204          |   32|          2|   32|         64|
    |crow_2_2_reg_2992          |   32|          2|   32|         64|
    |crow_2_3_reg_15127         |   32|          2|   32|         64|
    |crow_2_4_reg_16453         |   32|          2|   32|         64|
    |crow_30_1_reg_1896         |   32|          2|   32|         64|
    |crow_30_2_reg_2656         |   32|          2|   32|         64|
    |crow_30_3_reg_9583         |   32|          2|   32|         64|
    |crow_30_4_reg_16117        |   32|          2|   32|         64|
    |crow_31_1_reg_1885         |   32|          2|   32|         64|
    |crow_31_2_reg_2644         |   32|          2|   32|         64|
    |crow_31_3_reg_9385         |   32|          2|   32|         64|
    |crow_31_4_reg_16105        |   32|          2|   32|         64|
    |crow_32_1_reg_1874         |   32|          2|   32|         64|
    |crow_32_2_reg_2632         |   32|          2|   32|         64|
    |crow_32_3_reg_9187         |   32|          2|   32|         64|
    |crow_32_4_reg_16093        |   32|          2|   32|         64|
    |crow_33_1_reg_1863         |   32|          2|   32|         64|
    |crow_33_2_reg_2620         |   32|          2|   32|         64|
    |crow_33_3_reg_8989         |   32|          2|   32|         64|
    |crow_33_4_reg_16081        |   32|          2|   32|         64|
    |crow_34_1_reg_1852         |   32|          2|   32|         64|
    |crow_34_2_reg_2608         |   32|          2|   32|         64|
    |crow_34_3_reg_8791         |   32|          2|   32|         64|
    |crow_34_4_reg_16069        |   32|          2|   32|         64|
    |crow_35_1_reg_1841         |   32|          2|   32|         64|
    |crow_35_2_reg_2596         |   32|          2|   32|         64|
    |crow_35_3_reg_8593         |   32|          2|   32|         64|
    |crow_35_4_reg_16057        |   32|          2|   32|         64|
    |crow_36_1_reg_1830         |   32|          2|   32|         64|
    |crow_36_2_reg_2584         |   32|          2|   32|         64|
    |crow_36_3_reg_8395         |   32|          2|   32|         64|
    |crow_36_4_reg_16045        |   32|          2|   32|         64|
    |crow_37_1_reg_1819         |   32|          2|   32|         64|
    |crow_37_2_reg_2572         |   32|          2|   32|         64|
    |crow_37_3_reg_8197         |   32|          2|   32|         64|
    |crow_37_4_reg_16033        |   32|          2|   32|         64|
    |crow_38_1_reg_1808         |   32|          2|   32|         64|
    |crow_38_2_reg_2560         |   32|          2|   32|         64|
    |crow_38_3_reg_7999         |   32|          2|   32|         64|
    |crow_38_4_reg_16021        |   32|          2|   32|         64|
    |crow_39_1_reg_1797         |   32|          2|   32|         64|
    |crow_39_2_reg_2548         |   32|          2|   32|         64|
    |crow_39_3_reg_7801         |   32|          2|   32|         64|
    |crow_39_4_reg_16009        |   32|          2|   32|         64|
    |crow_3_1_reg_2193          |   32|          2|   32|         64|
    |crow_3_2_reg_2980          |   32|          2|   32|         64|
    |crow_3_3_reg_14929         |   32|          2|   32|         64|
    |crow_3_4_reg_16441         |   32|          2|   32|         64|
    |crow_40_1_reg_1786         |   32|          2|   32|         64|
    |crow_40_2_reg_2536         |   32|          2|   32|         64|
    |crow_40_3_reg_7603         |   32|          2|   32|         64|
    |crow_40_4_reg_15997        |   32|          2|   32|         64|
    |crow_41_1_reg_1775         |   32|          2|   32|         64|
    |crow_41_2_reg_2524         |   32|          2|   32|         64|
    |crow_41_3_reg_7405         |   32|          2|   32|         64|
    |crow_41_4_reg_15985        |   32|          2|   32|         64|
    |crow_42_1_reg_1764         |   32|          2|   32|         64|
    |crow_42_2_reg_2512         |   32|          2|   32|         64|
    |crow_42_3_reg_7207         |   32|          2|   32|         64|
    |crow_42_4_reg_15973        |   32|          2|   32|         64|
    |crow_43_1_reg_1753         |   32|          2|   32|         64|
    |crow_43_2_reg_2500         |   32|          2|   32|         64|
    |crow_43_3_reg_7009         |   32|          2|   32|         64|
    |crow_43_4_reg_15961        |   32|          2|   32|         64|
    |crow_44_1_reg_1742         |   32|          2|   32|         64|
    |crow_44_2_reg_2488         |   32|          2|   32|         64|
    |crow_44_3_reg_6811         |   32|          2|   32|         64|
    |crow_44_4_reg_15949        |   32|          2|   32|         64|
    |crow_45_1_reg_1731         |   32|          2|   32|         64|
    |crow_45_2_reg_2476         |   32|          2|   32|         64|
    |crow_45_3_reg_6613         |   32|          2|   32|         64|
    |crow_45_4_reg_15937        |   32|          2|   32|         64|
    |crow_46_1_reg_1720         |   32|          2|   32|         64|
    |crow_46_2_reg_2464         |   32|          2|   32|         64|
    |crow_46_3_reg_6415         |   32|          2|   32|         64|
    |crow_46_4_reg_15925        |   32|          2|   32|         64|
    |crow_47_1_reg_1709         |   32|          2|   32|         64|
    |crow_47_2_reg_2452         |   32|          2|   32|         64|
    |crow_47_3_reg_6217         |   32|          2|   32|         64|
    |crow_47_4_reg_15913        |   32|          2|   32|         64|
    |crow_48_1_reg_1698         |   32|          2|   32|         64|
    |crow_48_2_reg_2440         |   32|          2|   32|         64|
    |crow_48_3_reg_6019         |   32|          2|   32|         64|
    |crow_48_4_reg_15901        |   32|          2|   32|         64|
    |crow_49_1_reg_1687         |   32|          2|   32|         64|
    |crow_49_2_reg_2428         |   32|          2|   32|         64|
    |crow_49_3_reg_5821         |   32|          2|   32|         64|
    |crow_49_4_reg_15889        |   32|          2|   32|         64|
    |crow_4_1_reg_2182          |   32|          2|   32|         64|
    |crow_4_2_reg_2968          |   32|          2|   32|         64|
    |crow_4_3_reg_14731         |   32|          2|   32|         64|
    |crow_4_4_reg_16429         |   32|          2|   32|         64|
    |crow_50_1_reg_1676         |   32|          2|   32|         64|
    |crow_50_2_reg_2416         |   32|          2|   32|         64|
    |crow_50_3_reg_5623         |   32|          2|   32|         64|
    |crow_50_4_reg_15877        |   32|          2|   32|         64|
    |crow_51_1_reg_1665         |   32|          2|   32|         64|
    |crow_51_2_reg_2404         |   32|          2|   32|         64|
    |crow_51_3_reg_5425         |   32|          2|   32|         64|
    |crow_51_4_reg_15865        |   32|          2|   32|         64|
    |crow_52_1_reg_1654         |   32|          2|   32|         64|
    |crow_52_2_reg_2392         |   32|          2|   32|         64|
    |crow_52_3_reg_5227         |   32|          2|   32|         64|
    |crow_52_4_reg_15853        |   32|          2|   32|         64|
    |crow_53_1_reg_1643         |   32|          2|   32|         64|
    |crow_53_2_reg_2380         |   32|          2|   32|         64|
    |crow_53_3_reg_5029         |   32|          2|   32|         64|
    |crow_53_4_reg_15841        |   32|          2|   32|         64|
    |crow_54_1_reg_1632         |   32|          2|   32|         64|
    |crow_54_2_reg_2368         |   32|          2|   32|         64|
    |crow_54_3_reg_4831         |   32|          2|   32|         64|
    |crow_54_4_reg_15829        |   32|          2|   32|         64|
    |crow_55_1_reg_1621         |   32|          2|   32|         64|
    |crow_55_2_reg_2356         |   32|          2|   32|         64|
    |crow_55_3_reg_4633         |   32|          2|   32|         64|
    |crow_55_4_reg_15817        |   32|          2|   32|         64|
    |crow_56_1_reg_1610         |   32|          2|   32|         64|
    |crow_56_2_reg_2344         |   32|          2|   32|         64|
    |crow_56_3_reg_4435         |   32|          2|   32|         64|
    |crow_56_4_reg_15805        |   32|          2|   32|         64|
    |crow_57_1_reg_1599         |   32|          2|   32|         64|
    |crow_57_2_reg_2332         |   32|          2|   32|         64|
    |crow_57_3_reg_4237         |   32|          2|   32|         64|
    |crow_57_4_reg_15793        |   32|          2|   32|         64|
    |crow_58_1_reg_1588         |   32|          2|   32|         64|
    |crow_58_2_reg_2320         |   32|          2|   32|         64|
    |crow_58_3_reg_4039         |   32|          2|   32|         64|
    |crow_58_4_reg_15781        |   32|          2|   32|         64|
    |crow_59_1_reg_1577         |   32|          2|   32|         64|
    |crow_59_2_reg_2308         |   32|          2|   32|         64|
    |crow_59_3_reg_3841         |   32|          2|   32|         64|
    |crow_59_4_reg_15769        |   32|          2|   32|         64|
    |crow_5_1_reg_2171          |   32|          2|   32|         64|
    |crow_5_2_reg_2956          |   32|          2|   32|         64|
    |crow_5_3_reg_14533         |   32|          2|   32|         64|
    |crow_5_4_reg_16417         |   32|          2|   32|         64|
    |crow_60_1_reg_1566         |   32|          2|   32|         64|
    |crow_60_2_reg_2296         |   32|          2|   32|         64|
    |crow_60_3_reg_3643         |   32|          2|   32|         64|
    |crow_60_4_reg_15757        |   32|          2|   32|         64|
    |crow_61_1_reg_1555         |   32|          2|   32|         64|
    |crow_61_2_reg_2284         |   32|          2|   32|         64|
    |crow_61_3_reg_3445         |   32|          2|   32|         64|
    |crow_61_4_reg_15745        |   32|          2|   32|         64|
    |crow_62_1_reg_1544         |   32|          2|   32|         64|
    |crow_62_2_reg_2272         |   32|          2|   32|         64|
    |crow_62_3_reg_3247         |   32|          2|   32|         64|
    |crow_62_4_reg_15733        |   32|          2|   32|         64|
    |crow_63_1_reg_1533         |   32|          2|   32|         64|
    |crow_63_2_reg_2260         |   32|          2|   32|         64|
    |crow_63_3_reg_3049         |   32|          2|   32|         64|
    |crow_63_4_reg_15721        |   32|          2|   32|         64|
    |crow_6_1_reg_2160          |   32|          2|   32|         64|
    |crow_6_2_reg_2944          |   32|          2|   32|         64|
    |crow_6_3_reg_14335         |   32|          2|   32|         64|
    |crow_6_4_reg_16405         |   32|          2|   32|         64|
    |crow_7_1_reg_2149          |   32|          2|   32|         64|
    |crow_7_2_reg_2932          |   32|          2|   32|         64|
    |crow_7_3_reg_14137         |   32|          2|   32|         64|
    |crow_7_4_reg_16393         |   32|          2|   32|         64|
    |crow_8_1_reg_2138          |   32|          2|   32|         64|
    |crow_8_2_reg_2920          |   32|          2|   32|         64|
    |crow_8_3_reg_13939         |   32|          2|   32|         64|
    |crow_8_4_reg_16381         |   32|          2|   32|         64|
    |crow_9_1_reg_2127          |   32|          2|   32|         64|
    |crow_9_2_reg_2908          |   32|          2|   32|         64|
    |crow_9_3_reg_13741         |   32|          2|   32|         64|
    |crow_9_4_reg_16369         |   32|          2|   32|         64|
    |indvars_iv5_reg_16500      |    7|          2|    7|         14|
    |indvars_iv_reg_16690       |    7|          2|    7|         14|
    |j_1_reg_16524              |    4|          2|    4|          8|
    |j_2_reg_16714              |    4|          2|    4|          8|
    |j_reg_2249                 |    4|          2|    4|          8|
    |k_1_reg_3039               |    7|          2|    7|         14|
    |k_2_reg_16512              |    7|          2|    7|         14|
    |k_3_reg_16535              |    7|          2|    7|         14|
    |k_4_reg_16702              |    7|          2|    7|         14|
    |k_5_reg_16725              |    7|          2|    7|         14|
    |k_reg_2237                 |    7|          2|    7|         14|
    |p_Repl2_s_reg_16759        |  672|         64|   32|       2048|
    |p_Val2_1_reg_16735         |  256|          2|  256|        512|
    |rowIdxB_reg_16489          |    7|          2|    7|         14|
    |rowIdx_reg_1522            |    7|          2|    7|         14|
    |t2_reg_3028                |    4|          2|    4|          8|
    |t3_reg_16545               |    4|          2|    4|          8|
    |t_reg_16748                |    4|          2|    4|          8|
    +---------------------------+-----+-----------+-----+-----------+
    |Total                      | 9918|        677| 8638|      21276|
    +---------------------------+-----+-----------+-----+-----------+

    * Register: 
    +---------------------------+-----+-----+-----------+
    |            Name           |  FF | Bits| Const Bits|
    +---------------------------+-----+-----+-----------+
    |ap_CS_fsm                  |    5|    5|          0|
    |arow_63_10_fu_244          |   32|   32|          0|
    |arow_63_10_load_reg_19958  |   32|   32|          0|
    |arow_63_11_fu_248          |   32|   32|          0|
    |arow_63_11_load_reg_19963  |   32|   32|          0|
    |arow_63_12_fu_252          |   32|   32|          0|
    |arow_63_12_load_reg_19968  |   32|   32|          0|
    |arow_63_13_fu_256          |   32|   32|          0|
    |arow_63_13_load_reg_19973  |   32|   32|          0|
    |arow_63_14_fu_260          |   32|   32|          0|
    |arow_63_14_load_reg_19978  |   32|   32|          0|
    |arow_63_15_fu_264          |   32|   32|          0|
    |arow_63_15_load_reg_19983  |   32|   32|          0|
    |arow_63_16_fu_268          |   32|   32|          0|
    |arow_63_16_load_reg_19988  |   32|   32|          0|
    |arow_63_17_fu_272          |   32|   32|          0|
    |arow_63_17_load_reg_19993  |   32|   32|          0|
    |arow_63_18_fu_276          |   32|   32|          0|
    |arow_63_18_load_reg_19998  |   32|   32|          0|
    |arow_63_19_fu_280          |   32|   32|          0|
    |arow_63_19_load_reg_20003  |   32|   32|          0|
    |arow_63_1_fu_208           |   32|   32|          0|
    |arow_63_1_load_reg_19913   |   32|   32|          0|
    |arow_63_20_fu_284          |   32|   32|          0|
    |arow_63_20_load_reg_20008  |   32|   32|          0|
    |arow_63_21_fu_288          |   32|   32|          0|
    |arow_63_21_load_reg_20013  |   32|   32|          0|
    |arow_63_22_fu_292          |   32|   32|          0|
    |arow_63_22_load_reg_20018  |   32|   32|          0|
    |arow_63_23_fu_296          |   32|   32|          0|
    |arow_63_23_load_reg_20023  |   32|   32|          0|
    |arow_63_24_fu_300          |   32|   32|          0|
    |arow_63_24_load_reg_20028  |   32|   32|          0|
    |arow_63_25_fu_304          |   32|   32|          0|
    |arow_63_25_load_reg_20033  |   32|   32|          0|
    |arow_63_26_fu_308          |   32|   32|          0|
    |arow_63_26_load_reg_20038  |   32|   32|          0|
    |arow_63_27_fu_312          |   32|   32|          0|
    |arow_63_27_load_reg_20043  |   32|   32|          0|
    |arow_63_28_fu_316          |   32|   32|          0|
    |arow_63_28_load_reg_20048  |   32|   32|          0|
    |arow_63_29_fu_320          |   32|   32|          0|
    |arow_63_29_load_reg_20053  |   32|   32|          0|
    |arow_63_2_fu_212           |   32|   32|          0|
    |arow_63_2_load_reg_19918   |   32|   32|          0|
    |arow_63_30_fu_324          |   32|   32|          0|
    |arow_63_30_load_reg_20058  |   32|   32|          0|
    |arow_63_31_fu_328          |   32|   32|          0|
    |arow_63_31_load_reg_20063  |   32|   32|          0|
    |arow_63_32_fu_332          |   32|   32|          0|
    |arow_63_32_load_reg_20068  |   32|   32|          0|
    |arow_63_33_fu_336          |   32|   32|          0|
    |arow_63_33_load_reg_20073  |   32|   32|          0|
    |arow_63_34_fu_340          |   32|   32|          0|
    |arow_63_34_load_reg_20078  |   32|   32|          0|
    |arow_63_35_fu_344          |   32|   32|          0|
    |arow_63_35_load_reg_20083  |   32|   32|          0|
    |arow_63_36_fu_348          |   32|   32|          0|
    |arow_63_36_load_reg_20088  |   32|   32|          0|
    |arow_63_37_fu_352          |   32|   32|          0|
    |arow_63_37_load_reg_20093  |   32|   32|          0|
    |arow_63_38_fu_356          |   32|   32|          0|
    |arow_63_38_load_reg_20098  |   32|   32|          0|
    |arow_63_39_fu_360          |   32|   32|          0|
    |arow_63_39_load_reg_20103  |   32|   32|          0|
    |arow_63_3_fu_216           |   32|   32|          0|
    |arow_63_3_load_reg_19923   |   32|   32|          0|
    |arow_63_40_fu_364          |   32|   32|          0|
    |arow_63_40_load_reg_20108  |   32|   32|          0|
    |arow_63_41_fu_368          |   32|   32|          0|
    |arow_63_41_load_reg_20113  |   32|   32|          0|
    |arow_63_42_fu_372          |   32|   32|          0|
    |arow_63_42_load_reg_20118  |   32|   32|          0|
    |arow_63_43_fu_376          |   32|   32|          0|
    |arow_63_43_load_reg_20123  |   32|   32|          0|
    |arow_63_44_fu_380          |   32|   32|          0|
    |arow_63_44_load_reg_20128  |   32|   32|          0|
    |arow_63_45_fu_384          |   32|   32|          0|
    |arow_63_45_load_reg_20133  |   32|   32|          0|
    |arow_63_46_fu_388          |   32|   32|          0|
    |arow_63_46_load_reg_20138  |   32|   32|          0|
    |arow_63_47_fu_392          |   32|   32|          0|
    |arow_63_47_load_reg_20143  |   32|   32|          0|
    |arow_63_48_fu_396          |   32|   32|          0|
    |arow_63_48_load_reg_20148  |   32|   32|          0|
    |arow_63_49_fu_400          |   32|   32|          0|
    |arow_63_49_load_reg_20153  |   32|   32|          0|
    |arow_63_4_fu_220           |   32|   32|          0|
    |arow_63_4_load_reg_19928   |   32|   32|          0|
    |arow_63_50_fu_404          |   32|   32|          0|
    |arow_63_50_load_reg_20158  |   32|   32|          0|
    |arow_63_51_fu_408          |   32|   32|          0|
    |arow_63_51_load_reg_20163  |   32|   32|          0|
    |arow_63_52_fu_412          |   32|   32|          0|
    |arow_63_52_load_reg_20168  |   32|   32|          0|
    |arow_63_53_fu_416          |   32|   32|          0|
    |arow_63_53_load_reg_20173  |   32|   32|          0|
    |arow_63_54_fu_420          |   32|   32|          0|
    |arow_63_54_load_reg_20178  |   32|   32|          0|
    |arow_63_55_fu_424          |   32|   32|          0|
    |arow_63_55_load_reg_20183  |   32|   32|          0|
    |arow_63_56_fu_428          |   32|   32|          0|
    |arow_63_56_load_reg_20188  |   32|   32|          0|
    |arow_63_57_fu_432          |   32|   32|          0|
    |arow_63_57_load_reg_20193  |   32|   32|          0|
    |arow_63_58_fu_436          |   32|   32|          0|
    |arow_63_58_load_reg_20198  |   32|   32|          0|
    |arow_63_59_fu_440          |   32|   32|          0|
    |arow_63_59_load_reg_20203  |   32|   32|          0|
    |arow_63_5_fu_224           |   32|   32|          0|
    |arow_63_5_load_reg_19933   |   32|   32|          0|
    |arow_63_60_fu_444          |   32|   32|          0|
    |arow_63_60_load_reg_20208  |   32|   32|          0|
    |arow_63_61_fu_448          |   32|   32|          0|
    |arow_63_61_load_reg_20213  |   32|   32|          0|
    |arow_63_62_fu_452          |   32|   32|          0|
    |arow_63_62_load_reg_20218  |   32|   32|          0|
    |arow_63_63_fu_456          |   32|   32|          0|
    |arow_63_63_load_reg_20223  |   32|   32|          0|
    |arow_63_6_fu_228           |   32|   32|          0|
    |arow_63_6_load_reg_19938   |   32|   32|          0|
    |arow_63_7_fu_232           |   32|   32|          0|
    |arow_63_7_load_reg_19943   |   32|   32|          0|
    |arow_63_8_fu_236           |   32|   32|          0|
    |arow_63_8_load_reg_19948   |   32|   32|          0|
    |arow_63_9_fu_240           |   32|   32|          0|
    |arow_63_9_load_reg_19953   |   32|   32|          0|
    |arow_63_fu_204             |   32|   32|          0|
    |arow_63_load_reg_19908     |   32|   32|          0|
    |arow_load_0_phi_reg_16556  |   32|   32|          0|
    |brow_63_10_fu_500          |   32|   32|          0|
    |brow_63_11_fu_504          |   32|   32|          0|
    |brow_63_12_fu_508          |   32|   32|          0|
    |brow_63_13_fu_512          |   32|   32|          0|
    |brow_63_14_fu_516          |   32|   32|          0|
    |brow_63_15_fu_520          |   32|   32|          0|
    |brow_63_16_fu_524          |   32|   32|          0|
    |brow_63_17_fu_528          |   32|   32|          0|
    |brow_63_18_fu_532          |   32|   32|          0|
    |brow_63_19_fu_536          |   32|   32|          0|
    |brow_63_1_fu_464           |   32|   32|          0|
    |brow_63_20_fu_540          |   32|   32|          0|
    |brow_63_21_fu_544          |   32|   32|          0|
    |brow_63_22_fu_548          |   32|   32|          0|
    |brow_63_23_fu_552          |   32|   32|          0|
    |brow_63_24_fu_556          |   32|   32|          0|
    |brow_63_25_fu_560          |   32|   32|          0|
    |brow_63_26_fu_564          |   32|   32|          0|
    |brow_63_27_fu_568          |   32|   32|          0|
    |brow_63_28_fu_572          |   32|   32|          0|
    |brow_63_29_fu_576          |   32|   32|          0|
    |brow_63_2_fu_468           |   32|   32|          0|
    |brow_63_30_fu_580          |   32|   32|          0|
    |brow_63_31_fu_584          |   32|   32|          0|
    |brow_63_32_fu_588          |   32|   32|          0|
    |brow_63_33_fu_592          |   32|   32|          0|
    |brow_63_34_fu_596          |   32|   32|          0|
    |brow_63_35_fu_600          |   32|   32|          0|
    |brow_63_36_fu_604          |   32|   32|          0|
    |brow_63_37_fu_608          |   32|   32|          0|
    |brow_63_38_fu_612          |   32|   32|          0|
    |brow_63_39_fu_616          |   32|   32|          0|
    |brow_63_3_fu_472           |   32|   32|          0|
    |brow_63_40_fu_620          |   32|   32|          0|
    |brow_63_41_fu_624          |   32|   32|          0|
    |brow_63_42_fu_628          |   32|   32|          0|
    |brow_63_43_fu_632          |   32|   32|          0|
    |brow_63_44_fu_636          |   32|   32|          0|
    |brow_63_45_fu_640          |   32|   32|          0|
    |brow_63_46_fu_644          |   32|   32|          0|
    |brow_63_47_fu_648          |   32|   32|          0|
    |brow_63_48_fu_652          |   32|   32|          0|
    |brow_63_49_fu_656          |   32|   32|          0|
    |brow_63_4_fu_476           |   32|   32|          0|
    |brow_63_50_fu_660          |   32|   32|          0|
    |brow_63_51_fu_664          |   32|   32|          0|
    |brow_63_52_fu_668          |   32|   32|          0|
    |brow_63_53_fu_672          |   32|   32|          0|
    |brow_63_54_fu_676          |   32|   32|          0|
    |brow_63_55_fu_680          |   32|   32|          0|
    |brow_63_56_fu_684          |   32|   32|          0|
    |brow_63_57_fu_688          |   32|   32|          0|
    |brow_63_58_fu_692          |   32|   32|          0|
    |brow_63_59_fu_696          |   32|   32|          0|
    |brow_63_5_fu_480           |   32|   32|          0|
    |brow_63_60_fu_700          |   32|   32|          0|
    |brow_63_61_fu_704          |   32|   32|          0|
    |brow_63_62_fu_708          |   32|   32|          0|
    |brow_63_63_fu_712          |   32|   32|          0|
    |brow_63_6_fu_484           |   32|   32|          0|
    |brow_63_7_fu_488           |   32|   32|          0|
    |brow_63_8_fu_492           |   32|   32|          0|
    |brow_63_9_fu_496           |   32|   32|          0|
    |brow_63_fu_460             |   32|   32|          0|
    |crow_0_1_reg_2226          |   32|   32|          0|
    |crow_0_2_reg_3016          |   32|   32|          0|
    |crow_0_3_reg_15523         |   32|   32|          0|
    |crow_0_4_reg_16477         |   32|   32|          0|
    |crow_10_1_reg_2116         |   32|   32|          0|
    |crow_10_2_reg_2896         |   32|   32|          0|
    |crow_10_3_reg_13543        |   32|   32|          0|
    |crow_10_4_reg_16357        |   32|   32|          0|
    |crow_10_reg_1390           |   32|   32|          0|
    |crow_11_1_reg_2105         |   32|   32|          0|
    |crow_11_2_reg_2884         |   32|   32|          0|
    |crow_11_3_reg_13345        |   32|   32|          0|
    |crow_11_4_reg_16345        |   32|   32|          0|
    |crow_11_reg_1378           |   32|   32|          0|
    |crow_12_1_reg_2094         |   32|   32|          0|
    |crow_12_2_reg_2872         |   32|   32|          0|
    |crow_12_3_reg_13147        |   32|   32|          0|
    |crow_12_4_reg_16333        |   32|   32|          0|
    |crow_12_reg_1366           |   32|   32|          0|
    |crow_13_1_reg_2083         |   32|   32|          0|
    |crow_13_2_reg_2860         |   32|   32|          0|
    |crow_13_3_reg_12949        |   32|   32|          0|
    |crow_13_4_reg_16321        |   32|   32|          0|
    |crow_13_reg_1354           |   32|   32|          0|
    |crow_14_1_reg_2072         |   32|   32|          0|
    |crow_14_2_reg_2848         |   32|   32|          0|
    |crow_14_3_reg_12751        |   32|   32|          0|
    |crow_14_4_reg_16309        |   32|   32|          0|
    |crow_14_reg_1342           |   32|   32|          0|
    |crow_15_1_reg_2061         |   32|   32|          0|
    |crow_15_2_reg_2836         |   32|   32|          0|
    |crow_15_3_reg_12553        |   32|   32|          0|
    |crow_15_4_reg_16297        |   32|   32|          0|
    |crow_15_reg_1330           |   32|   32|          0|
    |crow_16_1_reg_2050         |   32|   32|          0|
    |crow_16_2_reg_2824         |   32|   32|          0|
    |crow_16_3_reg_12355        |   32|   32|          0|
    |crow_16_4_reg_16285        |   32|   32|          0|
    |crow_16_reg_1318           |   32|   32|          0|
    |crow_17_1_reg_2039         |   32|   32|          0|
    |crow_17_2_reg_2812         |   32|   32|          0|
    |crow_17_3_reg_12157        |   32|   32|          0|
    |crow_17_4_reg_16273        |   32|   32|          0|
    |crow_17_reg_1306           |   32|   32|          0|
    |crow_18_1_reg_2028         |   32|   32|          0|
    |crow_18_2_reg_2800         |   32|   32|          0|
    |crow_18_3_reg_11959        |   32|   32|          0|
    |crow_18_4_reg_16261        |   32|   32|          0|
    |crow_18_reg_1294           |   32|   32|          0|
    |crow_19_1_reg_2017         |   32|   32|          0|
    |crow_19_2_reg_2788         |   32|   32|          0|
    |crow_19_3_reg_11761        |   32|   32|          0|
    |crow_19_4_reg_16249        |   32|   32|          0|
    |crow_19_reg_1282           |   32|   32|          0|
    |crow_1_1_reg_2215          |   32|   32|          0|
    |crow_1_2_reg_3004          |   32|   32|          0|
    |crow_1_3_reg_15325         |   32|   32|          0|
    |crow_1_4_reg_16465         |   32|   32|          0|
    |crow_1_reg_1498            |   32|   32|          0|
    |crow_20_1_reg_2006         |   32|   32|          0|
    |crow_20_2_reg_2776         |   32|   32|          0|
    |crow_20_3_reg_11563        |   32|   32|          0|
    |crow_20_4_reg_16237        |   32|   32|          0|
    |crow_20_reg_1270           |   32|   32|          0|
    |crow_21_1_reg_1995         |   32|   32|          0|
    |crow_21_2_reg_2764         |   32|   32|          0|
    |crow_21_3_reg_11365        |   32|   32|          0|
    |crow_21_4_reg_16225        |   32|   32|          0|
    |crow_21_reg_1258           |   32|   32|          0|
    |crow_22_1_reg_1984         |   32|   32|          0|
    |crow_22_2_reg_2752         |   32|   32|          0|
    |crow_22_3_reg_11167        |   32|   32|          0|
    |crow_22_4_reg_16213        |   32|   32|          0|
    |crow_22_reg_1246           |   32|   32|          0|
    |crow_23_1_reg_1973         |   32|   32|          0|
    |crow_23_2_reg_2740         |   32|   32|          0|
    |crow_23_3_reg_10969        |   32|   32|          0|
    |crow_23_4_reg_16201        |   32|   32|          0|
    |crow_23_reg_1234           |   32|   32|          0|
    |crow_24_1_reg_1962         |   32|   32|          0|
    |crow_24_2_reg_2728         |   32|   32|          0|
    |crow_24_3_reg_10771        |   32|   32|          0|
    |crow_24_4_reg_16189        |   32|   32|          0|
    |crow_24_reg_1222           |   32|   32|          0|
    |crow_25_1_reg_1951         |   32|   32|          0|
    |crow_25_2_reg_2716         |   32|   32|          0|
    |crow_25_3_reg_10573        |   32|   32|          0|
    |crow_25_4_reg_16177        |   32|   32|          0|
    |crow_25_reg_1210           |   32|   32|          0|
    |crow_26_1_reg_1940         |   32|   32|          0|
    |crow_26_2_reg_2704         |   32|   32|          0|
    |crow_26_3_reg_10375        |   32|   32|          0|
    |crow_26_4_reg_16165        |   32|   32|          0|
    |crow_26_reg_1198           |   32|   32|          0|
    |crow_27_1_reg_1929         |   32|   32|          0|
    |crow_27_2_reg_2692         |   32|   32|          0|
    |crow_27_3_reg_10177        |   32|   32|          0|
    |crow_27_4_reg_16153        |   32|   32|          0|
    |crow_27_reg_1186           |   32|   32|          0|
    |crow_28_1_reg_1918         |   32|   32|          0|
    |crow_28_2_reg_2680         |   32|   32|          0|
    |crow_28_3_reg_9979         |   32|   32|          0|
    |crow_28_4_reg_16141        |   32|   32|          0|
    |crow_28_reg_1174           |   32|   32|          0|
    |crow_29_1_reg_1907         |   32|   32|          0|
    |crow_29_2_reg_2668         |   32|   32|          0|
    |crow_29_3_reg_9781         |   32|   32|          0|
    |crow_29_4_reg_16129        |   32|   32|          0|
    |crow_29_reg_1162           |   32|   32|          0|
    |crow_2_1_reg_2204          |   32|   32|          0|
    |crow_2_2_reg_2992          |   32|   32|          0|
    |crow_2_3_reg_15127         |   32|   32|          0|
    |crow_2_4_reg_16453         |   32|   32|          0|
    |crow_2_reg_1486            |   32|   32|          0|
    |crow_30_1_reg_1896         |   32|   32|          0|
    |crow_30_2_reg_2656         |   32|   32|          0|
    |crow_30_3_reg_9583         |   32|   32|          0|
    |crow_30_4_reg_16117        |   32|   32|          0|
    |crow_30_reg_1150           |   32|   32|          0|
    |crow_31_1_reg_1885         |   32|   32|          0|
    |crow_31_2_reg_2644         |   32|   32|          0|
    |crow_31_3_reg_9385         |   32|   32|          0|
    |crow_31_4_reg_16105        |   32|   32|          0|
    |crow_31_reg_1138           |   32|   32|          0|
    |crow_32_1_reg_1874         |   32|   32|          0|
    |crow_32_2_reg_2632         |   32|   32|          0|
    |crow_32_3_reg_9187         |   32|   32|          0|
    |crow_32_4_reg_16093        |   32|   32|          0|
    |crow_32_reg_1126           |   32|   32|          0|
    |crow_33_1_reg_1863         |   32|   32|          0|
    |crow_33_2_reg_2620         |   32|   32|          0|
    |crow_33_3_reg_8989         |   32|   32|          0|
    |crow_33_4_reg_16081        |   32|   32|          0|
    |crow_33_reg_1114           |   32|   32|          0|
    |crow_34_1_reg_1852         |   32|   32|          0|
    |crow_34_2_reg_2608         |   32|   32|          0|
    |crow_34_3_reg_8791         |   32|   32|          0|
    |crow_34_4_reg_16069        |   32|   32|          0|
    |crow_34_reg_1102           |   32|   32|          0|
    |crow_35_1_reg_1841         |   32|   32|          0|
    |crow_35_2_reg_2596         |   32|   32|          0|
    |crow_35_3_reg_8593         |   32|   32|          0|
    |crow_35_4_reg_16057        |   32|   32|          0|
    |crow_35_reg_1090           |   32|   32|          0|
    |crow_36_1_reg_1830         |   32|   32|          0|
    |crow_36_2_reg_2584         |   32|   32|          0|
    |crow_36_3_reg_8395         |   32|   32|          0|
    |crow_36_4_reg_16045        |   32|   32|          0|
    |crow_36_reg_1078           |   32|   32|          0|
    |crow_37_1_reg_1819         |   32|   32|          0|
    |crow_37_2_reg_2572         |   32|   32|          0|
    |crow_37_3_reg_8197         |   32|   32|          0|
    |crow_37_4_reg_16033        |   32|   32|          0|
    |crow_37_reg_1066           |   32|   32|          0|
    |crow_38_1_reg_1808         |   32|   32|          0|
    |crow_38_2_reg_2560         |   32|   32|          0|
    |crow_38_3_reg_7999         |   32|   32|          0|
    |crow_38_4_reg_16021        |   32|   32|          0|
    |crow_38_reg_1054           |   32|   32|          0|
    |crow_39_1_reg_1797         |   32|   32|          0|
    |crow_39_2_reg_2548         |   32|   32|          0|
    |crow_39_3_reg_7801         |   32|   32|          0|
    |crow_39_4_reg_16009        |   32|   32|          0|
    |crow_39_reg_1042           |   32|   32|          0|
    |crow_3_1_reg_2193          |   32|   32|          0|
    |crow_3_2_reg_2980          |   32|   32|          0|
    |crow_3_3_reg_14929         |   32|   32|          0|
    |crow_3_4_reg_16441         |   32|   32|          0|
    |crow_3_reg_1474            |   32|   32|          0|
    |crow_40_1_reg_1786         |   32|   32|          0|
    |crow_40_2_reg_2536         |   32|   32|          0|
    |crow_40_3_reg_7603         |   32|   32|          0|
    |crow_40_4_reg_15997        |   32|   32|          0|
    |crow_40_reg_1030           |   32|   32|          0|
    |crow_41_1_reg_1775         |   32|   32|          0|
    |crow_41_2_reg_2524         |   32|   32|          0|
    |crow_41_3_reg_7405         |   32|   32|          0|
    |crow_41_4_reg_15985        |   32|   32|          0|
    |crow_41_reg_1018           |   32|   32|          0|
    |crow_42_1_reg_1764         |   32|   32|          0|
    |crow_42_2_reg_2512         |   32|   32|          0|
    |crow_42_3_reg_7207         |   32|   32|          0|
    |crow_42_4_reg_15973        |   32|   32|          0|
    |crow_42_reg_1006           |   32|   32|          0|
    |crow_43_1_reg_1753         |   32|   32|          0|
    |crow_43_2_reg_2500         |   32|   32|          0|
    |crow_43_3_reg_7009         |   32|   32|          0|
    |crow_43_4_reg_15961        |   32|   32|          0|
    |crow_43_reg_994            |   32|   32|          0|
    |crow_44_1_reg_1742         |   32|   32|          0|
    |crow_44_2_reg_2488         |   32|   32|          0|
    |crow_44_3_reg_6811         |   32|   32|          0|
    |crow_44_4_reg_15949        |   32|   32|          0|
    |crow_44_reg_982            |   32|   32|          0|
    |crow_45_1_reg_1731         |   32|   32|          0|
    |crow_45_2_reg_2476         |   32|   32|          0|
    |crow_45_3_reg_6613         |   32|   32|          0|
    |crow_45_4_reg_15937        |   32|   32|          0|
    |crow_45_reg_970            |   32|   32|          0|
    |crow_46_1_reg_1720         |   32|   32|          0|
    |crow_46_2_reg_2464         |   32|   32|          0|
    |crow_46_3_reg_6415         |   32|   32|          0|
    |crow_46_4_reg_15925        |   32|   32|          0|
    |crow_46_reg_958            |   32|   32|          0|
    |crow_47_1_reg_1709         |   32|   32|          0|
    |crow_47_2_reg_2452         |   32|   32|          0|
    |crow_47_3_reg_6217         |   32|   32|          0|
    |crow_47_4_reg_15913        |   32|   32|          0|
    |crow_47_reg_946            |   32|   32|          0|
    |crow_48_1_reg_1698         |   32|   32|          0|
    |crow_48_2_reg_2440         |   32|   32|          0|
    |crow_48_3_reg_6019         |   32|   32|          0|
    |crow_48_4_reg_15901        |   32|   32|          0|
    |crow_48_reg_934            |   32|   32|          0|
    |crow_49_1_reg_1687         |   32|   32|          0|
    |crow_49_2_reg_2428         |   32|   32|          0|
    |crow_49_3_reg_5821         |   32|   32|          0|
    |crow_49_4_reg_15889        |   32|   32|          0|
    |crow_49_reg_922            |   32|   32|          0|
    |crow_4_1_reg_2182          |   32|   32|          0|
    |crow_4_2_reg_2968          |   32|   32|          0|
    |crow_4_3_reg_14731         |   32|   32|          0|
    |crow_4_4_reg_16429         |   32|   32|          0|
    |crow_4_reg_1462            |   32|   32|          0|
    |crow_50_1_reg_1676         |   32|   32|          0|
    |crow_50_2_reg_2416         |   32|   32|          0|
    |crow_50_3_reg_5623         |   32|   32|          0|
    |crow_50_4_reg_15877        |   32|   32|          0|
    |crow_50_reg_910            |   32|   32|          0|
    |crow_51_1_reg_1665         |   32|   32|          0|
    |crow_51_2_reg_2404         |   32|   32|          0|
    |crow_51_3_reg_5425         |   32|   32|          0|
    |crow_51_4_reg_15865        |   32|   32|          0|
    |crow_51_reg_898            |   32|   32|          0|
    |crow_52_1_reg_1654         |   32|   32|          0|
    |crow_52_2_reg_2392         |   32|   32|          0|
    |crow_52_3_reg_5227         |   32|   32|          0|
    |crow_52_4_reg_15853        |   32|   32|          0|
    |crow_52_reg_886            |   32|   32|          0|
    |crow_53_1_reg_1643         |   32|   32|          0|
    |crow_53_2_reg_2380         |   32|   32|          0|
    |crow_53_3_reg_5029         |   32|   32|          0|
    |crow_53_4_reg_15841        |   32|   32|          0|
    |crow_53_reg_874            |   32|   32|          0|
    |crow_54_1_reg_1632         |   32|   32|          0|
    |crow_54_2_reg_2368         |   32|   32|          0|
    |crow_54_3_reg_4831         |   32|   32|          0|
    |crow_54_4_reg_15829        |   32|   32|          0|
    |crow_54_reg_862            |   32|   32|          0|
    |crow_55_1_reg_1621         |   32|   32|          0|
    |crow_55_2_reg_2356         |   32|   32|          0|
    |crow_55_3_reg_4633         |   32|   32|          0|
    |crow_55_4_reg_15817        |   32|   32|          0|
    |crow_55_reg_850            |   32|   32|          0|
    |crow_56_1_reg_1610         |   32|   32|          0|
    |crow_56_2_reg_2344         |   32|   32|          0|
    |crow_56_3_reg_4435         |   32|   32|          0|
    |crow_56_4_reg_15805        |   32|   32|          0|
    |crow_56_reg_838            |   32|   32|          0|
    |crow_57_1_reg_1599         |   32|   32|          0|
    |crow_57_2_reg_2332         |   32|   32|          0|
    |crow_57_3_reg_4237         |   32|   32|          0|
    |crow_57_4_reg_15793        |   32|   32|          0|
    |crow_57_reg_826            |   32|   32|          0|
    |crow_58_1_reg_1588         |   32|   32|          0|
    |crow_58_2_reg_2320         |   32|   32|          0|
    |crow_58_3_reg_4039         |   32|   32|          0|
    |crow_58_4_reg_15781        |   32|   32|          0|
    |crow_58_reg_814            |   32|   32|          0|
    |crow_59_1_reg_1577         |   32|   32|          0|
    |crow_59_2_reg_2308         |   32|   32|          0|
    |crow_59_3_reg_3841         |   32|   32|          0|
    |crow_59_4_reg_15769        |   32|   32|          0|
    |crow_59_reg_802            |   32|   32|          0|
    |crow_5_1_reg_2171          |   32|   32|          0|
    |crow_5_2_reg_2956          |   32|   32|          0|
    |crow_5_3_reg_14533         |   32|   32|          0|
    |crow_5_4_reg_16417         |   32|   32|          0|
    |crow_5_reg_1450            |   32|   32|          0|
    |crow_60_1_reg_1566         |   32|   32|          0|
    |crow_60_2_reg_2296         |   32|   32|          0|
    |crow_60_3_reg_3643         |   32|   32|          0|
    |crow_60_4_reg_15757        |   32|   32|          0|
    |crow_60_reg_790            |   32|   32|          0|
    |crow_61_1_reg_1555         |   32|   32|          0|
    |crow_61_2_reg_2284         |   32|   32|          0|
    |crow_61_3_reg_3445         |   32|   32|          0|
    |crow_61_4_reg_15745        |   32|   32|          0|
    |crow_61_reg_778            |   32|   32|          0|
    |crow_62_1_reg_1544         |   32|   32|          0|
    |crow_62_2_reg_2272         |   32|   32|          0|
    |crow_62_3_reg_3247         |   32|   32|          0|
    |crow_62_4_reg_15733        |   32|   32|          0|
    |crow_62_reg_766            |   32|   32|          0|
    |crow_63_1_reg_1533         |   32|   32|          0|
    |crow_63_2_reg_2260         |   32|   32|          0|
    |crow_63_3_reg_3049         |   32|   32|          0|
    |crow_63_4_reg_15721        |   32|   32|          0|
    |crow_6_1_reg_2160          |   32|   32|          0|
    |crow_6_2_reg_2944          |   32|   32|          0|
    |crow_6_3_reg_14335         |   32|   32|          0|
    |crow_6_4_reg_16405         |   32|   32|          0|
    |crow_6_reg_1438            |   32|   32|          0|
    |crow_7_1_reg_2149          |   32|   32|          0|
    |crow_7_2_reg_2932          |   32|   32|          0|
    |crow_7_3_reg_14137         |   32|   32|          0|
    |crow_7_4_reg_16393         |   32|   32|          0|
    |crow_7_reg_1426            |   32|   32|          0|
    |crow_8_1_reg_2138          |   32|   32|          0|
    |crow_8_2_reg_2920          |   32|   32|          0|
    |crow_8_3_reg_13939         |   32|   32|          0|
    |crow_8_4_reg_16381         |   32|   32|          0|
    |crow_8_reg_1414            |   32|   32|          0|
    |crow_9_1_reg_2127          |   32|   32|          0|
    |crow_9_2_reg_2908          |   32|   32|          0|
    |crow_9_3_reg_13741         |   32|   32|          0|
    |crow_9_4_reg_16369         |   32|   32|          0|
    |crow_9_reg_1402            |   32|   32|          0|
    |crow_reg_1510              |   32|   32|          0|
    |crow_s_reg_754             |   32|   32|          0|
    |curElemA_reg_20258         |  256|  256|          0|
    |curElemB_reg_20393         |  256|  256|          0|
    |curElemC_1_reg_20263       |  256|  256|          0|
    |curIdx_1_reg_21067         |    9|    9|          0|
    |curIdx_2_reg_20377         |    9|    9|          0|
    |curIdx_reg_20236           |    9|    9|          0|
    |indvars_iv5_reg_16500      |    7|    7|          0|
    |indvars_iv_reg_16690       |    7|    7|          0|
    |j_1_reg_16524              |    4|    4|          0|
    |j_2_reg_16714              |    4|    4|          0|
    |j_3_reg_20231              |    4|    4|          0|
    |j_4_reg_21062              |    4|    4|          0|
    |j_5_reg_20372              |    4|    4|          0|
    |j_reg_2249                 |    4|    4|          0|
    |k_1_reg_3039               |    7|    7|          0|
    |k_2_reg_16512              |    7|    7|          0|
    |k_3_reg_16535              |    7|    7|          0|
    |k_4_reg_16702              |    7|    7|          0|
    |k_5_reg_16725              |    7|    7|          0|
    |k_6_reg_20241              |    7|    7|          0|
    |k_7_reg_21072              |    7|    7|          0|
    |k_8_reg_20382              |    7|    7|          0|
    |k_reg_2237                 |    7|    7|          0|
    |p_Repl2_s_reg_16759        |   32|   32|          0|
    |p_Val2_1_reg_16735         |  256|  256|          0|
    |rowBaseIdxB_reg_20364      |    6|    9|          3|
    |rowBaseIdx_reg_19902       |    6|    9|          3|
    |rowIdxB_1_reg_20355        |    7|    7|          0|
    |rowIdxB_reg_16489          |    7|    7|          0|
    |rowIdx_1_reg_19897         |    7|    7|          0|
    |rowIdx_reg_1522            |    7|    7|          0|
    |t2_1_reg_20271             |    4|    4|          0|
    |t2_2_reg_21080             |    4|    4|          0|
    |t2_reg_3028                |    4|    4|          0|
    |t3_reg_16545               |    4|    4|          0|
    |t_reg_16748                |    4|    4|          0|
    |tmp_10_reg_21094           |    7|    7|          0|
    |tmp_13_reg_20360           |    6|    6|          0|
    |tmp_22_reg_21088           |    3|    3|          0|
    |tmp_9_reg_20347            |    7|    7|          0|
    +---------------------------+-----+-----+-----------+
    |Total                      |17688|17694|          6|
    +---------------------------+-----+-----+-----------+



================================================================
== Interface
================================================================
* Summary: 
+---------------+-----+-----+------------+--------------+--------------+
|   RTL Ports   | Dir | Bits|  Protocol  | Source Object|    C Type    |
+---------------+-----+-----+------------+--------------+--------------+
|ap_clk         |  in |    1| ap_ctrl_hs |   mmult_top  | return value |
|ap_rst         |  in |    1| ap_ctrl_hs |   mmult_top  | return value |
|ap_start       |  in |    1| ap_ctrl_hs |   mmult_top  | return value |
|ap_done        | out |    1| ap_ctrl_hs |   mmult_top  | return value |
|ap_idle        | out |    1| ap_ctrl_hs |   mmult_top  | return value |
|ap_ready       | out |    1| ap_ctrl_hs |   mmult_top  | return value |
|a_req_din      | out |    1|   ap_bus   |       a      |    pointer   |
|a_req_full_n   |  in |    1|   ap_bus   |       a      |    pointer   |
|a_req_write    | out |    1|   ap_bus   |       a      |    pointer   |
|a_rsp_empty_n  |  in |    1|   ap_bus   |       a      |    pointer   |
|a_rsp_read     | out |    1|   ap_bus   |       a      |    pointer   |
|a_address      | out |   32|   ap_bus   |       a      |    pointer   |
|a_datain       |  in |  256|   ap_bus   |       a      |    pointer   |
|a_dataout      | out |  256|   ap_bus   |       a      |    pointer   |
|a_size         | out |   32|   ap_bus   |       a      |    pointer   |
|b_req_din      | out |    1|   ap_bus   |       b      |    pointer   |
|b_req_full_n   |  in |    1|   ap_bus   |       b      |    pointer   |
|b_req_write    | out |    1|   ap_bus   |       b      |    pointer   |
|b_rsp_empty_n  |  in |    1|   ap_bus   |       b      |    pointer   |
|b_rsp_read     | out |    1|   ap_bus   |       b      |    pointer   |
|b_address      | out |   32|   ap_bus   |       b      |    pointer   |
|b_datain       |  in |  256|   ap_bus   |       b      |    pointer   |
|b_dataout      | out |  256|   ap_bus   |       b      |    pointer   |
|b_size         | out |   32|   ap_bus   |       b      |    pointer   |
|c_req_din      | out |    1|   ap_bus   |       c      |    pointer   |
|c_req_full_n   |  in |    1|   ap_bus   |       c      |    pointer   |
|c_req_write    | out |    1|   ap_bus   |       c      |    pointer   |
|c_rsp_empty_n  |  in |    1|   ap_bus   |       c      |    pointer   |
|c_rsp_read     | out |    1|   ap_bus   |       c      |    pointer   |
|c_address      | out |   32|   ap_bus   |       c      |    pointer   |
|c_datain       |  in |  256|   ap_bus   |       c      |    pointer   |
|c_dataout      | out |  256|   ap_bus   |       c      |    pointer   |
|c_size         | out |   32|   ap_bus   |       c      |    pointer   |
+---------------+-----+-----+------------+--------------+--------------+

