@I [HLS-0] Workspace /home/raghu/w/vivadoProjects/matrixMultiply/hls/mmult/solution1 opened at Wed May 28 13:42:19 PDT 2014
@I [HLS-100] Command "config_clock -quiet -name default -period 10 -default=false "
@I [SYN-201] Setting up clock 'default' with a period of 10ns.
@I [HLS-100] Command 'config_clock' returned 0; elapsed 0Total elapsed time: 0.229 sec.
@I [HLS-100] Command "open_platform DefaultPlatform "
@I [HLS-100] Command 'open_platform' returned 0; elapsed 0Total elapsed time: 0.230 sec.
@I [HLS-100] Command "import_lib /home/raghu/tools/xilinx/Vivado_HLS/2013.3/common/technology/xilinx/zynq/zynq "
@I [HLS-100] Command "source /home/raghu/tools/xilinx/Vivado_HLS/2013.3/common/technology/xilinx/common/xilinx.lib "
@I [HLS-100] Command "source /home/raghu/tools/xilinx/Vivado_HLS/2013.3/common/technology/xilinx/interface/xilinx_interface.lib "
@I [HLS-100] Command "source /home/raghu/tools/xilinx/Vivado_HLS/2013.3/common/technology/xilinx/interface/plb46.lib "
@I [HLS-100] Command 'ap_source' returned 0; elapsed 0Total elapsed time: 0.230 sec.
@I [HLS-100] Command "source /home/raghu/tools/xilinx/Vivado_HLS/2013.3/common/technology/xilinx/interface/fsl.lib "
@I [HLS-100] Command 'ap_source' returned 0; elapsed 0Total elapsed time: 0.231 sec.
@I [HLS-100] Command "source /home/raghu/tools/xilinx/Vivado_HLS/2013.3/common/technology/xilinx/interface/axi4.lib "
@I [HLS-100] Command 'ap_source' returned 0; elapsed 0Total elapsed time: 0.231 sec.
@I [HLS-100] Command 'ap_source' returned 0; elapsed 0Total elapsed time: 0.231 sec.
@I [HLS-100] Command "source /home/raghu/tools/xilinx/Vivado_HLS/2013.3/common/technology/xilinx/common/dsp48.lib "
@I [HLS-100] Command 'ap_source' returned 0; elapsed 0Total elapsed time: 0.231 sec.
@I [HLS-100] Command "source /home/raghu/tools/xilinx/Vivado_HLS/2013.3/common/technology/xilinx/ip/xfir.lib "
@I [HLS-100] Command 'ap_source' returned 0; elapsed 0Total elapsed time: 0.231 sec.
@I [HLS-100] Command "source /home/raghu/tools/xilinx/Vivado_HLS/2013.3/common/technology/xilinx/ip/xfft.lib "
@I [HLS-100] Command 'ap_source' returned 0; elapsed 0Total elapsed time: 0.231 sec.
@I [HLS-100] Command 'ap_source' returned 0; elapsed 0Total elapsed time: 0.233 sec.
@I [HLS-100] Command "source /home/raghu/tools/xilinx/Vivado_HLS/2013.3/common/technology/xilinx/common/xilinx_old.lib "
@I [HLS-100] Command 'ap_source' returned 0; elapsed 0Total elapsed time: 0.235 sec.
@I [HLS-100] Command "source /home/raghu/tools/xilinx/Vivado_HLS/2013.3/common/technology/xilinx/common/xilinx_vivado.lib "
@I [HLS-100] Command 'ap_source' returned 0; elapsed 0Total elapsed time: 0.235 sec.
@I [HLS-100] Command "source /home/raghu/tools/xilinx/Vivado_HLS/2013.3/common/technology/xilinx/common/xilinx.hlp "
@I [HLS-100] Command "source /home/raghu/tools/xilinx/Vivado_HLS/2013.3/common/technology/xilinx/common/target_info.tcl "
@I [HLS-100] Command 'ap_source' returned 0; elapsed 0Total elapsed time: 0.237 sec.
@I [HLS-100] Command "source /home/raghu/tools/xilinx/Vivado_HLS/2013.3/common/technology/xilinx/common/dsp48.hlp "
@I [HLS-100] Command 'ap_source' returned 0; elapsed 0Total elapsed time: 0.238 sec.
@I [HLS-100] Command 'ap_source' returned 0; elapsed 0Total elapsed time: 0.238 sec.
@I [HLS-100] Command "source /home/raghu/tools/xilinx/Vivado_HLS/2013.3/common/technology/xilinx/zynq/dsp48e1.hlp "
@I [HLS-100] Command 'ap_source' returned 0; elapsed 0Total elapsed time: 0.238 sec.
@I [HLS-100] Command "get_default_platform "
@I [HLS-100] Command 'get_default_platform' returned 0; elapsed 0Total elapsed time: 0.238 sec.
@I [HLS-100] Command "config_chip_info -quiet -resource  {SLICE 13300}  {LUT 53200}     {FF 106400} {DSP48E 220}   {BRAM 280}  "
@I [HLS-100] Command 'config_chip_info' returned 0; elapsed 0Total elapsed time: 0.238 sec.
@I [HLS-100] Command "config_chip_info -quiet -speed medium "
@I [HLS-100] Command 'config_chip_info' returned 0; elapsed 0Total elapsed time: 0.239 sec.
@I [HLS-100] Command 'import_lib' returned 0; elapsed 0Total elapsed time: 0.240 sec.
@I [HLS-100] Command "source /home/raghu/tools/xilinx/Vivado_HLS/2013.3/common/technology/xilinx/zynq/zynq.gen "
@I [HLS-100] Command "source /home/raghu/tools/xilinx/Vivado_HLS/2013.3/common/technology/xilinx/common/virtex.gen "
@I [HLS-100] Command "source /home/raghu/tools/xilinx/Vivado_HLS/2013.3/common/technology/xilinx/common/xilinx.gen "
@I [HLS-100] Command "source /home/raghu/tools/xilinx/Vivado_HLS/2013.3/common/technology/xilinx/interface/plb46.gen "
@I [HLS-100] Command 'ap_source' returned 0; elapsed 0Total elapsed time: 0.241 sec.
@I [HLS-100] Command "source /home/raghu/tools/xilinx/Vivado_HLS/2013.3/common/technology/xilinx/interface/fsl.gen "
@I [HLS-100] Command 'ap_source' returned 0; elapsed 0Total elapsed time: 0.242 sec.
@I [HLS-100] Command "source /home/raghu/tools/xilinx/Vivado_HLS/2013.3/common/technology/xilinx/interface/axi4.gen "
@I [HLS-100] Command 'ap_source' returned 0; elapsed 0.01Total elapsed time: 0.243 sec.
@I [HLS-100] Command "source /home/raghu/tools/xilinx/Vivado_HLS/2013.3/common/technology/xilinx/scripts/xilinxcoregen.gen "
@I [HLS-100] Command 'ap_source' returned 0; elapsed 0Total elapsed time: 0.250 sec.
@I [HLS-100] Command "source /home/raghu/tools/xilinx/Vivado_HLS/2013.3/common/technology/xilinx/interface/XilEDKCoreGen.gen "
@I [HLS-100] Command 'ap_source' returned 0; elapsed 0.01Total elapsed time: 0.257 sec.
@I [HLS-100] Command "source /home/raghu/tools/xilinx/Vivado_HLS/2013.3/common/technology/xilinx/ip/util.gen "
@I [HLS-100] Command 'ap_source' returned 0; elapsed 0Total elapsed time: 0.257 sec.
@I [HLS-100] Command "source /home/raghu/tools/xilinx/Vivado_HLS/2013.3/common/technology/xilinx/ip/xfft.gen "
@I [HLS-100] Command 'ap_source' returned 0; elapsed 0.11Total elapsed time: 0.370 sec.
@I [HLS-100] Command "source /home/raghu/tools/xilinx/Vivado_HLS/2013.3/common/technology/xilinx/ip/xfir.gen "
@I [HLS-100] Command "source /home/raghu/tools/xilinx/Vivado_HLS/2013.3/tps/tcl/tcllib1.11.1/struct/list.tcl "
@I [HLS-100] Command "source /home/raghu/tools/xilinx/Vivado_HLS/2013.3/tps/tcl/tcllib1.11.1/cmdline/cmdline.tcl "
@I [HLS-100] Command 'ap_source' returned 0; elapsed 0Total elapsed time: 0.383 sec.
@I [HLS-100] Command 'ap_source' returned 0; elapsed 0Total elapsed time: 0.384 sec.
@I [HLS-100] Command "source /home/raghu/tools/xilinx/Vivado_HLS/2013.3/tps/tcl/tcllib1.11.1/math/bignum.tcl "
@I [HLS-100] Command 'ap_source' returned 0; elapsed 0Total elapsed time: 0.388 sec.
@I [HLS-100] Command 'ap_source' returned 0; elapsed 0.03Total elapsed time: 0.395 sec.
@I [HLS-100] Command 'ap_source' returned 0; elapsed 0.16Total elapsed time: 0.395 sec.
@I [HLS-100] Command "source /home/raghu/tools/xilinx/Vivado_HLS/2013.3/common/technology/xilinx/common/dsp48.gen "
@I [HLS-100] Command 'ap_source' returned 0; elapsed 0Total elapsed time: 0.396 sec.
@I [HLS-100] Command 'ap_source' returned 0; elapsed 0.16Total elapsed time: 0.396 sec.
@I [HLS-100] Command 'ap_source' returned 0; elapsed 0.16Total elapsed time: 0.396 sec.
@I [HLS-100] Command "open_platform DefaultPlatform "
@I [HLS-100] Command 'open_platform' returned 0; elapsed 0Total elapsed time: 0.396 sec.
@I [HLS-100] Command "import_lib /home/raghu/tools/xilinx/Vivado_HLS/2013.3/common/technology/xilinx/zynq/zynq_fpv6 "
@I [HLS-100] Command "source /home/raghu/tools/xilinx/Vivado_HLS/2013.3/common/technology/xilinx/common/xilinx_fpv7.lib "
@I [HLS-100] Command "source /home/raghu/tools/xilinx/Vivado_HLS/2013.3/common/technology/xilinx/common/xilinx_fpv6.lib "
@I [HLS-100] Command 'ap_source' returned 0; elapsed 0Total elapsed time: 0.397 sec.
@I [HLS-100] Command 'ap_source' returned 0; elapsed 0Total elapsed time: 0.399 sec.
@I [HLS-100] Command 'import_lib' returned 0; elapsed 0.01Total elapsed time: 0.408 sec.
@I [HLS-100] Command "source /home/raghu/tools/xilinx/Vivado_HLS/2013.3/common/technology/xilinx/zynq/zynq_fpv6.gen "
@I [HLS-100] Command "source /home/raghu/tools/xilinx/Vivado_HLS/2013.3/common/technology/xilinx/common/xilinx_fpv6.gen "
@I [HLS-100] Command 'ap_source' returned 0; elapsed 0Total elapsed time: 0.409 sec.
@I [HLS-100] Command 'ap_source' returned 0; elapsed 0Total elapsed time: 0.409 sec.
@I [HLS-100] Command "set_part xc7z045ffg900-1 "
@I [HLS-100] Command "add_library xilinx/zynq/zynq:xc7z045:ffg900:-1 "
@I [HLS-100] Command "get_default_platform "
@I [HLS-100] Command 'get_default_platform' returned 0; elapsed 0Total elapsed time: 0.411 sec.
@I [HLS-100] Command "license_exists VIVADO_HLS "
@I [HLS-100] Command 'license_exists' returned 1; elapsed 0Total elapsed time: 0.411 sec.
@I [HLS-100] Command "license_exists AUTOESL_NI "
@I [HLS-100] Command 'license_exists' returned 1; elapsed 0Total elapsed time: 0.411 sec.
@I [HLS-100] Command "license_exists HLS "
@I [HLS-100] Command 'license_exists' returned 0; elapsed 0Total elapsed time: 0.411 sec.
@I [HLS-100] Command "get_default_platform "
@I [HLS-100] Command 'get_default_platform' returned 0; elapsed 0Total elapsed time: 0.412 sec.
@I [HLS-100] Command "config_chip_info -quiet -resource  {SLICE 54650}  {LUT 218600}    {FF 437200} {DSP48E 900}   {BRAM 1090}  "
@I [HLS-100] Command 'config_chip_info' returned 0; elapsed 0Total elapsed time: 0.412 sec.
@I [HLS-100] Command "config_chip_info -quiet -speed slow "
@I [HLS-100] Command 'config_chip_info' returned 0; elapsed 0Total elapsed time: 0.412 sec.
@I [HLS-100] Command 'add_library' returned 0; elapsed 0Total elapsed time: 0.412 sec.
@I [HLS-100] Command "add_library xilinx/zynq/zynq_fpv6 "
@I [HLS-100] Command "get_default_platform "
@I [HLS-100] Command 'get_default_platform' returned 0; elapsed 0Total elapsed time: 0.413 sec.
@I [HLS-100] Command "license_exists VIVADO_HLS "
@I [HLS-100] Command 'license_exists' returned 1; elapsed 0Total elapsed time: 0.413 sec.
@I [HLS-100] Command "license_exists AUTOESL_NI "
@I [HLS-100] Command 'license_exists' returned 1; elapsed 0Total elapsed time: 0.413 sec.
@I [HLS-100] Command "license_exists HLS "
@I [HLS-100] Command 'license_exists' returned 0; elapsed 0Total elapsed time: 0.413 sec.
@I [HLS-100] Command 'add_library' returned 0; elapsed 0Total elapsed time: 0.413 sec.
@I [HLS-10] Setting target device to 'xc7z045ffg900-1'
@I [HLS-100] Command 'set_part' returned 0; elapsed 0Total elapsed time: 0.413 sec.
@I [HLS-100] Command "get_default_platform "
@I [HLS-100] Command 'get_default_platform' returned 0; elapsed 0Total elapsed time: 0.413 sec.
@I [HLS-100] Command "config_chip_info -quiet -resource  {SLICE 54650}  {LUT 218600}    {FF 437200} {DSP48E 900}   {BRAM 1090}  "
@I [HLS-100] Command 'config_chip_info' returned 0; elapsed 0Total elapsed time: 0.413 sec.
@I [HLS-100] Command "config_chip_info -quiet -speed slow "
@I [HLS-100] Command 'config_chip_info' returned 0; elapsed 0Total elapsed time: 0.413 sec.
@I [HLS-100] Command 'open_solution' returned 0; elapsed 0.18Total elapsed time: 0.414 sec.
@I [HLS-100] Command "csynth_design "
@I [HLS-100] Command "elaborate -effort=medium -skip_syncheck=0 -lm=0 -skip_transform=0 -ng=0 -g=0 -opt_fp=0 "
@I [HLS-10] Analyzing design file 'mmult/mmult_top.cpp' ... 
@0 [HLS-0] Analyzing design file 'mmult/mmult_top.cpp' ... 
@I [HLS-0] Compiling one TU...
@I [HLS-0] 
Checking before pre-process: exec clang -gcc-toolchain "/home/raghu/tools/xilinx/Vivado_HLS/2013.3/lnx64/tools/gcc" -hls    -D "__asm__(...)=" -fno-math-errno -c -emit-llvm -O0  -mllvm -disable-llvm-optzns -fno-threadsafe-statics  -fno-use-cxa-atexit  -fno-threadsafe-statics -fno-use-cxa-atexit   -I "/home/raghu/tools/xilinx/Vivado_HLS/2013.3/lnx64/tools/systemc/include" -I "/home/raghu/tools/xilinx/Vivado_HLS/2013.3/include" -I "/home/raghu/tools/xilinx/Vivado_HLS/2013.3/include/ap_sysc" -fexceptions "mmult/mmult_top.cpp"  -o "/home/raghu/w/vivadoProjects/matrixMultiply/hls/mmult/solution1/.autopilot/db/mmult_top.pp.00.o"

@I [HLS-0] Syntax Checker time: 0 seconds per iteration
@I [HLS-0] 
Source preprocessing: exec clang -gcc-toolchain "/home/raghu/tools/xilinx/Vivado_HLS/2013.3/lnx64/tools/gcc" -hls -fno-exceptions  -D__llvm__  -CC -E "mmult/mmult_top.cpp"     -D "__asm__(...)=" -fno-math-errno -c -emit-llvm -O0  -mllvm -disable-llvm-optzns -fno-threadsafe-statics  -fno-use-cxa-atexit  -fno-threadsafe-statics -fno-use-cxa-atexit -DAESL_SYN -D__SYNTHESIS__ -D__HLS_SYN__ -I "/home/raghu/tools/xilinx/Vivado_HLS/2013.3/common/technology/autopilot" -I "/home/raghu/tools/xilinx/Vivado_HLS/2013.3/common/technology/autopilot/ap_sysc" -include etc/autopilot_ssdm_op.h -D "__asm__(...)="  -o "/home/raghu/w/vivadoProjects/matrixMultiply/hls/mmult/solution1/.autopilot/db/mmult_top.pp.0.cpp"

@I [HLS-0] GCC PP time: 0 seconds per iteration
@I [HLS-100] Command "list_core -type functional_unit "
@I [HLS-100] Command 'list_core' returned 0; elapsed 0Total elapsed time: 1.412 sec.
@I [HLS-0] Marker-Pragma convertor: /home/raghu/w/vivadoProjects/matrixMultiply/hls/mmult/solution1/.autopilot/db/mmult_top.pp.0.cpp /home/raghu/w/vivadoProjects/matrixMultiply/hls/mmult/solution1/.autopilot/db/mmult_top.pp.0.cpp.ap-line.cpp /home/raghu/w/vivadoProjects/matrixMultiply/hls/mmult/solution1/.autopilot/db/mmult_top.pp.0.cpp.ap-line.cpp.CXX 1
@I [HLS-0] 
Source processor: exec /home/raghu/tools/xilinx/Vivado_HLS/2013.3/tps/lnx64/jre/bin/java -Xmx512m -classpath   "/home/raghu/tools/xilinx/Vivado_HLS/2013.3/lib/classes/autopilot.sourceprocessor.jar:/home/raghu/tools/xilinx/Vivado_HLS/2013.3/lib/classes/org.eclipse.cdt.core_5.3.0.xilinx_patch.jar:/home/raghu/tools/xilinx/Vivado_HLS/2013.3/lib/classes/org.eclipse.core.runtime_3.7.0.v20110110.jar:/home/raghu/tools/xilinx/Vivado_HLS/2013.3/lib/classes/org.eclipse.equinox.common_3.6.0.v20110523.jar:/home/raghu/tools/xilinx/Vivado_HLS/2013.3/lib/classes/com.ibm.icu_4.4.2.v20110208.jar:/home/raghu/tools/xilinx/Vivado_HLS/2013.3/lib/classes/jargs.jar:/home/raghu/tools/xilinx/Vivado_HLS/2013.3/lnx64/tools/eclipse/plugins/org.eclipse.emf.common_2.7.0.v20120127-1122.jar:/home/raghu/tools/xilinx/Vivado_HLS/2013.3/lnx64/tools/eclipse/plugins/org.eclipse.emf.ecore_2.7.0.v20120127-1122.jar:/home/raghu/tools/xilinx/Vivado_HLS/2013.3/lnx64/tools/eclipse/plugins/org.eclipse.emf.ecore.xmi_2.7.0.v20120127-1122.jar:/home/raghu/tools/xilinx/Vivado_HLS/2013.3/lnx64/tools/eclipse/plugins/com.autoesl.autopilot.ui.directiveFileModel_1.0.0.jar:/home/raghu/tools/xilinx/Vivado_HLS/2013.3/lnx64/tools/eclipse/plugins/com.autoesl.autopilot.ui.common_1.0.0.jar"  autopilot.sourceprocessor.CParser  "/home/raghu/w/vivadoProjects/matrixMultiply/hls/mmult/solution1/.autopilot/db/mmult_top.pp.0.cpp.ap-line.cpp"  -m "mmult_top" -o "/home/raghu/w/vivadoProjects/matrixMultiply/hls/mmult/solution1/.autopilot/db/mmult_top.pp.0.cpp.ap-cdt.cpp" --ad --pc --pp --directive /home/raghu/w/vivadoProjects/matrixMultiply/hls/mmult/solution1/solution1.directive --source /home/raghu/w/vivadoProjects/matrixMultiply/hls/mmult/mmult_top.cpp --error /home/raghu/w/vivadoProjects/matrixMultiply/hls/mmult/solution1/.autopilot/db --funcunit "AddSub AddSubnS Mul MulnS Mul2S Mul3S Mul4S Mul5S Mul6S DivnS AddSub_DSP FDiv FSqrt DDiv DSqrt DRecip DRSqrt FAddSub_nodsp FAddSub_fulldsp FMul_nodsp FMul_meddsp FMul_fulldsp FMul_maxdsp FRSqrt_nodsp FRSqrt_fulldsp FRecip_nodsp FRecip_fulldsp FLog_nodsp FLog_meddsp FLog_fulldsp FExp_nodsp FExp_meddsp FExp_fulldsp DAddSub_nodsp DAddSub_fulldsp DMul_nodsp DMul_meddsp DMul_fulldsp DMul_maxdsp DLog_nodsp DLog_meddsp DLog_fulldsp DExp_nodsp DExp_meddsp DExp_fulldsp" --ce --tcl /home/raghu/w/vivadoProjects/matrixMultiply/hls/mmult/solution1/.autopilot/db --ve --vetcl /home/raghu/w/vivadoProjects/matrixMultiply/hls/mmult/solution1/.autopilot/db --lp --ca --es --gf --nk --df --pd --p2d /home/raghu/w/vivadoProjects/matrixMultiply/hls/mmult/solution1/.autopilot/db --sd --scff /home/raghu/w/vivadoProjects/matrixMultiply/hls/mmult/solution1/.autopilot/db/.systemc_flag

@I [HLS-0] Error:Syntax error in source:for (__decltype(__n + 0) __niter = __n;
Error:Missing ; in source:t
Error:Syntax error in source:)
 *__first = __value;
Error:Syntax error in source:for (__decltype(__n + 0) __niter = __n;
Error:Missing ; in source:t
Error:Syntax error in source:)
 *__first = __tmp;
@I [HLS-0] Marker-Pragma convertor: /home/raghu/w/vivadoProjects/matrixMultiply/hls/mmult/solution1/.autopilot/db/mmult_top.pp.0.cpp.ap-cdt.cpp /home/raghu/w/vivadoProjects/matrixMultiply/hls/mmult/solution1/.autopilot/db/mmult_top.pragma.0.cpp /home/raghu/w/vivadoProjects/matrixMultiply/hls/mmult/solution1/.autopilot/db/mmult_top.pragma.0.cpp.ap-line.CXX 0
@I [HLS-100] Command "source /home/raghu/w/vivadoProjects/matrixMultiply/hls/mmult/solution1/.autopilot/db/pragma.status.tcl "
@I [HLS-100] Command 'ap_source' returned 0; elapsed 0Total elapsed time: 14.472 sec.
@I [HLS-0] CDT processor time: 13 seconds per iteration
@I [HLS-0] Pragma handling time: 0 seconds per iteration
@I [HLS-0] 
Source preprocessing: exec clang -gcc-toolchain "/home/raghu/tools/xilinx/Vivado_HLS/2013.3/lnx64/tools/gcc" -hls -fno-exceptions  -D__llvm__  -CC -E "/home/raghu/w/vivadoProjects/matrixMultiply/hls/mmult/solution1/.autopilot/db/mmult_top.pragma.1.cpp"     -D "__asm__(...)=" -fno-math-errno -c -emit-llvm -O0  -mllvm -disable-llvm-optzns -fno-threadsafe-statics  -fno-use-cxa-atexit  -fno-threadsafe-statics -fno-use-cxa-atexit -DAESL_SYN -D__SYNTHESIS__ -D__HLS_SYN__ -I "/home/raghu/tools/xilinx/Vivado_HLS/2013.3/common/technology/autopilot" -I "/home/raghu/tools/xilinx/Vivado_HLS/2013.3/common/technology/autopilot/ap_sysc" -include etc/autopilot_ssdm_op.h -D "__asm__(...)="  -o "/home/raghu/w/vivadoProjects/matrixMultiply/hls/mmult/solution1/.autopilot/db/mmult_top.pragma.2.cpp"

@I [HLS-0] exec clang -gcc-toolchain /home/raghu/tools/xilinx/Vivado_HLS/2013.3/lnx64/tools/gcc -hls -fno-exceptions  -D__llvm__  -w  "/home/raghu/w/vivadoProjects/matrixMultiply/hls/mmult/solution1/.autopilot/db/mmult_top.pragma.2.cpp"    -D "__asm__(...)=" -fno-math-errno -c -emit-llvm -O0  -mllvm -disable-llvm-optzns -fno-threadsafe-statics  -fno-use-cxa-atexit -DAESL_SYN -D__SYNTHESIS__ -D__HLS_SYN__ -I "/home/raghu/tools/xilinx/Vivado_HLS/2013.3/common/technology/autopilot" -I "/home/raghu/tools/xilinx/Vivado_HLS/2013.3/common/technology/autopilot/ap_sysc" -include etc/autopilot_ssdm_op.h -g -o "/home/raghu/w/vivadoProjects/matrixMultiply/hls/mmult/solution1/.autopilot/db/mmult_top.g.bc"
@I [HLS-100] Command "source /home/raghu/w/vivadoProjects/matrixMultiply/hls/mmult/solution1/.autopilot/db/ve_warning.tcl "
@I [HLS-100] Command 'ap_source' returned 0; elapsed 0Total elapsed time: 15.775 sec.
@I [HLS-10] Validating synthesis directives ...
@0 [HLS-0] Validating synthesis directives ...
@I [HLS-100] Command "source /home/raghu/w/vivadoProjects/matrixMultiply/hls/mmult/solution1/.autopilot/db/pragma.status.tcl "
@I [HLS-100] Command 'ap_source' returned 0; elapsed 0Total elapsed time: 15.776 sec.
@I [HLS-0] Linking all ...
@I [HLS-0] exec llvm-ld  "/home/raghu/w/vivadoProjects/matrixMultiply/hls/mmult/solution1/.autopilot/db/mmult_top.bc"  -disable-opt  -L/home/raghu/tools/xilinx/Vivado_HLS/2013.3/lnx64/lib -lm_basic -o "/home/raghu/w/vivadoProjects/matrixMultiply/hls/mmult/solution1/.autopilot/db/a.o.pre"
@I [HLS-0] Link time: 0 seconds per iteration
@I [HLS-0] Linking all ...
@I [HLS-0] exec llvm-ld  "/home/raghu/w/vivadoProjects/matrixMultiply/hls/mmult/solution1/.autopilot/db/mmult_top.g.bc"  -disable-opt  -L/home/raghu/tools/xilinx/Vivado_HLS/2013.3/lnx64/lib -lm_basic -o "/home/raghu/w/vivadoProjects/matrixMultiply/hls/mmult/solution1/.autopilot/db/a.g.pre"
@I [HLS-0] Link time: 0 seconds per iteration
@I [HLS-100] Command "opt_and_import_c a -opt_level=2 -skip_syncheck=0 -ng=0 "
@I [HLS-100] Command "cleanup_all_models "
@I [HLS-100] Command 'cleanup_all_models' returned 0; elapsed 0Total elapsed time: 15.857 sec.
@I [HLS-10] Checking synthesizability ...
@0 [HLS-0] Checking synthesizability ...
@I [HLS-0] std xform: transform -hls -share-std-xform -always-inline -promote-dbg-pointer  -interface-preproc  -scalarrepl -mem2reg -keep-read-access -instcombine -dce  -promote-dbg-pointer  -bitop-raise  -basicaa  -simplifycfg -mem2reg -globalopt  -global-constprop -deadargelim -instcombine -simplifycfg  -prune-eh -simplifycfg  -scalarrepl -instcombine -reassociate -licm  -simplifycfg -loop-simplify -indvars -instcombine  -simplifycfg -mem2reg -loop-simplify -indvars -instcombine  -gvn -gvn -instcombine -dse -adce  -break-crit-edges  -simplifycfg -loop-delete  -global-array-opt  -find-syn-modules -top mmult_top  -deadargelim  -mem2reg -instcombine -dce  -presyn-prepare -auto-rom-infer  -syn-check -check-rec-only  -find-region -simplifycfg -func-extr -function-inline  -mem2reg -instcombine -dce   -gvn -adce -adse  -constprop -instcombine -bit-constprop  -instcombine -dce -simplifycfg -bitop-raise  -simplifycfg -dce -loop-delete  -globalopt -global-privatize -mem2reg -dce  -global-constprop -pointer-simplify -constprop -dce  -promote-dbg-pointer  -norm-name   /home/raghu/w/vivadoProjects/matrixMultiply/hls/mmult/solution1/.autopilot/db/a.g.bc -o /home/raghu/w/vivadoProjects/matrixMultiply/hls/mmult/solution1/.autopilot/db/a.g.1.bc -f  -phase std-opt
@I [HLS-0] Std xform time: 0 seconds per iteration
@I [HLS-0] syn check 1/2: transform -hls -syn-check -check-rec-only -disaggr -scalarrepl -norm-name -dce  -mem2reg -instcombine  -directive-preproc -mem2reg -dse -dce -auto-rom-infer -dce  -array-normalize -instcombine -dce  -array-seg-normalize -instcombine -dce  -array-flatten -instcombine -dce  -array-burst -dce  -deadargelim -promote-global-argument  -doublePtrSimplify -doublePtrElim -dce  -doublePtrSimplify -promote-dbg-pointer  -dce -scalarrepl -dse -adse -instcombine  -ptrLegalization  -simplifycfg -dce -instcombine  -pointer-simplify -ptrArgReplace -dce -instcombine   -disaggr -scalarrepl -norm-name -dce  -mem2reg -instcombine -ptrLegalization   -simplifycfg  -instcombine -dce -inst-simplify  -directive-preproc -mem2reg -dse -dce  -globaldce    /home/raghu/w/vivadoProjects/matrixMultiply/hls/mmult/solution1/.autopilot/db/a.g.1.bc -o /home/raghu/w/vivadoProjects/matrixMultiply/hls/mmult/solution1/.autopilot/db/a.g.2.prechk.bc -f
@I [HLS-0] Syn check 1/2 time: 0 seconds per iteration
@I [HLS-0] syn check 2/2: transform -syn-check   -interface-gen -constprop -dse -dce  /home/raghu/w/vivadoProjects/matrixMultiply/hls/mmult/solution1/.autopilot/db/a.g.2.prechk.bc -o /home/raghu/w/vivadoProjects/matrixMultiply/hls/mmult/solution1/.autopilot/db/a.g.2.bc -f  -phase syn-check
@W [SYNCHK-23] mmult/mmult_top.cpp:46: variable-indexed range selection may cause suboptimal QoR.
@I [SYNCHK-10] 0 error(s), 1 warning(s).
@I [HLS-0] Syn check 2/2 time: 0 seconds per iteration
@I [HLS-10] Starting code transformations ...
@0 [HLS-0] Starting code transformations ...
@I [HLS-0] Compiler optimizing ...
@I [HLS-0] Share syncheck's 1.bc for syn flow: copy /home/raghu/w/vivadoProjects/matrixMultiply/hls/mmult/solution1/.autopilot/db/a.g.1.bc to /home/raghu/w/vivadoProjects/matrixMultiply/hls/mmult/solution1/.autopilot/db/a.o.1.bc
@I [HLS-0] presyn 1: transform -hls  -directive-preproc -mem2reg -dse -dce  -disaggr -scalarrepl -norm-name -deadargelim  -mem2reg -instcombine -dce -auto-rom-infer -dce  -directive-preproc -mem2reg -dse -dce  -func-buffer -dce -array-normalize  -func-legal -instcombine -gvn -constprop -dce   -ptrArgReplace -mem2reg -instcombine -dce  -array-seg-normalize -global-constprop -deadargelim  -instcombine -dce  -pointer-simplify -dce  -data-pack -instcombine -dce   -loop-simplify -indvars -instcombine  -gvn -loop-simplify -mem2reg -dce -simplifycfg  -find-region -instcombine  -array-burst -dce  -inst-simplify  -interface-preproc  -indvars -auto-loop-unroll -loop-simplify -xunroll  -constprop -instcombine -simplifycfg -indvars  -simplifycfg -dce -globaldce  -gvn -disable-agg-range -inst-simplify  -constprop -simplifycfg -dce  -pointer-simplify -dce  -array-transform-check  -globalopt -constprop -dce  -array-promote -constprop -instcombine -dce -auto-par -array-partition -instcombine -dce  -global-constprop -deadargelim -ptrArgReplace -mem2reg  -func-legal -instcombine -dce  -array-reshape -instcombine -simplifycfg -dce   -mem-intrinsic-preproc -dce  -global-privatize  -mem2reg -globaldce  -promote-global-argument  -ptrArgReplace -mem2reg -instcombine -dce  -globalopt -mergereturn -simplify-global-access -mem2reg -dce  -pointer-simplify -dce  -functionattrs  -basicaa -aggr-aa -aggrmodref-aa -aggr-aa -gvn -gvn  -basicaa -aggr-aa -aggrmodref-aa -aggr-aa -dse -adse -adce  -inst-simplify -dce -norm-name  -function-inline  -func-inst -constprop -instcombine -simplifycfg -dce  -func-legal -dce   -directive-preproc -mem2reg -dse -dce  -loop-bound  -arraycheck -bitwidthmin -on-by-dataflow  -instcombine -simplifycfg -dce -loop-simplify -simplifycfg -loop-stream -instcombine -simplifycfg -dce -globaldce  -funstream-prep -function-stream -dce -globaldce  -array-streaming -instcombine -simplifycfg -dce      -group-axi-access  -simplifycfg -dce -loop-delete  -norm-name  /home/raghu/w/vivadoProjects/matrixMultiply/hls/mmult/solution1/.autopilot/db/a.o.1.bc -o /home/raghu/w/vivadoProjects/matrixMultiply/hls/mmult/solution1/.autopilot/db/a.o.1.tmp.bc -f
@I [XFORM-501] Unrolling loop 'Loop-1.2.2' (mmult/mmult_top.cpp:68) in function 'mmult_top' completely.
@W [XFORM-505] Pipeline directive for loop 'Loop-1.2.2' (mmult/mmult_top.cpp:68) in function 'mmult_top' has been removed because the loop is unrolled completely.
@W [XFORM-104] Completely partitioning array 'arow' (mmult/mmult_top.cpp:29) accessed through non-constant indices on dimension 1 (mmult/mmult_top.cpp:46), which may result in long runtime and suboptimal QoR due to large multiplexers. Please consider wrapping the array access into a function or using a register file core instead.
@I [XFORM-101] Partitioning array 'arow' (mmult/mmult_top.cpp:29) in dimension 1 completely.
@W [XFORM-104] Completely partitioning array 'brow' (mmult/mmult_top.cpp:29) accessed through non-constant indices on dimension 1 (mmult/mmult_top.cpp:63), which may result in long runtime and suboptimal QoR due to large multiplexers. Please consider wrapping the array access into a function or using a register file core instead.
@I [XFORM-101] Partitioning array 'brow' (mmult/mmult_top.cpp:29) in dimension 1 completely.
@W [XFORM-104] Completely partitioning array 'crow' (mmult/mmult_top.cpp:29) accessed through non-constant indices on dimension 1 (mmult/mmult_top.cpp:81:130), which may result in long runtime and suboptimal QoR due to large multiplexers. Please consider wrapping the array access into a function or using a register file core instead.
@I [XFORM-101] Partitioning array 'crow' (mmult/mmult_top.cpp:29) in dimension 1 completely.
@I [HLS-0] Presyn 1 time: 0 seconds per iteration
@I [HLS-0] presyn 2: transform -hls -keep-callgraph -scalarrepl -mem2reg  -indvars -loop-bound  -instcombine -dce  -merge-array-access -mem2reg -dce  -clean-region -mergereturn -if-conv  -instcombine -dce -constprop  -basicaa -aggr-aa -aggrmodref-aa -aggr-aa -gvn -gvn  -basicaa -aggr-aa -aggrmodref-aa -aggr-aa -dse -adse -adce  -scalarrepl -mem2reg  -global-constprop -deadargelim -deadargelim  -instcombine -dce -simplifycfg    -ptrArgReplace -mem2reg -function-inline  -mem2reg -instcombine -dce -expr-balance  -instcombine -dce  -bitwidthmin  -directive-preproc  -inst-rectify -instcombine -dce  -functionattrs  -constprop -instcombine -bit-constprop  -globalopt -globaldce  -inst-simplify -instcombine -elimdeaddata -dce  -loop-delete -simplifycfg   -norm-name /home/raghu/w/vivadoProjects/matrixMultiply/hls/mmult/solution1/.autopilot/db/a.o.1.tmp.bc -o /home/raghu/w/vivadoProjects/matrixMultiply/hls/mmult/solution1/.autopilot/db/a.o.2.bc -f  -phase presyn
@I [HLS-0] Presyn 2 time: 0 seconds per iteration
@I [HLS-0] build ssdm: transform -hls -function-uniquify -auto-function-inline  -loop-simplify -indvars -licm -loop-dep  -loop-bound -licm -loop-simplify -flattenloopnest  -array-flatten -gvn -instcombine -dce  -promote-global-argument  -array-map -dce -func-legal  -gvn -adce -instcombine -cfgopt -simplifycfg -loop-simplify   -basicaa -aggrmodref-aa -globalsmodref-aa -aggr-aa -gvn -gvn  -basicaa -aggrmodref-aa -globalsmodref-aa -aggr-aa -dse -adse -adce  -inst-simplify -dce  -array-streaming -instcombine  -dce   -deadargelim -doublePtrSimplify -doublePtrElim  -dce -doublePtrSimplify -promote-dbg-pointer -dce  -scalarrepl -mem2reg -disaggr -norm-name -mem2reg  -instcombine  -dse -adse -adce -ptrLegalization -dce -instcombine  -loop-rot -constprop -cfgopt -simplifycfg -indvars -pointer-simplify -dce -loop-bound  -loop-simplify -loop-preproc  -constprop -gvn -mem2reg -instcombine -dce  -loop-merge -dce  -bitwidthmin  -directive-preproc -inst-simplify -dce  -interface-gen -gvn -mem2reg -instcombine -dce -adse  -loop-bound  -instcombine -cfgopt -simplifycfg -loop-simplify  -clean-region -io-protocol  -find-region -mem2reg  -loop-simplify -phi-opt -bitop-raise  -inst-simplify -inst-rectify -instcombine -adce  -cfgopt -simplifycfg -strip-dead-prototypes  -interface-lower -bitop-lower -intrinsic-lower  -basicaa -aggrmodref-aa -globalsmodref-aa -aggr-aa  -inst-simplify -simplifycfg   -mergereturn -inst-simplify -inst-rectify -dce -bitop-lower  -loop-rewind -cfgopt  -norm-name -legalize -read-loop-dep -dce -bitwidth   -cdfg-build  /home/raghu/w/vivadoProjects/matrixMultiply/hls/mmult/solution1/.autopilot/db/a.o.2.bc -o /home/raghu/w/vivadoProjects/matrixMultiply/hls/mmult/solution1/.autopilot/db/a.o.3.bc -f  -phase build-ssdm
@I [HLS-0] Build ssdm time: 3 seconds per iteration
@I [HLS-0] Finish building internal data model.
@I [HLS-100] Command 'opt_and_import_c' returned 0; elapsed 5.03Total elapsed time: 20.954 sec.
@I [HLS-111] Elapsed time: 6.75 seconds; current memory usage: 86.4 MB.
@I [HLS-100] Command 'elaborate' returned 0; elapsed 6.36Total elapsed time: 20.955 sec.
@I [HLS-100] Command "autosyn "
@I [HLS-10] Starting hardware synthesis ...
@0 [HLS-0] Starting hardware synthesis ...
@I [HLS-0] Synthesizing C/C++ design ...
@I [HLS-10] Synthesizing 'mmult_top' ...
@0 [HLS-0] Synthesizing 'mmult_top' ...
@I [HLS-100] Command "ap_set_top_model mmult_top "
@I [HLS-100] Command 'ap_set_top_model' returned 0; elapsed 0Total elapsed time: 20.957 sec.
@I [HLS-100] Command "get_model_list mmult_top -filter all-wo-channel -topdown "
@I [HLS-100] Command 'get_model_list' returned 0; elapsed 0Total elapsed time: 20.957 sec.
@I [HLS-100] Command "preproc_iomode -model mmult_top "
@I [HLS-100] Command 'preproc_iomode' returned 0; elapsed 0Total elapsed time: 20.957 sec.
@I [HLS-100] Command "get_model_list mmult_top -filter all-wo-channel "
@I [HLS-100] Command 'get_model_list' returned 0; elapsed 0Total elapsed time: 20.958 sec.
@I [HLS-0] Model list for configure: mmult_top
@I [HLS-0] Configuring Module : mmult_top ...
@I [HLS-100] Command "set_default_model mmult_top "
@I [HLS-100] Command 'set_default_model' returned 0; elapsed 0Total elapsed time: 20.958 sec.
@I [HLS-100] Command "apply_spec_resource_limit mmult_top "
@I [HLS-100] Command 'apply_spec_resource_limit' returned 0; elapsed 0Total elapsed time: 20.958 sec.
@I [HLS-0] Model list for preprocess: mmult_top
@I [HLS-0] Preprocessing Module: mmult_top ...
@I [HLS-100] Command "set_default_model mmult_top "
@I [HLS-100] Command 'set_default_model' returned 0; elapsed 0Total elapsed time: 20.958 sec.
@I [HLS-100] Command "cdfg_preprocess -model mmult_top "
@I [HLS-100] Command 'cdfg_preprocess' returned 0; elapsed 0.02Total elapsed time: 20.973 sec.
@I [HLS-100] Command "rtl_gen_preprocess mmult_top "
@I [HLS-100] Command 'rtl_gen_preprocess' returned 0; elapsed 0Total elapsed time: 20.974 sec.
@I [HLS-0] Model list for synthesis: mmult_top
@I [HLS-10] ----------------------------------------------------------------
@0 [HLS-0] ----------------------------------------------------------------
@I [HLS-10] -- Scheduling module 'mmult_top' 
@0 [HLS-0] -- Scheduling module 'mmult_top' 
@I [HLS-10] ----------------------------------------------------------------
@0 [HLS-0] ----------------------------------------------------------------
@I [HLS-100] Command "set_default_model mmult_top "
@I [HLS-100] Command 'set_default_model' returned 0; elapsed 0Total elapsed time: 20.974 sec.
@I [HLS-100] Command "schedule -model mmult_top "
@I [SCHED-11] Starting scheduling ...
@I [SCHED-11] Finished scheduling.
@I [HLS-100] Command 'schedule' returned 0; elapsed 9.46Total elapsed time: 30.460 sec.
@I [HLS-111] Elapsed time: 9.49 seconds; current memory usage: 90.2 MB.
@I [HLS-100] Command "report -o /home/raghu/w/vivadoProjects/matrixMultiply/hls/mmult/solution1/.autopilot/db/mmult_top.verbose.sched.rpt -verbose -f "
@I [HLS-100] Command 'report' returned 0; elapsed 0.18Total elapsed time: 30.649 sec.
@I [HLS-100] Command "db_write -o /home/raghu/w/vivadoProjects/matrixMultiply/hls/mmult/solution1/.autopilot/db/mmult_top.sched.adb -f "
@I [HLS-100] Command 'db_write' returned 0; elapsed 0.21Total elapsed time: 30.858 sec.
@I [HLS-0] Finish scheduling mmult_top.
@I [HLS-10] ----------------------------------------------------------------
@0 [HLS-0] ----------------------------------------------------------------
@I [HLS-10] -- Exploring micro-architecture for module 'mmult_top' 
@0 [HLS-0] -- Exploring micro-architecture for module 'mmult_top' 
@I [HLS-10] ----------------------------------------------------------------
@0 [HLS-0] ----------------------------------------------------------------
@I [HLS-100] Command "set_default_model mmult_top "
@I [HLS-100] Command 'set_default_model' returned 0; elapsed 0Total elapsed time: 30.859 sec.
@I [HLS-100] Command "bind -model mmult_top "
@I [BIND-110] clear=
@I [BIND-110] debug=
@I [BIND-110] drf=
@I [BIND-110] effort=
@I [BIND-110] fast_refine=
@I [BIND-110] fu_weight=[ 0.0 -- 1.0 ]
@I [BIND-110] global_opt=
@I [BIND-110] gsearch=
@I [BIND-110] help=
@I [BIND-110] help-hidden=
@I [BIND-110] min_mem_port=
@I [BIND-110] min_op=
@I [BIND-110] minreg=
@I [BIND-110] ml=
@I [BIND-110] model=mmult_top
@I [BIND-110] no_false_path=
@I [BIND-110] no_min_op=
@I [BIND-110] normalize=
@I [BIND-110] quiet=
@I [BIND-110] refine=
@I [BIND-110] reg_weight=[ 0.0 -- 1.0 ]
@I [BIND-110] search=
@I [BIND-110] tight_delay=
@I [BIND-110] verbose=
@I [BIND-110] wFF=
@I [BIND-110] wFU=
@I [BIND-110] wMUX=
@I [BIND-110] wNET=
@I [BIND-100] Starting micro-architecture generation ...
@I [BIND-101] Performing variable lifetime analysis.
@I [BIND-101] Exploring resource sharing.
@I [BIND-101] Binding ...
@I [BIND-100] Finished micro-architecture generation.
@I [HLS-100] Command 'bind' returned 0; elapsed 0.31Total elapsed time: 31.170 sec.
@I [HLS-111] Elapsed time: 0.7 seconds; current memory usage: 102 MB.
@I [HLS-100] Command "report -o /home/raghu/w/vivadoProjects/matrixMultiply/hls/mmult/solution1/.autopilot/db/mmult_top.verbose.bind.rpt -verbose -f "
@I [HLS-100] Command 'report' returned 0; elapsed 0.55Total elapsed time: 31.713 sec.
@I [HLS-100] Command "db_write -o /home/raghu/w/vivadoProjects/matrixMultiply/hls/mmult/solution1/.autopilot/db/mmult_top.bind.adb -f "
@I [HLS-100] Command 'db_write' returned 0; elapsed 0.23Total elapsed time: 31.955 sec.
@I [HLS-0] Finish binding mmult_top.
@I [HLS-100] Command "get_model_list mmult_top -filter all-wo-channel "
@I [HLS-100] Command 'get_model_list' returned 0; elapsed 0Total elapsed time: 31.955 sec.
@I [HLS-0] Preprocessing for RTLGen ...
@I [HLS-100] Command "rtl_gen_preprocess mmult_top "
@I [HLS-100] Command 'rtl_gen_preprocess' returned 0; elapsed 0Total elapsed time: 31.956 sec.
@I [HLS-0] Model list for RTL generation: mmult_top
@I [HLS-10] ----------------------------------------------------------------
@0 [HLS-0] ----------------------------------------------------------------
@I [HLS-10] -- Generating RTL for module 'mmult_top' 
@0 [HLS-0] -- Generating RTL for module 'mmult_top' 
@I [HLS-10] ----------------------------------------------------------------
@0 [HLS-0] ----------------------------------------------------------------
@I [HLS-100] Command "create_rtl_model mmult_top -vendor xilinx -mg_file /home/raghu/w/vivadoProjects/matrixMultiply/hls/mmult/solution1/.autopilot/db/mmult_top.compgen.tcl "
@I [RTGEN-500] Setting interface mode on port 'mmult_top/a' to 'ap_bus'.
@I [RTGEN-500] Setting interface mode on port 'mmult_top/b' to 'ap_bus'.
@I [RTGEN-500] Setting interface mode on port 'mmult_top/c' to 'ap_bus'.
@I [RTGEN-500] Setting interface mode on function 'mmult_top' to 'ap_ctrl_hs'.
@W [RTGEN-101] Setting dangling out port 'mmult_top/a_dataout' to 0.
@W [RTGEN-101] Setting dangling out port 'mmult_top/b_dataout' to 0.
@I [RTGEN-100] Generating core module 'mmult_top_mul_32s_32s_32_6': 64 instance(s).
@I [RTGEN-100] Finished creating RTL model for 'mmult_top'.
@I [HLS-100] Command 'create_rtl_model' returned 0; elapsed 1.35Total elapsed time: 33.307 sec.
@I [HLS-111] Elapsed time: 2.13 seconds; current memory usage: 112 MB.
@I [HLS-100] Command "source /home/raghu/w/vivadoProjects/matrixMultiply/hls/mmult/solution1/.autopilot/db/mmult_top.rtl_wrap.cfg.tcl "
@I [HLS-100] Command 'ap_source' returned 0; elapsed 0.01Total elapsed time: 33.309 sec.
@I [HLS-100] Command "gen_rtl mmult_top -istop -style xilinx -tracefl mytrace -tracefmt vcd -traceopt all -f -lang sc -o /home/raghu/w/vivadoProjects/matrixMultiply/hls/mmult/solution1/syn/systemc/mmult_top -synmodules mmult_top "
@I [HLS-100] Command 'gen_rtl' returned 0; elapsed 0.04Total elapsed time: 33.358 sec.
@I [HLS-100] Command "gen_rtl mmult_top -istop -style xilinx -f -lang vhdl -o /home/raghu/w/vivadoProjects/matrixMultiply/hls/mmult/solution1/syn/vhdl/mmult_top "
@I [HLS-100] Command 'gen_rtl' returned 0; elapsed 0.15Total elapsed time: 33.505 sec.
@I [HLS-100] Command "gen_rtl mmult_top -istop -style xilinx -f -lang vlog -o /home/raghu/w/vivadoProjects/matrixMultiply/hls/mmult/solution1/syn/verilog/mmult_top "
@I [HLS-100] Command 'gen_rtl' returned 0; elapsed 0.16Total elapsed time: 33.662 sec.
@I [HLS-100] Command "export_constraint_db -o /home/raghu/w/vivadoProjects/matrixMultiply/hls/mmult/solution1/.autopilot/db/mmult_top.constraint.tcl -f -tool general "
@I [HLS-100] Command 'export_constraint_db' returned 0; elapsed 0Total elapsed time: 33.662 sec.
@I [HLS-100] Command "report -model mmult_top -o /home/raghu/w/vivadoProjects/matrixMultiply/hls/mmult/solution1/.autopilot/db/mmult_top.design.xml -verbose -f -dv "
@I [HLS-100] Command 'report' returned 0; elapsed 0.24Total elapsed time: 33.909 sec.
@I [HLS-100] Command "gen_tb_info mmult_top -o /home/raghu/w/vivadoProjects/matrixMultiply/hls/mmult/solution1/.autopilot/db/mmult_top -p /home/raghu/w/vivadoProjects/matrixMultiply/hls/mmult/solution1/.autopilot/db "
@I [HLS-100] Command 'gen_tb_info' returned 0; elapsed 0Total elapsed time: 33.909 sec.
@I [HLS-100] Command "report -model mmult_top -o /home/raghu/w/vivadoProjects/matrixMultiply/hls/mmult/solution1/syn/report/mmult_top_csynth.rpt -f "
@I [HLS-100] Command 'report' returned 0; elapsed 0.14Total elapsed time: 34.50 sec.
@I [HLS-100] Command "report -model mmult_top -o /home/raghu/w/vivadoProjects/matrixMultiply/hls/mmult/solution1/syn/report/mmult_top_csynth.xml -f -x "
@I [HLS-100] Command 'report' returned 0; elapsed 0.13Total elapsed time: 34.174 sec.
@I [HLS-100] Command "report -model mmult_top -o /home/raghu/w/vivadoProjects/matrixMultiply/hls/mmult/solution1/.autopilot/db/mmult_top.verbose.rpt -verbose -f "
@I [HLS-100] Command 'report' returned 0; elapsed 0.69Total elapsed time: 34.863 sec.
@I [HLS-100] Command "db_write -model mmult_top -o /home/raghu/w/vivadoProjects/matrixMultiply/hls/mmult/solution1/.autopilot/db/mmult_top.adb -f "
@I [HLS-100] Command 'db_write' returned 0; elapsed 0.37Total elapsed time: 35.242 sec.
@I [HLS-100] Command "sc_get_clocks mmult_top "
@I [HLS-100] Command 'sc_get_clocks' returned 0; elapsed 0Total elapsed time: 35.655 sec.
@I [HLS-100] Command "sc_get_portdomain mmult_top "
@I [HLS-100] Command 'sc_get_portdomain' returned 0; elapsed 0Total elapsed time: 35.655 sec.
@I [HLS-0] Model list for RTL component generation: mmult_top
@I [HLS-0] Handling components in module [mmult_top] ... 
@I [HLS-100] Command "source /home/raghu/w/vivadoProjects/matrixMultiply/hls/mmult/solution1/.autopilot/db/mmult_top.compgen.tcl "
@I [HLS-0] Found component mmult_top_mul_32s_32s_32_6.
@I [HLS-0] Append model mmult_top_mul_32s_32s_32_6
@I [HLS-100] Command 'ap_source' returned 0; elapsed 0Total elapsed time: 35.656 sec.
@I [HLS-0] Append model mmult_top
@I [HLS-0] Generating RTL model list ...
@I [HLS-0] All models in this session: mmult_top_mul_32s_32s_32_6 mmult_top
@I [HLS-0] To file: write model mmult_top_mul_32s_32s_32_6
@I [HLS-0] To file: write model mmult_top
@I [HLS-0] Finished generating RTL model list.


@I [HLS-0] RTL Generation done.
@I [HLS-0] CAS Generation done.
@I [HLS-0] CBC Generation done.
@I [HLS-100] Command "export_ssdm /home/raghu/w/vivadoProjects/matrixMultiply/hls/mmult/solution1/.autopilot/db/a.export.ll "
@I [HLS-100] Command 'export_ssdm' returned 0; elapsed 0Total elapsed time: 35.659 sec.
@I [HLS-100] Command "source /home/raghu/w/vivadoProjects/matrixMultiply/hls/mmult/solution1/.autopilot/db/global.setting.tcl "
@I [HLS-100] Command 'ap_source' returned 0; elapsed 0Total elapsed time: 35.661 sec.
@I [HLS-100] Command "source /home/raghu/tools/xilinx/Vivado_HLS/2013.3/common/technology/generic/autopilot/common.gen "
@I [HLS-100] Command "source /home/raghu/tools/xilinx/Vivado_HLS/2013.3/common/technology/generic/autopilot/APCoreGen.gen "
@I [HLS-100] Command 'ap_source' returned 0; elapsed 0Total elapsed time: 35.662 sec.
@I [HLS-100] Command 'ap_source' returned 0; elapsed 0Total elapsed time: 35.662 sec.
@I [HLS-100] Command "source /home/raghu/tools/xilinx/Vivado_HLS/2013.3/common/technology/generic/autopilot/op.gen "
@I [HLS-100] Command 'ap_source' returned 0; elapsed 0Total elapsed time: 35.662 sec.
@I [HLS-100] Command "source /home/raghu/tools/xilinx/Vivado_HLS/2013.3/common/technology/generic/autopilot/op_simcore.gen "
@I [HLS-100] Command 'ap_source' returned 0; elapsed 0Total elapsed time: 35.663 sec.
@I [HLS-100] Command "source /home/raghu/tools/xilinx/Vivado_HLS/2013.3/common/technology/generic/autopilot/interface.gen "
@I [HLS-100] Command 'ap_source' returned 0; elapsed 0Total elapsed time: 35.663 sec.
@I [HLS-100] Command "source /home/raghu/w/vivadoProjects/matrixMultiply/hls/mmult/solution1/.autopilot/db/global.setting.tcl "
@I [HLS-100] Command 'ap_source' returned 0; elapsed 0Total elapsed time: 35.663 sec.
@I [HLS-100] Command "source /home/raghu/tools/xilinx/Vivado_HLS/2013.3/common/technology/xilinx/zynq/zynq.gen "
@I [HLS-100] Command "source /home/raghu/tools/xilinx/Vivado_HLS/2013.3/common/technology/xilinx/common/virtex.gen "
@I [HLS-100] Command "source /home/raghu/tools/xilinx/Vivado_HLS/2013.3/common/technology/xilinx/common/xilinx.gen "
@I [HLS-100] Command "source /home/raghu/tools/xilinx/Vivado_HLS/2013.3/common/technology/xilinx/interface/plb46.gen "
@I [HLS-100] Command 'ap_source' returned 0; elapsed 0Total elapsed time: 35.664 sec.
@I [HLS-100] Command "source /home/raghu/tools/xilinx/Vivado_HLS/2013.3/common/technology/xilinx/interface/fsl.gen "
@I [HLS-100] Command 'ap_source' returned 0; elapsed 0Total elapsed time: 35.665 sec.
@I [HLS-100] Command "source /home/raghu/tools/xilinx/Vivado_HLS/2013.3/common/technology/xilinx/interface/axi4.gen "
@I [HLS-100] Command 'ap_source' returned 0; elapsed 0Total elapsed time: 35.667 sec.
@I [HLS-100] Command "source /home/raghu/tools/xilinx/Vivado_HLS/2013.3/common/technology/xilinx/scripts/xilinxcoregen.gen "
@I [HLS-100] Command 'ap_source' returned 0; elapsed 0.01Total elapsed time: 35.672 sec.
@I [HLS-100] Command "source /home/raghu/tools/xilinx/Vivado_HLS/2013.3/common/technology/xilinx/interface/XilEDKCoreGen.gen "
@I [HLS-100] Command 'ap_source' returned 0; elapsed 0.01Total elapsed time: 35.679 sec.
@I [HLS-100] Command "source /home/raghu/tools/xilinx/Vivado_HLS/2013.3/common/technology/xilinx/ip/util.gen "
@I [HLS-100] Command 'ap_source' returned 0; elapsed 0Total elapsed time: 35.680 sec.
@I [HLS-100] Command "source /home/raghu/tools/xilinx/Vivado_HLS/2013.3/common/technology/xilinx/ip/xfft.gen "
@I [HLS-100] Command 'ap_source' returned 0; elapsed 0.1Total elapsed time: 35.788 sec.
@I [HLS-100] Command "source /home/raghu/tools/xilinx/Vivado_HLS/2013.3/common/technology/xilinx/ip/xfir.gen "
@I [HLS-100] Command 'ap_source' returned 0; elapsed 0.02Total elapsed time: 35.808 sec.
@I [HLS-100] Command 'ap_source' returned 0; elapsed 0.14Total elapsed time: 35.808 sec.
@I [HLS-100] Command "source /home/raghu/tools/xilinx/Vivado_HLS/2013.3/common/technology/xilinx/common/dsp48.gen "
@I [HLS-100] Command 'ap_source' returned 0; elapsed 0Total elapsed time: 35.809 sec.
@I [HLS-100] Command 'ap_source' returned 0; elapsed 0.15Total elapsed time: 35.810 sec.
@I [HLS-100] Command 'ap_source' returned 0; elapsed 0.15Total elapsed time: 35.810 sec.
@I [HLS-100] Command "source /home/raghu/tools/xilinx/Vivado_HLS/2013.3/common/technology/xilinx/zynq/zynq_fpv6.gen "
@I [HLS-100] Command "source /home/raghu/tools/xilinx/Vivado_HLS/2013.3/common/technology/xilinx/common/xilinx_fpv6.gen "
@I [HLS-100] Command 'ap_source' returned 0; elapsed 0Total elapsed time: 35.811 sec.
@I [HLS-100] Command 'ap_source' returned 0; elapsed 0Total elapsed time: 35.811 sec.
@I [HLS-100] Command "source /home/raghu/w/vivadoProjects/matrixMultiply/hls/mmult/solution1/.autopilot/db/global.setting.tcl "
@I [HLS-100] Command 'ap_source' returned 0; elapsed 0Total elapsed time: 35.812 sec.
@I [HLS-100] Command "source /home/raghu/w/vivadoProjects/matrixMultiply/hls/mmult/solution1/.autopilot/db/global.setting.tcl "
@I [HLS-100] Command 'ap_source' returned 0; elapsed 0Total elapsed time: 35.812 sec.
@I [HLS-100] Command "source /home/raghu/w/vivadoProjects/matrixMultiply/hls/mmult/solution1/.autopilot/db/mmult_top.compgen.tcl "
@I [RTMG-282] Generating pipelined core: 'mmult_top_mul_32s_32s_32_6_MulnS_0'
@I [HLS-100] Command 'ap_source' returned 0; elapsed 0.02Total elapsed time: 35.824 sec.
@I [HLS-10] Finished generating all RTL models.
@0 [HLS-0] Finished generating all RTL models.
@I [WSYSC-301] Generating RTL SystemC for 'mmult_top'.
@I [WVHDL-304] Generating RTL VHDL for 'mmult_top'.
@I [WVLOG-307] Generating RTL Verilog for 'mmult_top'.
@I [HLS-100] Command 'autosyn' returned 0; elapsed 14.78Total elapsed time: 35.826 sec.
@I [HLS-100] Command 'csynth_design' returned 0; elapsed 21.14Total elapsed time: 35.826 sec.
@I [HLS-100] Command "export_design -format ipxact -version 2.0 "
@I [HLS-100] Command "source /home/raghu/w/vivadoProjects/matrixMultiply/hls/mmult/solution1/.autopilot/db/global.setting.tcl "
@I [HLS-100] Command 'ap_source' returned 0; elapsed 0Total elapsed time: 35.830 sec.
@I [HLS-100] Command "source /home/raghu/tools/xilinx/Vivado_HLS/2013.3/common/technology/generic/autopilot/common.gen "
@I [HLS-100] Command "source /home/raghu/tools/xilinx/Vivado_HLS/2013.3/common/technology/generic/autopilot/APCoreGen.gen "
@I [HLS-100] Command 'ap_source' returned 0; elapsed 0Total elapsed time: 35.833 sec.
@I [HLS-100] Command 'ap_source' returned 0; elapsed 0Total elapsed time: 35.833 sec.
@I [HLS-100] Command "source /home/raghu/tools/xilinx/Vivado_HLS/2013.3/common/technology/generic/autopilot/op.gen "
@I [HLS-100] Command 'ap_source' returned 0; elapsed 0Total elapsed time: 35.834 sec.
@I [HLS-100] Command "source /home/raghu/tools/xilinx/Vivado_HLS/2013.3/common/technology/generic/autopilot/op_simcore.gen "
@I [HLS-100] Command 'ap_source' returned 0; elapsed 0Total elapsed time: 35.834 sec.
@I [HLS-100] Command "source /home/raghu/tools/xilinx/Vivado_HLS/2013.3/common/technology/generic/autopilot/interface.gen "
@I [HLS-100] Command 'ap_source' returned 0; elapsed 0Total elapsed time: 35.834 sec.
@I [HLS-100] Command "source /home/raghu/w/vivadoProjects/matrixMultiply/hls/mmult/solution1/.autopilot/db/global.setting.tcl "
@I [HLS-100] Command 'ap_source' returned 0; elapsed 0Total elapsed time: 35.835 sec.
@I [HLS-100] Command "source /home/raghu/tools/xilinx/Vivado_HLS/2013.3/common/technology/xilinx/zynq/zynq.gen "
@I [HLS-100] Command "source /home/raghu/tools/xilinx/Vivado_HLS/2013.3/common/technology/xilinx/common/virtex.gen "
@I [HLS-100] Command "source /home/raghu/tools/xilinx/Vivado_HLS/2013.3/common/technology/xilinx/common/xilinx.gen "
@I [HLS-100] Command "source /home/raghu/tools/xilinx/Vivado_HLS/2013.3/common/technology/xilinx/interface/plb46.gen "
@I [HLS-100] Command 'ap_source' returned 0; elapsed 0Total elapsed time: 35.836 sec.
@I [HLS-100] Command "source /home/raghu/tools/xilinx/Vivado_HLS/2013.3/common/technology/xilinx/interface/fsl.gen "
@I [HLS-100] Command 'ap_source' returned 0; elapsed 0Total elapsed time: 35.836 sec.
@I [HLS-100] Command "source /home/raghu/tools/xilinx/Vivado_HLS/2013.3/common/technology/xilinx/interface/axi4.gen "
@I [HLS-100] Command 'ap_source' returned 0; elapsed 0.01Total elapsed time: 35.838 sec.
@I [HLS-100] Command "source /home/raghu/tools/xilinx/Vivado_HLS/2013.3/common/technology/xilinx/scripts/xilinxcoregen.gen "
@I [HLS-100] Command 'ap_source' returned 0; elapsed 0Total elapsed time: 35.844 sec.
@I [HLS-100] Command "source /home/raghu/tools/xilinx/Vivado_HLS/2013.3/common/technology/xilinx/interface/XilEDKCoreGen.gen "
@I [HLS-100] Command 'ap_source' returned 0; elapsed 0.01Total elapsed time: 35.851 sec.
@I [HLS-100] Command "source /home/raghu/tools/xilinx/Vivado_HLS/2013.3/common/technology/xilinx/ip/util.gen "
@I [HLS-100] Command 'ap_source' returned 0; elapsed 0Total elapsed time: 35.851 sec.
@I [HLS-100] Command "source /home/raghu/tools/xilinx/Vivado_HLS/2013.3/common/technology/xilinx/ip/xfft.gen "
@I [HLS-100] Command 'ap_source' returned 0; elapsed 0.11Total elapsed time: 35.961 sec.
@I [HLS-100] Command "source /home/raghu/tools/xilinx/Vivado_HLS/2013.3/common/technology/xilinx/ip/xfir.gen "
@I [HLS-100] Command 'ap_source' returned 0; elapsed 0.02Total elapsed time: 35.982 sec.
@I [HLS-100] Command 'ap_source' returned 0; elapsed 0.15Total elapsed time: 35.982 sec.
@I [HLS-100] Command "source /home/raghu/tools/xilinx/Vivado_HLS/2013.3/common/technology/xilinx/common/dsp48.gen "
@I [HLS-100] Command 'ap_source' returned 0; elapsed 0Total elapsed time: 35.983 sec.
@I [HLS-100] Command 'ap_source' returned 0; elapsed 0.15Total elapsed time: 35.983 sec.
@I [HLS-100] Command 'ap_source' returned 0; elapsed 0.15Total elapsed time: 35.983 sec.
@I [HLS-100] Command "source /home/raghu/tools/xilinx/Vivado_HLS/2013.3/common/technology/xilinx/zynq/zynq_fpv6.gen "
@I [HLS-100] Command "source /home/raghu/tools/xilinx/Vivado_HLS/2013.3/common/technology/xilinx/common/xilinx_fpv6.gen "
@I [HLS-100] Command 'ap_source' returned 0; elapsed 0Total elapsed time: 35.984 sec.
@I [HLS-100] Command 'ap_source' returned 0; elapsed 0Total elapsed time: 35.984 sec.
@I [HLS-100] Command "source /home/raghu/w/vivadoProjects/matrixMultiply/hls/mmult/solution1/.autopilot/db/global.setting.tcl "
@I [HLS-100] Command 'ap_source' returned 0; elapsed 0Total elapsed time: 35.985 sec.
@I [IMPL-8] Exporting RTL as an IP in IP-XACT.
@I [HLS-100] Command "source /home/raghu/w/vivadoProjects/matrixMultiply/hls/mmult/solution1/.autopilot/db/global.setting.tcl "
@I [HLS-100] Command 'ap_source' returned 0; elapsed 0Total elapsed time: 35.985 sec.
@I [HLS-100] Command "source /home/raghu/w/vivadoProjects/matrixMultiply/hls/mmult/solution1/.autopilot/db/global.setting.tcl "
@I [HLS-100] Command 'ap_source' returned 0; elapsed 0Total elapsed time: 35.987 sec.
@I [HLS-100] Command "source /home/raghu/tools/xilinx/Vivado_HLS/2013.3/common/technology/generic/autopilot/common.gen "
@I [HLS-100] Command "source /home/raghu/tools/xilinx/Vivado_HLS/2013.3/common/technology/generic/autopilot/APCoreGen.gen "
@I [HLS-100] Command 'ap_source' returned 0; elapsed 0Total elapsed time: 35.988 sec.
@I [HLS-100] Command 'ap_source' returned 0; elapsed 0Total elapsed time: 35.988 sec.
@I [HLS-100] Command "source /home/raghu/tools/xilinx/Vivado_HLS/2013.3/common/technology/generic/autopilot/op.gen "
@I [HLS-100] Command 'ap_source' returned 0; elapsed 0Total elapsed time: 35.989 sec.
@I [HLS-100] Command "source /home/raghu/tools/xilinx/Vivado_HLS/2013.3/common/technology/generic/autopilot/op_simcore.gen "
@I [HLS-100] Command 'ap_source' returned 0; elapsed 0.01Total elapsed time: 35.989 sec.
@I [HLS-100] Command "source /home/raghu/tools/xilinx/Vivado_HLS/2013.3/common/technology/generic/autopilot/interface.gen "
@I [HLS-100] Command 'ap_source' returned 0; elapsed 0Total elapsed time: 35.989 sec.
@I [HLS-100] Command "source /home/raghu/w/vivadoProjects/matrixMultiply/hls/mmult/solution1/.autopilot/db/global.setting.tcl "
@I [HLS-100] Command 'ap_source' returned 0; elapsed 0Total elapsed time: 35.990 sec.
@I [HLS-100] Command "source /home/raghu/tools/xilinx/Vivado_HLS/2013.3/common/technology/xilinx/zynq/zynq.gen "
@I [HLS-100] Command "source /home/raghu/tools/xilinx/Vivado_HLS/2013.3/common/technology/xilinx/common/virtex.gen "
@I [HLS-100] Command "source /home/raghu/tools/xilinx/Vivado_HLS/2013.3/common/technology/xilinx/common/xilinx.gen "
@I [HLS-100] Command "source /home/raghu/tools/xilinx/Vivado_HLS/2013.3/common/technology/xilinx/interface/plb46.gen "
@I [HLS-100] Command 'ap_source' returned 0; elapsed 0Total elapsed time: 35.991 sec.
@I [HLS-100] Command "source /home/raghu/tools/xilinx/Vivado_HLS/2013.3/common/technology/xilinx/interface/fsl.gen "
@I [HLS-100] Command 'ap_source' returned 0; elapsed 0Total elapsed time: 35.991 sec.
@I [HLS-100] Command "source /home/raghu/tools/xilinx/Vivado_HLS/2013.3/common/technology/xilinx/interface/axi4.gen "
@I [HLS-100] Command 'ap_source' returned 0; elapsed 0Total elapsed time: 35.993 sec.
@I [HLS-100] Command "source /home/raghu/tools/xilinx/Vivado_HLS/2013.3/common/technology/xilinx/scripts/xilinxcoregen.gen "
@I [HLS-100] Command 'ap_source' returned 0; elapsed 0Total elapsed time: 35.999 sec.
@I [HLS-100] Command "source /home/raghu/tools/xilinx/Vivado_HLS/2013.3/common/technology/xilinx/interface/XilEDKCoreGen.gen "
@I [HLS-100] Command 'ap_source' returned 0; elapsed 0.01Total elapsed time: 36.6 sec.
@I [HLS-100] Command "source /home/raghu/tools/xilinx/Vivado_HLS/2013.3/common/technology/xilinx/ip/util.gen "
@I [HLS-100] Command 'ap_source' returned 0; elapsed 0Total elapsed time: 36.6 sec.
@I [HLS-100] Command "source /home/raghu/tools/xilinx/Vivado_HLS/2013.3/common/technology/xilinx/ip/xfft.gen "
@I [HLS-100] Command 'ap_source' returned 0; elapsed 0.11Total elapsed time: 36.117 sec.
@I [HLS-100] Command "source /home/raghu/tools/xilinx/Vivado_HLS/2013.3/common/technology/xilinx/ip/xfir.gen "
@I [HLS-100] Command 'ap_source' returned 0; elapsed 0.02Total elapsed time: 36.138 sec.
@I [HLS-100] Command 'ap_source' returned 0; elapsed 0.14Total elapsed time: 36.138 sec.
@I [HLS-100] Command "source /home/raghu/tools/xilinx/Vivado_HLS/2013.3/common/technology/xilinx/common/dsp48.gen "
@I [HLS-100] Command 'ap_source' returned 0; elapsed 0Total elapsed time: 36.139 sec.
@I [HLS-100] Command 'ap_source' returned 0; elapsed 0.14Total elapsed time: 36.139 sec.
@I [HLS-100] Command 'ap_source' returned 0; elapsed 0.14Total elapsed time: 36.139 sec.
@I [HLS-100] Command "source /home/raghu/tools/xilinx/Vivado_HLS/2013.3/common/technology/xilinx/zynq/zynq_fpv6.gen "
@I [HLS-100] Command "source /home/raghu/tools/xilinx/Vivado_HLS/2013.3/common/technology/xilinx/common/xilinx_fpv6.gen "
@I [HLS-100] Command 'ap_source' returned 0; elapsed 0Total elapsed time: 36.140 sec.
@I [HLS-100] Command 'ap_source' returned 0; elapsed 0Total elapsed time: 36.140 sec.
@I [HLS-100] Command "source /home/raghu/w/vivadoProjects/matrixMultiply/hls/mmult/solution1/.autopilot/db/mmult_top.compgen.tcl "
@I [HLS-100] Command 'ap_source' returned 0; elapsed 0Total elapsed time: 36.140 sec.
@I [HLS-100] Command "source /home/raghu/w/vivadoProjects/matrixMultiply/hls/mmult/solution1/.autopilot/db/mmult_top.compgen.tcl "
@I [HLS-100] Command "source /home/raghu/w/vivadoProjects/matrixMultiply/hls/mmult/solution1/.autopilot/db/mmult_top.rtl_wrap.cfg.tcl "
@I [HLS-100] Command 'ap_source' returned 0; elapsed 0Total elapsed time: 36.145 sec.
@I [HLS-100] Command "source /home/raghu/w/vivadoProjects/matrixMultiply/hls/mmult/solution1/.autopilot/db/mmult_top.rtl_wrap.cfg.tcl "
@I [HLS-100] Command 'ap_source' returned 0; elapsed 0Total elapsed time: 36.146 sec.
@I [HLS-100] Command "source /home/raghu/w/vivadoProjects/matrixMultiply/hls/mmult/solution1/.autopilot/db/mmult_top.tbgen.tcl "
@I [HLS-100] Command 'ap_source' returned 0; elapsed 0Total elapsed time: 36.146 sec.
@I [HLS-100] Command "source /home/raghu/w/vivadoProjects/matrixMultiply/hls/mmult/solution1/.autopilot/db/mmult_top.tbgen.tcl "
@I [HLS-100] Command 'ap_source' returned 0; elapsed 0Total elapsed time: 36.147 sec.
@I [HLS-100] Command "source /home/raghu/w/vivadoProjects/matrixMultiply/hls/mmult/solution1/.autopilot/db/mmult_top.tbgen.tcl "
@I [HLS-100] Command 'ap_source' returned 0; elapsed 0Total elapsed time: 36.150 sec.
@I [HLS-100] Command 'ap_source' returned 0; elapsed 0.04Total elapsed time: 36.188 sec.
@I [HLS-100] Command "source /home/raghu/w/vivadoProjects/matrixMultiply/hls/mmult/solution1/.autopilot/db/mmult_top.compgen.tcl "
@I [HLS-100] Command 'ap_source' returned 0; elapsed 0Total elapsed time: 36.213 sec.
@I [HLS-100] Command "source /home/raghu/w/vivadoProjects/matrixMultiply/hls/mmult/solution1/impl/.pcores/verilog/CONTROL.slave.tcl "
@I [HLS-100] Command 'ap_source' returned 0; elapsed 0Total elapsed time: 36.225 sec.
@I [HLS-100] Command "source /home/raghu/w/vivadoProjects/matrixMultiply/hls/mmult/solution1/impl/.pcores/verilog/CONTROL.slave.tcl "
@I [HLS-100] Command 'ap_source' returned 0; elapsed 0Total elapsed time: 36.228 sec.
@I [HLS-100] Command "source /home/raghu/w/vivadoProjects/matrixMultiply/hls/mmult/solution1/.autopilot/db/global.setting.tcl "
@I [HLS-100] Command 'ap_source' returned 0; elapsed 0Total elapsed time: 36.272 sec.
@I [HLS-100] Command "source /home/raghu/w/vivadoProjects/matrixMultiply/hls/mmult/solution1/.autopilot/db/mmult_top.constraint.tcl "
@I [HLS-100] Command 'ap_source' returned 0; elapsed 0Total elapsed time: 36.273 sec.
@I [HLS-100] Command "source /home/raghu/w/vivadoProjects/matrixMultiply/hls/mmult/solution1/.autopilot/db/mmult_top.rtl_wrap.cfg.tcl "
@I [HLS-100] Command 'ap_source' returned 0; elapsed 0Total elapsed time: 36.282 sec.
@I [HLS-100] Command "source /home/raghu/w/vivadoProjects/matrixMultiply/hls/mmult/solution1/.autopilot/db/mmult_top.rtl_wrap.cfg.tcl "
@I [HLS-100] Command 'ap_source' returned 0; elapsed 0Total elapsed time: 36.283 sec.
@I [HLS-100] Command "source /home/raghu/w/vivadoProjects/matrixMultiply/hls/mmult/solution1/.autopilot/db/mmult_top.tbgen.tcl "
@I [HLS-100] Command 'ap_source' returned 0; elapsed 0Total elapsed time: 36.283 sec.
@I [HLS-100] Command "source /home/raghu/w/vivadoProjects/matrixMultiply/hls/mmult/solution1/.autopilot/db/mmult_top.tbgen.tcl "
@I [HLS-100] Command 'ap_source' returned 0; elapsed 0Total elapsed time: 36.284 sec.
@I [HLS-100] Command "source /home/raghu/w/vivadoProjects/matrixMultiply/hls/mmult/solution1/.autopilot/db/global.setting.tcl "
@I [HLS-100] Command 'ap_source' returned 0; elapsed 0Total elapsed time: 36.304 sec.
@I [HLS-100] Command "source /home/raghu/w/vivadoProjects/matrixMultiply/hls/mmult/solution1/.autopilot/db/global.setting.tcl "
@I [HLS-100] Command 'ap_source' returned 0; elapsed 0Total elapsed time: 36.312 sec.
@I [HLS-100] Command "source /home/raghu/w/vivadoProjects/matrixMultiply/hls/mmult/solution1/.autopilot/db/mmult_top.constraint.tcl "
@I [HLS-100] Command 'ap_source' returned 0; elapsed 0Total elapsed time: 36.312 sec.
@I [HLS-100] Command "source /home/raghu/w/vivadoProjects/matrixMultiply/hls/mmult/solution1/.autopilot/db/mmult_top.constraint.tcl "
@I [HLS-100] Command 'ap_source' returned 0; elapsed 0Total elapsed time: 36.312 sec.
@I [HLS-100] Command "source /home/raghu/tools/xilinx/Vivado_HLS/2013.3/common/technology/generic/autopilot/common.gen "
@I [HLS-100] Command "source /home/raghu/tools/xilinx/Vivado_HLS/2013.3/common/technology/generic/autopilot/APCoreGen.gen "
@I [HLS-100] Command 'ap_source' returned 0; elapsed 0Total elapsed time: 36.316 sec.
@I [HLS-100] Command 'ap_source' returned 0; elapsed 0Total elapsed time: 36.316 sec.
@I [HLS-100] Command "source /home/raghu/tools/xilinx/Vivado_HLS/2013.3/common/technology/generic/autopilot/op.gen "
@I [HLS-100] Command 'ap_source' returned 0; elapsed 0Total elapsed time: 36.317 sec.
@I [HLS-100] Command "source /home/raghu/tools/xilinx/Vivado_HLS/2013.3/common/technology/generic/autopilot/op_simcore.gen "
@I [HLS-100] Command 'ap_source' returned 0; elapsed 0Total elapsed time: 36.317 sec.
@I [HLS-100] Command "source /home/raghu/tools/xilinx/Vivado_HLS/2013.3/common/technology/generic/autopilot/interface.gen "
@I [HLS-100] Command 'ap_source' returned 0; elapsed 0Total elapsed time: 36.317 sec.
@I [HLS-100] Command "source /home/raghu/w/vivadoProjects/matrixMultiply/hls/mmult/solution1/.autopilot/db/global.setting.tcl "
@I [HLS-100] Command 'ap_source' returned 0; elapsed 0Total elapsed time: 36.318 sec.
@I [HLS-100] Command "source /home/raghu/tools/xilinx/Vivado_HLS/2013.3/common/technology/xilinx/zynq/zynq.gen "
@I [HLS-100] Command "source /home/raghu/tools/xilinx/Vivado_HLS/2013.3/common/technology/xilinx/common/virtex.gen "
@I [HLS-100] Command "source /home/raghu/tools/xilinx/Vivado_HLS/2013.3/common/technology/xilinx/common/xilinx.gen "
@I [HLS-100] Command "source /home/raghu/tools/xilinx/Vivado_HLS/2013.3/common/technology/xilinx/interface/plb46.gen "
@I [HLS-100] Command 'ap_source' returned 0; elapsed 0.01Total elapsed time: 36.319 sec.
@I [HLS-100] Command "source /home/raghu/tools/xilinx/Vivado_HLS/2013.3/common/technology/xilinx/interface/fsl.gen "
@I [HLS-100] Command 'ap_source' returned 0; elapsed 0Total elapsed time: 36.319 sec.
@I [HLS-100] Command "source /home/raghu/tools/xilinx/Vivado_HLS/2013.3/common/technology/xilinx/interface/axi4.gen "
@I [HLS-100] Command 'ap_source' returned 0; elapsed 0Total elapsed time: 36.321 sec.
@I [HLS-100] Command "source /home/raghu/tools/xilinx/Vivado_HLS/2013.3/common/technology/xilinx/scripts/xilinxcoregen.gen "
@I [HLS-100] Command 'ap_source' returned 0; elapsed 0Total elapsed time: 36.327 sec.
@I [HLS-100] Command "source /home/raghu/tools/xilinx/Vivado_HLS/2013.3/common/technology/xilinx/interface/XilEDKCoreGen.gen "
@I [HLS-100] Command 'ap_source' returned 0; elapsed 0.01Total elapsed time: 36.334 sec.
@I [HLS-100] Command "source /home/raghu/tools/xilinx/Vivado_HLS/2013.3/common/technology/xilinx/ip/util.gen "
@I [HLS-100] Command 'ap_source' returned 0; elapsed 0Total elapsed time: 36.335 sec.
@I [HLS-100] Command "source /home/raghu/tools/xilinx/Vivado_HLS/2013.3/common/technology/xilinx/ip/xfft.gen "
@I [HLS-100] Command 'ap_source' returned 0; elapsed 0.11Total elapsed time: 36.446 sec.
@I [HLS-100] Command "source /home/raghu/tools/xilinx/Vivado_HLS/2013.3/common/technology/xilinx/ip/xfir.gen "
@I [HLS-100] Command 'ap_source' returned 0; elapsed 0.02Total elapsed time: 36.467 sec.
@I [HLS-100] Command 'ap_source' returned 0; elapsed 0.15Total elapsed time: 36.467 sec.
@I [HLS-100] Command "source /home/raghu/tools/xilinx/Vivado_HLS/2013.3/common/technology/xilinx/common/dsp48.gen "
@I [HLS-100] Command 'ap_source' returned 0; elapsed 0Total elapsed time: 36.468 sec.
@I [HLS-100] Command 'ap_source' returned 0; elapsed 0.15Total elapsed time: 36.468 sec.
@I [HLS-100] Command 'ap_source' returned 0; elapsed 0.15Total elapsed time: 36.468 sec.
@I [HLS-100] Command "source /home/raghu/tools/xilinx/Vivado_HLS/2013.3/common/technology/xilinx/zynq/zynq_fpv6.gen "
@I [HLS-100] Command "source /home/raghu/tools/xilinx/Vivado_HLS/2013.3/common/technology/xilinx/common/xilinx_fpv6.gen "
@I [HLS-100] Command 'ap_source' returned 0; elapsed 0Total elapsed time: 36.469 sec.
@I [HLS-100] Command 'ap_source' returned 0; elapsed 0Total elapsed time: 36.469 sec.
@I [HLS-100] Command "source /home/raghu/w/vivadoProjects/matrixMultiply/hls/mmult/solution1/.autopilot/db/global.setting.tcl "
@I [HLS-100] Command 'ap_source' returned 0; elapsed 0Total elapsed time: 42.120 sec.
@I [HLS-100] Command "source /home/raghu/tools/xilinx/Vivado_HLS/2013.3/common/technology/generic/autopilot/common.gen "
@I [HLS-100] Command "source /home/raghu/tools/xilinx/Vivado_HLS/2013.3/common/technology/generic/autopilot/APCoreGen.gen "
@I [HLS-100] Command 'ap_source' returned 0; elapsed 0Total elapsed time: 42.124 sec.
@I [HLS-100] Command 'ap_source' returned 0; elapsed 0Total elapsed time: 42.124 sec.
@I [HLS-100] Command "source /home/raghu/tools/xilinx/Vivado_HLS/2013.3/common/technology/generic/autopilot/op.gen "
@I [HLS-100] Command 'ap_source' returned 0; elapsed 0Total elapsed time: 42.125 sec.
@I [HLS-100] Command "source /home/raghu/tools/xilinx/Vivado_HLS/2013.3/common/technology/generic/autopilot/op_simcore.gen "
@I [HLS-100] Command 'ap_source' returned 0; elapsed 0Total elapsed time: 42.126 sec.
@I [HLS-100] Command "source /home/raghu/tools/xilinx/Vivado_HLS/2013.3/common/technology/generic/autopilot/interface.gen "
@I [HLS-100] Command 'ap_source' returned 0; elapsed 0Total elapsed time: 42.126 sec.
@I [HLS-100] Command "source /home/raghu/w/vivadoProjects/matrixMultiply/hls/mmult/solution1/.autopilot/db/global.setting.tcl "
@I [HLS-100] Command 'ap_source' returned 0; elapsed 0Total elapsed time: 42.126 sec.
@I [HLS-100] Command "source /home/raghu/tools/xilinx/Vivado_HLS/2013.3/common/technology/xilinx/zynq/zynq.gen "
@I [HLS-100] Command "source /home/raghu/tools/xilinx/Vivado_HLS/2013.3/common/technology/xilinx/common/virtex.gen "
@I [HLS-100] Command "source /home/raghu/tools/xilinx/Vivado_HLS/2013.3/common/technology/xilinx/common/xilinx.gen "
@I [HLS-100] Command "source /home/raghu/tools/xilinx/Vivado_HLS/2013.3/common/technology/xilinx/interface/plb46.gen "
@I [HLS-100] Command 'ap_source' returned 0; elapsed 0Total elapsed time: 42.127 sec.
@I [HLS-100] Command "source /home/raghu/tools/xilinx/Vivado_HLS/2013.3/common/technology/xilinx/interface/fsl.gen "
@I [HLS-100] Command 'ap_source' returned 0; elapsed 0Total elapsed time: 42.128 sec.
@I [HLS-100] Command "source /home/raghu/tools/xilinx/Vivado_HLS/2013.3/common/technology/xilinx/interface/axi4.gen "
@I [HLS-100] Command 'ap_source' returned 0; elapsed 0.01Total elapsed time: 42.130 sec.
@I [HLS-100] Command "source /home/raghu/tools/xilinx/Vivado_HLS/2013.3/common/technology/xilinx/scripts/xilinxcoregen.gen "
@I [HLS-100] Command 'ap_source' returned 0; elapsed 0Total elapsed time: 42.136 sec.
@I [HLS-100] Command "source /home/raghu/tools/xilinx/Vivado_HLS/2013.3/common/technology/xilinx/interface/XilEDKCoreGen.gen "
@I [HLS-100] Command 'ap_source' returned 0; elapsed 0.01Total elapsed time: 42.143 sec.
@I [HLS-100] Command "source /home/raghu/tools/xilinx/Vivado_HLS/2013.3/common/technology/xilinx/ip/util.gen "
@I [HLS-100] Command 'ap_source' returned 0; elapsed 0Total elapsed time: 42.143 sec.
@I [HLS-100] Command "source /home/raghu/tools/xilinx/Vivado_HLS/2013.3/common/technology/xilinx/ip/xfft.gen "
@I [HLS-100] Command 'ap_source' returned 0; elapsed 0.11Total elapsed time: 42.256 sec.
@I [HLS-100] Command "source /home/raghu/tools/xilinx/Vivado_HLS/2013.3/common/technology/xilinx/ip/xfir.gen "
@I [HLS-100] Command 'ap_source' returned 0; elapsed 0.02Total elapsed time: 42.278 sec.
@I [HLS-100] Command 'ap_source' returned 0; elapsed 0.15Total elapsed time: 42.278 sec.
@I [HLS-100] Command "source /home/raghu/tools/xilinx/Vivado_HLS/2013.3/common/technology/xilinx/common/dsp48.gen "
@I [HLS-100] Command 'ap_source' returned 0; elapsed 0Total elapsed time: 42.279 sec.
@I [HLS-100] Command 'ap_source' returned 0; elapsed 0.15Total elapsed time: 42.279 sec.
@I [HLS-100] Command 'ap_source' returned 0; elapsed 0.15Total elapsed time: 42.279 sec.
@I [HLS-100] Command "source /home/raghu/tools/xilinx/Vivado_HLS/2013.3/common/technology/xilinx/zynq/zynq_fpv6.gen "
@I [HLS-100] Command "source /home/raghu/tools/xilinx/Vivado_HLS/2013.3/common/technology/xilinx/common/xilinx_fpv6.gen "
@I [HLS-100] Command 'ap_source' returned 0; elapsed 0Total elapsed time: 42.280 sec.
@I [HLS-100] Command 'ap_source' returned 0; elapsed 0Total elapsed time: 42.280 sec.
@I [HLS-100] Command "source /home/raghu/w/vivadoProjects/matrixMultiply/hls/mmult/solution1/.autopilot/db/global.setting.tcl "
@I [HLS-100] Command 'ap_source' returned 0; elapsed 0Total elapsed time: 42.280 sec.
@I [HLS-100] Command "source /home/raghu/w/vivadoProjects/matrixMultiply/hls/mmult/solution1/.autopilot/db/global.setting.tcl "
@I [HLS-100] Command 'ap_source' returned 0; elapsed 0Total elapsed time: 42.281 sec.
@I [HLS-100] Command "source /home/raghu/w/vivadoProjects/matrixMultiply/hls/mmult/solution1/.autopilot/db/global.setting.tcl "
@I [HLS-100] Command 'ap_source' returned 0; elapsed 0Total elapsed time: 42.283 sec.
@I [HLS-100] Command "source /home/raghu/tools/xilinx/Vivado_HLS/2013.3/common/technology/generic/autopilot/common.gen "
@I [HLS-100] Command "source /home/raghu/tools/xilinx/Vivado_HLS/2013.3/common/technology/generic/autopilot/APCoreGen.gen "
@I [HLS-100] Command 'ap_source' returned 0; elapsed 0Total elapsed time: 42.284 sec.
@I [HLS-100] Command 'ap_source' returned 0; elapsed 0Total elapsed time: 42.284 sec.
@I [HLS-100] Command "source /home/raghu/tools/xilinx/Vivado_HLS/2013.3/common/technology/generic/autopilot/op.gen "
@I [HLS-100] Command 'ap_source' returned 0; elapsed 0Total elapsed time: 42.284 sec.
@I [HLS-100] Command "source /home/raghu/tools/xilinx/Vivado_HLS/2013.3/common/technology/generic/autopilot/op_simcore.gen "
@I [HLS-100] Command 'ap_source' returned 0; elapsed 0.01Total elapsed time: 42.285 sec.
@I [HLS-100] Command "source /home/raghu/tools/xilinx/Vivado_HLS/2013.3/common/technology/generic/autopilot/interface.gen "
@I [HLS-100] Command 'ap_source' returned 0; elapsed 0Total elapsed time: 42.285 sec.
@I [HLS-100] Command "source /home/raghu/w/vivadoProjects/matrixMultiply/hls/mmult/solution1/.autopilot/db/global.setting.tcl "
@I [HLS-100] Command 'ap_source' returned 0; elapsed 0Total elapsed time: 42.285 sec.
@I [HLS-100] Command "source /home/raghu/tools/xilinx/Vivado_HLS/2013.3/common/technology/xilinx/zynq/zynq.gen "
@I [HLS-100] Command "source /home/raghu/tools/xilinx/Vivado_HLS/2013.3/common/technology/xilinx/common/virtex.gen "
@I [HLS-100] Command "source /home/raghu/tools/xilinx/Vivado_HLS/2013.3/common/technology/xilinx/common/xilinx.gen "
@I [HLS-100] Command "source /home/raghu/tools/xilinx/Vivado_HLS/2013.3/common/technology/xilinx/interface/plb46.gen "
@I [HLS-100] Command 'ap_source' returned 0; elapsed 0Total elapsed time: 42.286 sec.
@I [HLS-100] Command "source /home/raghu/tools/xilinx/Vivado_HLS/2013.3/common/technology/xilinx/interface/fsl.gen "
@I [HLS-100] Command 'ap_source' returned 0; elapsed 0Total elapsed time: 42.287 sec.
@I [HLS-100] Command "source /home/raghu/tools/xilinx/Vivado_HLS/2013.3/common/technology/xilinx/interface/axi4.gen "
@I [HLS-100] Command 'ap_source' returned 0; elapsed 0Total elapsed time: 42.289 sec.
@I [HLS-100] Command "source /home/raghu/tools/xilinx/Vivado_HLS/2013.3/common/technology/xilinx/scripts/xilinxcoregen.gen "
@I [HLS-100] Command 'ap_source' returned 0; elapsed 0.01Total elapsed time: 42.294 sec.
@I [HLS-100] Command "source /home/raghu/tools/xilinx/Vivado_HLS/2013.3/common/technology/xilinx/interface/XilEDKCoreGen.gen "
@I [HLS-100] Command 'ap_source' returned 0; elapsed 0Total elapsed time: 42.301 sec.
@I [HLS-100] Command "source /home/raghu/tools/xilinx/Vivado_HLS/2013.3/common/technology/xilinx/ip/util.gen "
@I [HLS-100] Command 'ap_source' returned 0; elapsed 0Total elapsed time: 42.302 sec.
@I [HLS-100] Command "source /home/raghu/tools/xilinx/Vivado_HLS/2013.3/common/technology/xilinx/ip/xfft.gen "
@I [HLS-100] Command 'ap_source' returned 0; elapsed 0.11Total elapsed time: 42.413 sec.
@I [HLS-100] Command "source /home/raghu/tools/xilinx/Vivado_HLS/2013.3/common/technology/xilinx/ip/xfir.gen "
@I [HLS-100] Command 'ap_source' returned 0; elapsed 0.03Total elapsed time: 42.434 sec.
@I [HLS-100] Command 'ap_source' returned 0; elapsed 0.15Total elapsed time: 42.434 sec.
@I [HLS-100] Command "source /home/raghu/tools/xilinx/Vivado_HLS/2013.3/common/technology/xilinx/common/dsp48.gen "
@I [HLS-100] Command 'ap_source' returned 0; elapsed 0Total elapsed time: 42.435 sec.
@I [HLS-100] Command 'ap_source' returned 0; elapsed 0.15Total elapsed time: 42.435 sec.
@I [HLS-100] Command 'ap_source' returned 0; elapsed 0.15Total elapsed time: 42.435 sec.
@I [HLS-100] Command "source /home/raghu/tools/xilinx/Vivado_HLS/2013.3/common/technology/xilinx/zynq/zynq_fpv6.gen "
@I [HLS-100] Command "source /home/raghu/tools/xilinx/Vivado_HLS/2013.3/common/technology/xilinx/common/xilinx_fpv6.gen "
@I [HLS-100] Command 'ap_source' returned 0; elapsed 0Total elapsed time: 42.436 sec.
@I [HLS-100] Command 'ap_source' returned 0; elapsed 0Total elapsed time: 42.436 sec.
@I [HLS-100] Command "source /home/raghu/w/vivadoProjects/matrixMultiply/hls/mmult/solution1/.autopilot/db/mmult_top.compgen.tcl "
@I [HLS-100] Command 'ap_source' returned 0; elapsed 0Total elapsed time: 42.436 sec.
@I [HLS-100] Command "source /home/raghu/w/vivadoProjects/matrixMultiply/hls/mmult/solution1/.autopilot/db/global.setting.tcl "
@I [HLS-100] Command 'ap_source' returned 0; elapsed 0Total elapsed time: 42.451 sec.
@I [HLS-100] Command "source /home/raghu/w/vivadoProjects/matrixMultiply/hls/mmult/solution1/.autopilot/db/mmult_top.constraint.tcl "
@I [HLS-100] Command 'ap_source' returned 0; elapsed 0Total elapsed time: 42.452 sec.
@I [HLS-100] Command "source /home/raghu/tools/xilinx/Vivado_HLS/2013.3/common/technology/generic/autopilot/common.gen "
@I [HLS-100] Command "source /home/raghu/tools/xilinx/Vivado_HLS/2013.3/common/technology/generic/autopilot/APCoreGen.gen "
@I [HLS-100] Command 'ap_source' returned 0; elapsed 0Total elapsed time: 42.453 sec.
@I [HLS-100] Command 'ap_source' returned 0; elapsed 0Total elapsed time: 42.453 sec.
@I [HLS-100] Command "source /home/raghu/tools/xilinx/Vivado_HLS/2013.3/common/technology/generic/autopilot/op.gen "
@I [HLS-100] Command 'ap_source' returned 0; elapsed 0Total elapsed time: 42.453 sec.
@I [HLS-100] Command "source /home/raghu/tools/xilinx/Vivado_HLS/2013.3/common/technology/generic/autopilot/op_simcore.gen "
@I [HLS-100] Command 'ap_source' returned 0; elapsed 0Total elapsed time: 42.454 sec.
@I [HLS-100] Command "source /home/raghu/tools/xilinx/Vivado_HLS/2013.3/common/technology/generic/autopilot/interface.gen "
@I [HLS-100] Command 'ap_source' returned 0; elapsed 0Total elapsed time: 42.454 sec.
@I [HLS-100] Command "source /home/raghu/w/vivadoProjects/matrixMultiply/hls/mmult/solution1/.autopilot/db/global.setting.tcl "
@I [HLS-100] Command 'ap_source' returned 0; elapsed 0Total elapsed time: 42.454 sec.
@I [HLS-100] Command "source /home/raghu/tools/xilinx/Vivado_HLS/2013.3/common/technology/xilinx/zynq/zynq.gen "
@I [HLS-100] Command "source /home/raghu/tools/xilinx/Vivado_HLS/2013.3/common/technology/xilinx/common/virtex.gen "
@I [HLS-100] Command "source /home/raghu/tools/xilinx/Vivado_HLS/2013.3/common/technology/xilinx/common/xilinx.gen "
@I [HLS-100] Command "source /home/raghu/tools/xilinx/Vivado_HLS/2013.3/common/technology/xilinx/interface/plb46.gen "
@I [HLS-100] Command 'ap_source' returned 0; elapsed 0Total elapsed time: 42.456 sec.
@I [HLS-100] Command "source /home/raghu/tools/xilinx/Vivado_HLS/2013.3/common/technology/xilinx/interface/fsl.gen "
@I [HLS-100] Command 'ap_source' returned 0; elapsed 0Total elapsed time: 42.456 sec.
@I [HLS-100] Command "source /home/raghu/tools/xilinx/Vivado_HLS/2013.3/common/technology/xilinx/interface/axi4.gen "
@I [HLS-100] Command 'ap_source' returned 0; elapsed 0.01Total elapsed time: 42.458 sec.
@I [HLS-100] Command "source /home/raghu/tools/xilinx/Vivado_HLS/2013.3/common/technology/xilinx/scripts/xilinxcoregen.gen "
@I [HLS-100] Command 'ap_source' returned 0; elapsed 0Total elapsed time: 42.464 sec.
@I [HLS-100] Command "source /home/raghu/tools/xilinx/Vivado_HLS/2013.3/common/technology/xilinx/interface/XilEDKCoreGen.gen "
@I [HLS-100] Command 'ap_source' returned 0; elapsed 0.01Total elapsed time: 42.471 sec.
@I [HLS-100] Command "source /home/raghu/tools/xilinx/Vivado_HLS/2013.3/common/technology/xilinx/ip/util.gen "
@I [HLS-100] Command 'ap_source' returned 0; elapsed 0Total elapsed time: 42.471 sec.
@I [HLS-100] Command "source /home/raghu/tools/xilinx/Vivado_HLS/2013.3/common/technology/xilinx/ip/xfft.gen "
@I [HLS-100] Command 'ap_source' returned 0; elapsed 0.11Total elapsed time: 42.581 sec.
@I [HLS-100] Command "source /home/raghu/tools/xilinx/Vivado_HLS/2013.3/common/technology/xilinx/ip/xfir.gen "
@I [HLS-100] Command 'ap_source' returned 0; elapsed 0.02Total elapsed time: 42.602 sec.
@I [HLS-100] Command 'ap_source' returned 0; elapsed 0.15Total elapsed time: 42.602 sec.
@I [HLS-100] Command "source /home/raghu/tools/xilinx/Vivado_HLS/2013.3/common/technology/xilinx/common/dsp48.gen "
@I [HLS-100] Command 'ap_source' returned 0; elapsed 0Total elapsed time: 42.603 sec.
@I [HLS-100] Command 'ap_source' returned 0; elapsed 0.15Total elapsed time: 42.603 sec.
@I [HLS-100] Command 'ap_source' returned 0; elapsed 0.15Total elapsed time: 42.603 sec.
@I [HLS-100] Command "source /home/raghu/tools/xilinx/Vivado_HLS/2013.3/common/technology/xilinx/zynq/zynq_fpv6.gen "
@I [HLS-100] Command "source /home/raghu/tools/xilinx/Vivado_HLS/2013.3/common/technology/xilinx/common/xilinx_fpv6.gen "
@I [HLS-100] Command 'ap_source' returned 0; elapsed 0Total elapsed time: 42.604 sec.
@I [HLS-100] Command 'ap_source' returned 0; elapsed 0Total elapsed time: 42.604 sec.
@I [HLS-100] Command "source /home/raghu/w/vivadoProjects/matrixMultiply/hls/mmult/solution1/.autopilot/db/global.setting.tcl "
@I [HLS-100] Command 'ap_source' returned 0; elapsed 0Total elapsed time: 47.892 sec.
@I [HLS-100] Command "source /home/raghu/tools/xilinx/Vivado_HLS/2013.3/common/technology/generic/autopilot/common.gen "
@I [HLS-100] Command "source /home/raghu/tools/xilinx/Vivado_HLS/2013.3/common/technology/generic/autopilot/APCoreGen.gen "
@I [HLS-100] Command 'ap_source' returned 0; elapsed 0.01Total elapsed time: 47.896 sec.
@I [HLS-100] Command 'ap_source' returned 0; elapsed 0.01Total elapsed time: 47.897 sec.
@I [HLS-100] Command "source /home/raghu/tools/xilinx/Vivado_HLS/2013.3/common/technology/generic/autopilot/op.gen "
@I [HLS-100] Command 'ap_source' returned 0; elapsed 0Total elapsed time: 47.897 sec.
@I [HLS-100] Command "source /home/raghu/tools/xilinx/Vivado_HLS/2013.3/common/technology/generic/autopilot/op_simcore.gen "
@I [HLS-100] Command 'ap_source' returned 0; elapsed 0Total elapsed time: 47.898 sec.
@I [HLS-100] Command "source /home/raghu/tools/xilinx/Vivado_HLS/2013.3/common/technology/generic/autopilot/interface.gen "
@I [HLS-100] Command 'ap_source' returned 0; elapsed 0Total elapsed time: 47.898 sec.
@I [HLS-100] Command "source /home/raghu/w/vivadoProjects/matrixMultiply/hls/mmult/solution1/.autopilot/db/global.setting.tcl "
@I [HLS-100] Command 'ap_source' returned 0; elapsed 0Total elapsed time: 47.898 sec.
@I [HLS-100] Command "source /home/raghu/tools/xilinx/Vivado_HLS/2013.3/common/technology/xilinx/zynq/zynq.gen "
@I [HLS-100] Command "source /home/raghu/tools/xilinx/Vivado_HLS/2013.3/common/technology/xilinx/common/virtex.gen "
@I [HLS-100] Command "source /home/raghu/tools/xilinx/Vivado_HLS/2013.3/common/technology/xilinx/common/xilinx.gen "
@I [HLS-100] Command "source /home/raghu/tools/xilinx/Vivado_HLS/2013.3/common/technology/xilinx/interface/plb46.gen "
@I [HLS-100] Command 'ap_source' returned 0; elapsed 0Total elapsed time: 47.899 sec.
@I [HLS-100] Command "source /home/raghu/tools/xilinx/Vivado_HLS/2013.3/common/technology/xilinx/interface/fsl.gen "
@I [HLS-100] Command 'ap_source' returned 0; elapsed 0Total elapsed time: 47.900 sec.
@I [HLS-100] Command "source /home/raghu/tools/xilinx/Vivado_HLS/2013.3/common/technology/xilinx/interface/axi4.gen "
@I [HLS-100] Command 'ap_source' returned 0; elapsed 0Total elapsed time: 47.902 sec.
@I [HLS-100] Command "source /home/raghu/tools/xilinx/Vivado_HLS/2013.3/common/technology/xilinx/scripts/xilinxcoregen.gen "
@I [HLS-100] Command 'ap_source' returned 0; elapsed 0.01Total elapsed time: 47.908 sec.
@I [HLS-100] Command "source /home/raghu/tools/xilinx/Vivado_HLS/2013.3/common/technology/xilinx/interface/XilEDKCoreGen.gen "
@I [HLS-100] Command 'ap_source' returned 0; elapsed 0Total elapsed time: 47.915 sec.
@I [HLS-100] Command "source /home/raghu/tools/xilinx/Vivado_HLS/2013.3/common/technology/xilinx/ip/util.gen "
@I [HLS-100] Command 'ap_source' returned 0; elapsed 0Total elapsed time: 47.916 sec.
@I [HLS-100] Command "source /home/raghu/tools/xilinx/Vivado_HLS/2013.3/common/technology/xilinx/ip/xfft.gen "
@I [HLS-100] Command 'ap_source' returned 0; elapsed 0.12Total elapsed time: 48.27 sec.
@I [HLS-100] Command "source /home/raghu/tools/xilinx/Vivado_HLS/2013.3/common/technology/xilinx/ip/xfir.gen "
@I [HLS-100] Command 'ap_source' returned 0; elapsed 0.03Total elapsed time: 48.49 sec.
@I [HLS-100] Command 'ap_source' returned 0; elapsed 0.16Total elapsed time: 48.49 sec.
@I [HLS-100] Command "source /home/raghu/tools/xilinx/Vivado_HLS/2013.3/common/technology/xilinx/common/dsp48.gen "
@I [HLS-100] Command 'ap_source' returned 0; elapsed 0Total elapsed time: 48.50 sec.
@I [HLS-100] Command 'ap_source' returned 0; elapsed 0.16Total elapsed time: 48.50 sec.
@I [HLS-100] Command 'ap_source' returned 0; elapsed 0.16Total elapsed time: 48.50 sec.
@I [HLS-100] Command "source /home/raghu/tools/xilinx/Vivado_HLS/2013.3/common/technology/xilinx/zynq/zynq_fpv6.gen "
@I [HLS-100] Command "source /home/raghu/tools/xilinx/Vivado_HLS/2013.3/common/technology/xilinx/common/xilinx_fpv6.gen "
@I [HLS-100] Command 'ap_source' returned 0; elapsed 0Total elapsed time: 48.51 sec.
@I [HLS-100] Command 'ap_source' returned 0; elapsed 0Total elapsed time: 48.51 sec.
@I [HLS-100] Command "source /home/raghu/w/vivadoProjects/matrixMultiply/hls/mmult/solution1/.autopilot/db/global.setting.tcl "
@I [HLS-100] Command 'ap_source' returned 0; elapsed 0Total elapsed time: 48.51 sec.
@I [HLS-100] Command "source /home/raghu/w/vivadoProjects/matrixMultiply/hls/mmult/solution1/.autopilot/db/global.setting.tcl "
@I [HLS-100] Command 'ap_source' returned 0; elapsed 0Total elapsed time: 48.52 sec.
@I [HLS-100] Command "source /home/raghu/w/vivadoProjects/matrixMultiply/hls/mmult/solution1/.autopilot/db/global.setting.tcl "
@I [HLS-100] Command 'ap_source' returned 0; elapsed 0Total elapsed time: 48.53 sec.
@I [HLS-100] Command "source /home/raghu/tools/xilinx/Vivado_HLS/2013.3/common/technology/generic/autopilot/common.gen "
@I [HLS-100] Command "source /home/raghu/tools/xilinx/Vivado_HLS/2013.3/common/technology/generic/autopilot/APCoreGen.gen "
@I [HLS-100] Command 'ap_source' returned 0; elapsed 0Total elapsed time: 48.54 sec.
@I [HLS-100] Command 'ap_source' returned 0; elapsed 0Total elapsed time: 48.55 sec.
@I [HLS-100] Command "source /home/raghu/tools/xilinx/Vivado_HLS/2013.3/common/technology/generic/autopilot/op.gen "
@I [HLS-100] Command 'ap_source' returned 0; elapsed 0Total elapsed time: 48.55 sec.
@I [HLS-100] Command "source /home/raghu/tools/xilinx/Vivado_HLS/2013.3/common/technology/generic/autopilot/op_simcore.gen "
@I [HLS-100] Command 'ap_source' returned 0; elapsed 0Total elapsed time: 48.56 sec.
@I [HLS-100] Command "source /home/raghu/tools/xilinx/Vivado_HLS/2013.3/common/technology/generic/autopilot/interface.gen "
@I [HLS-100] Command 'ap_source' returned 0; elapsed 0Total elapsed time: 48.56 sec.
@I [HLS-100] Command "source /home/raghu/w/vivadoProjects/matrixMultiply/hls/mmult/solution1/.autopilot/db/global.setting.tcl "
@I [HLS-100] Command 'ap_source' returned 0; elapsed 0Total elapsed time: 48.56 sec.
@I [HLS-100] Command "source /home/raghu/tools/xilinx/Vivado_HLS/2013.3/common/technology/xilinx/zynq/zynq.gen "
@I [HLS-100] Command "source /home/raghu/tools/xilinx/Vivado_HLS/2013.3/common/technology/xilinx/common/virtex.gen "
@I [HLS-100] Command "source /home/raghu/tools/xilinx/Vivado_HLS/2013.3/common/technology/xilinx/common/xilinx.gen "
@I [HLS-100] Command "source /home/raghu/tools/xilinx/Vivado_HLS/2013.3/common/technology/xilinx/interface/plb46.gen "
@I [HLS-100] Command 'ap_source' returned 0; elapsed 0Total elapsed time: 48.57 sec.
@I [HLS-100] Command "source /home/raghu/tools/xilinx/Vivado_HLS/2013.3/common/technology/xilinx/interface/fsl.gen "
@I [HLS-100] Command 'ap_source' returned 0; elapsed 0Total elapsed time: 48.58 sec.
@I [HLS-100] Command "source /home/raghu/tools/xilinx/Vivado_HLS/2013.3/common/technology/xilinx/interface/axi4.gen "
@I [HLS-100] Command 'ap_source' returned 0; elapsed 0Total elapsed time: 48.60 sec.
@I [HLS-100] Command "source /home/raghu/tools/xilinx/Vivado_HLS/2013.3/common/technology/xilinx/scripts/xilinxcoregen.gen "
@I [HLS-100] Command 'ap_source' returned 0; elapsed 0.01Total elapsed time: 48.65 sec.
@I [HLS-100] Command "source /home/raghu/tools/xilinx/Vivado_HLS/2013.3/common/technology/xilinx/interface/XilEDKCoreGen.gen "
@I [HLS-100] Command 'ap_source' returned 0; elapsed 0.01Total elapsed time: 48.72 sec.
@I [HLS-100] Command "source /home/raghu/tools/xilinx/Vivado_HLS/2013.3/common/technology/xilinx/ip/util.gen "
@I [HLS-100] Command 'ap_source' returned 0; elapsed 0Total elapsed time: 48.72 sec.
@I [HLS-100] Command "source /home/raghu/tools/xilinx/Vivado_HLS/2013.3/common/technology/xilinx/ip/xfft.gen "
@I [HLS-100] Command 'ap_source' returned 0; elapsed 0.11Total elapsed time: 48.182 sec.
@I [HLS-100] Command "source /home/raghu/tools/xilinx/Vivado_HLS/2013.3/common/technology/xilinx/ip/xfir.gen "
@I [HLS-100] Command 'ap_source' returned 0; elapsed 0.02Total elapsed time: 48.203 sec.
@I [HLS-100] Command 'ap_source' returned 0; elapsed 0.15Total elapsed time: 48.203 sec.
@I [HLS-100] Command "source /home/raghu/tools/xilinx/Vivado_HLS/2013.3/common/technology/xilinx/common/dsp48.gen "
@I [HLS-100] Command 'ap_source' returned 0; elapsed 0Total elapsed time: 48.204 sec.
@I [HLS-100] Command 'ap_source' returned 0; elapsed 0.15Total elapsed time: 48.204 sec.
@I [HLS-100] Command 'ap_source' returned 0; elapsed 0.15Total elapsed time: 48.204 sec.
@I [HLS-100] Command "source /home/raghu/tools/xilinx/Vivado_HLS/2013.3/common/technology/xilinx/zynq/zynq_fpv6.gen "
@I [HLS-100] Command "source /home/raghu/tools/xilinx/Vivado_HLS/2013.3/common/technology/xilinx/common/xilinx_fpv6.gen "
@I [HLS-100] Command 'ap_source' returned 0; elapsed 0Total elapsed time: 48.205 sec.
@I [HLS-100] Command 'ap_source' returned 0; elapsed 0Total elapsed time: 48.205 sec.
@I [HLS-100] Command "source /home/raghu/w/vivadoProjects/matrixMultiply/hls/mmult/solution1/.autopilot/db/mmult_top.compgen.tcl "
@I [HLS-100] Command 'ap_source' returned 0; elapsed 0Total elapsed time: 48.206 sec.
@I [HLS-100] Command "source /home/raghu/w/vivadoProjects/matrixMultiply/hls/mmult/solution1/.autopilot/db/global.setting.tcl "
@I [HLS-100] Command 'ap_source' returned 0; elapsed 0Total elapsed time: 48.221 sec.
@I [HLS-100] Command "source /home/raghu/w/vivadoProjects/matrixMultiply/hls/mmult/solution1/.autopilot/db/mmult_top.constraint.tcl "
@I [HLS-100] Command 'ap_source' returned 0; elapsed 0Total elapsed time: 48.221 sec.
@I [HLS-100] Command "source /home/raghu/tools/xilinx/Vivado_HLS/2013.3/common/technology/generic/autopilot/common.gen "
@I [HLS-100] Command "source /home/raghu/tools/xilinx/Vivado_HLS/2013.3/common/technology/generic/autopilot/APCoreGen.gen "
@I [HLS-100] Command 'ap_source' returned 0; elapsed 0Total elapsed time: 48.222 sec.
@I [HLS-100] Command 'ap_source' returned 0; elapsed 0Total elapsed time: 48.223 sec.
@I [HLS-100] Command "source /home/raghu/tools/xilinx/Vivado_HLS/2013.3/common/technology/generic/autopilot/op.gen "
@I [HLS-100] Command 'ap_source' returned 0; elapsed 0Total elapsed time: 48.223 sec.
@I [HLS-100] Command "source /home/raghu/tools/xilinx/Vivado_HLS/2013.3/common/technology/generic/autopilot/op_simcore.gen "
@I [HLS-100] Command 'ap_source' returned 0; elapsed 0Total elapsed time: 48.224 sec.
@I [HLS-100] Command "source /home/raghu/tools/xilinx/Vivado_HLS/2013.3/common/technology/generic/autopilot/interface.gen "
@I [HLS-100] Command 'ap_source' returned 0; elapsed 0Total elapsed time: 48.224 sec.
@I [HLS-100] Command "source /home/raghu/w/vivadoProjects/matrixMultiply/hls/mmult/solution1/.autopilot/db/global.setting.tcl "
@I [HLS-100] Command 'ap_source' returned 0; elapsed 0Total elapsed time: 48.224 sec.
@I [HLS-100] Command "source /home/raghu/tools/xilinx/Vivado_HLS/2013.3/common/technology/xilinx/zynq/zynq.gen "
@I [HLS-100] Command "source /home/raghu/tools/xilinx/Vivado_HLS/2013.3/common/technology/xilinx/common/virtex.gen "
@I [HLS-100] Command "source /home/raghu/tools/xilinx/Vivado_HLS/2013.3/common/technology/xilinx/common/xilinx.gen "
@I [HLS-100] Command "source /home/raghu/tools/xilinx/Vivado_HLS/2013.3/common/technology/xilinx/interface/plb46.gen "
@I [HLS-100] Command 'ap_source' returned 0; elapsed 0.01Total elapsed time: 48.225 sec.
@I [HLS-100] Command "source /home/raghu/tools/xilinx/Vivado_HLS/2013.3/common/technology/xilinx/interface/fsl.gen "
@I [HLS-100] Command 'ap_source' returned 0; elapsed 0Total elapsed time: 48.225 sec.
@I [HLS-100] Command "source /home/raghu/tools/xilinx/Vivado_HLS/2013.3/common/technology/xilinx/interface/axi4.gen "
@I [HLS-100] Command 'ap_source' returned 0; elapsed 0Total elapsed time: 48.227 sec.
@I [HLS-100] Command "source /home/raghu/tools/xilinx/Vivado_HLS/2013.3/common/technology/xilinx/scripts/xilinxcoregen.gen "
@I [HLS-100] Command 'ap_source' returned 0; elapsed 0.01Total elapsed time: 48.233 sec.
@I [HLS-100] Command "source /home/raghu/tools/xilinx/Vivado_HLS/2013.3/common/technology/xilinx/interface/XilEDKCoreGen.gen "
@I [HLS-100] Command 'ap_source' returned 0; elapsed 0Total elapsed time: 48.240 sec.
@I [HLS-100] Command "source /home/raghu/tools/xilinx/Vivado_HLS/2013.3/common/technology/xilinx/ip/util.gen "
@I [HLS-100] Command 'ap_source' returned 0; elapsed 0Total elapsed time: 48.240 sec.
@I [HLS-100] Command "source /home/raghu/tools/xilinx/Vivado_HLS/2013.3/common/technology/xilinx/ip/xfft.gen "
@I [HLS-100] Command 'ap_source' returned 0; elapsed 0.11Total elapsed time: 48.351 sec.
@I [HLS-100] Command "source /home/raghu/tools/xilinx/Vivado_HLS/2013.3/common/technology/xilinx/ip/xfir.gen "
@I [HLS-100] Command 'ap_source' returned 0; elapsed 0.02Total elapsed time: 48.373 sec.
@I [HLS-100] Command 'ap_source' returned 0; elapsed 0.15Total elapsed time: 48.373 sec.
@I [HLS-100] Command "source /home/raghu/tools/xilinx/Vivado_HLS/2013.3/common/technology/xilinx/common/dsp48.gen "
@I [HLS-100] Command 'ap_source' returned 0; elapsed 0Total elapsed time: 48.374 sec.
@I [HLS-100] Command 'ap_source' returned 0; elapsed 0.16Total elapsed time: 48.374 sec.
@I [HLS-100] Command 'ap_source' returned 0; elapsed 0.16Total elapsed time: 48.374 sec.
@I [HLS-100] Command "source /home/raghu/tools/xilinx/Vivado_HLS/2013.3/common/technology/xilinx/zynq/zynq_fpv6.gen "
@I [HLS-100] Command "source /home/raghu/tools/xilinx/Vivado_HLS/2013.3/common/technology/xilinx/common/xilinx_fpv6.gen "
@I [HLS-100] Command 'ap_source' returned 0; elapsed 0Total elapsed time: 48.375 sec.
@I [HLS-100] Command 'ap_source' returned 0; elapsed 0Total elapsed time: 48.375 sec.
@I [HLS-100] Command 'export_design' returned 0; elapsed 1.64Total elapsed time: 53.458 sec.
@I [HLS-100] Command "cleanup_all "
@I [HLS-100] Command 'cleanup_all' returned 0; elapsed 0.04Total elapsed time: 53.507 sec.
